Log file open, 07/16/19 14:17:53
LogWindows: Failed to load 'aqProf.dll' (GetLastError=126)
LogWindows: File 'aqProf.dll' does not exist
LogWindows: Failed to load 'VtuneApi.dll' (GetLastError=126)
LogWindows: File 'VtuneApi.dll' does not exist
LogWindows: Failed to load 'VtuneApi32e.dll' (GetLastError=126)
LogWindows: File 'VtuneApi32e.dll' does not exist
LogConsoleResponse: Display: Failed to find resolution value strings in scalability ini. Falling back to default.
LogInit: Display: Running engine for game: MajorProject
LogPakFile: Registered encryption key '00000000000000000000000000000000': 0 pak files mounted, 0 remain pending
LogPlatformFile: Not using cached read wrapper
LogTaskGraph: Started task graph with 5 named threads and 23 total threads with 3 sets of task threads.
LogStats: Stats thread started at 0.268465
LogD3D11RHI: Loaded GFSDK_Aftermath_Lib.x64.dll
LogICUInternationalization: ICU TimeZone Detection - Raw Offset: +1:00, Platform Override: ''
LogPluginManager: Mounting plugin Paper2D
LogPluginManager: Mounting plugin AISupport
LogPluginManager: Mounting plugin LightPropagationVolume
LogPluginManager: Mounting plugin ActorLayerUtilities
LogPluginManager: Mounting plugin AnimationSharing
LogPluginManager: Mounting plugin CLionSourceCodeAccess
LogPluginManager: Mounting plugin CodeLiteSourceCodeAccess
LogPluginManager: Mounting plugin GitSourceControl
LogPluginManager: Mounting plugin KDevelopSourceCodeAccess
LogPluginManager: Mounting plugin NullSourceCodeAccess
LogPluginManager: Mounting plugin PerforceSourceControl
LogPluginManager: Mounting plugin SubversionSourceControl
LogPluginManager: Mounting plugin UObjectPlugin
LogPluginManager: Mounting plugin VisualStudioCodeSourceCodeAccess
LogPluginManager: Mounting plugin VisualStudioSourceCodeAccess
LogPluginManager: Mounting plugin XCodeSourceCodeAccess
LogPluginManager: Mounting plugin AssetManagerEditor
LogPluginManager: Mounting plugin CryptoKeys
LogPluginManager: Mounting plugin DataValidation
LogPluginManager: Mounting plugin FacialAnimation
LogPluginManager: Mounting plugin GameplayTagsEditor
LogPluginManager: Mounting plugin MacGraphicsSwitching
LogPluginManager: Mounting plugin MaterialAnalyzer
LogPluginManager: Mounting plugin MobileLauncherProfileWizard
LogPluginManager: Mounting plugin PluginBrowser
LogPluginManager: Mounting plugin SpeedTreeImporter
LogPluginManager: Mounting plugin DatasmithContent
LogPluginManager: Mounting plugin VariantManagerContent
LogPluginManager: Mounting plugin AlembicImporter
LogPluginManager: Mounting plugin AppleImageUtils
LogPluginManager: Mounting plugin AppleVision
LogPluginManager: Mounting plugin BackChannel
LogPluginManager: Mounting plugin CharacterAI
LogPluginManager: Mounting plugin GeometryCache
LogPluginManager: Mounting plugin HTML5Networking
LogPluginManager: Mounting plugin ProxyLODPlugin
LogPluginManager: Mounting plugin SkeletalReduction
LogPluginManager: Mounting plugin MagicLeap
LogPluginManager: Mounting plugin MagicLeapMedia
LogPluginManager: Mounting plugin PathFollow
LogPluginManager: Mounting plugin AndroidMedia
LogPluginManager: Mounting plugin AvfMedia
LogPluginManager: Mounting plugin ImgMedia
LogPluginManager: Mounting plugin LinearTimecode
LogPluginManager: Mounting plugin MediaCompositing
LogPluginManager: Mounting plugin MediaPlayerEditor
LogPluginManager: Mounting plugin WebMMedia
LogPluginManager: Mounting plugin WmfMedia
LogPluginManager: Mounting plugin TcpMessaging
LogPluginManager: Mounting plugin UdpMessaging
LogPluginManager: Mounting plugin ActorSequence
LogPluginManager: Mounting plugin LevelSequenceEditor
LogPluginManager: Mounting plugin MatineeToLevelSequence
LogPluginManager: Mounting plugin NetcodeUnitTest
LogPluginManager: Mounting plugin NUTUnrealEngine4
LogPluginManager: Mounting plugin OnlineSubsystemGooglePlay
LogPluginManager: Mounting plugin OnlineSubsystemIOS
LogPluginManager: Mounting plugin OnlineSubsystem
LogPluginManager: Mounting plugin OnlineSubsystemNull
LogPluginManager: Mounting plugin OnlineSubsystemUtils
LogPluginManager: Mounting plugin LauncherChunkInstaller
LogPluginManager: Mounting plugin AndroidDeviceProfileSelector
LogPluginManager: Mounting plugin AndroidMoviePlayer
LogPluginManager: Mounting plugin AndroidPermission
LogPluginManager: Mounting plugin AppleMoviePlayer
LogPluginManager: Mounting plugin ArchVisCharacter
LogPluginManager: Mounting plugin AudioCapture
LogPluginManager: Mounting plugin CableComponent
LogPluginManager: Mounting plugin CustomMeshComponent
LogPluginManager: Mounting plugin EditableMesh
LogPluginManager: Mounting plugin ExampleDeviceProfileSelector
LogPluginManager: Mounting plugin Firebase
LogPluginManager: Mounting plugin GoogleCloudMessaging
LogPluginManager: Mounting plugin IOSDeviceProfileSelector
LogPluginManager: Mounting plugin LinuxDeviceProfileSelector
LogPluginManager: Mounting plugin LocationServicesBPLibrary
LogPluginManager: Mounting plugin MobilePatchingUtils
LogPluginManager: Mounting plugin OculusVR
LogPluginManager: Mounting plugin PhysXVehicles
LogPluginManager: Mounting plugin ProceduralMeshComponent
LogPluginManager: Mounting plugin RuntimePhysXCooking
LogPluginManager: Mounting plugin SignificanceManager
LogPluginManager: Mounting plugin SteamVR
LogPluginManager: Mounting plugin WebMMoviePlayer
LogPluginManager: Mounting plugin WindowsMoviePlayer
LogInit: Using libcurl 7.55.1-DEV
LogInit:  - built for x86_64-pc-win32
LogInit:  - supports SSL with OpenSSL/1.1.1
LogInit:  - supports HTTP deflate (compression) using libz 1.2.8
LogInit:  - other features:
LogInit:      CURL_VERSION_SSL
LogInit:      CURL_VERSION_LIBZ
LogInit:      CURL_VERSION_IPV6
LogInit:      CURL_VERSION_ASYNCHDNS
LogInit:      CURL_VERSION_LARGEFILE
LogInit:      CURL_VERSION_IDN
LogInit:  CurlRequestOptions (configurable via config and command line):
LogInit:  - bVerifyPeer = true  - Libcurl will verify peer certificate
LogInit:  - bUseHttpProxy = false  - Libcurl will NOT use HTTP proxy
LogInit:  - bDontReuseConnections = false  - Libcurl will reuse connections
LogInit:  - MaxHostConnections = 16  - Libcurl will limit the number of connections to a host
LogInit:  - LocalHostAddr = Default
LogInit:  - BufferSize = 65536
LogInit: WinSock: version 1.1 (2.2), MaxSocks=32767, MaxUdp=65467
LogInit: Build: ++UE4+Release-4.22-CL-7053642
LogInit: Engine Version: 4.22.3-7053642+++UE4+Release-4.22
LogInit: Compatible Engine Version: 4.22.0-5660361+++UE4+Release-4.22
LogInit: Net CL: 5660361
LogInit: OS: Windows 10 (Release 1903) (), CPU: Intel(R) Core(TM) i7-6700K CPU @ 4.00GHz, GPU: NVIDIA GeForce GTX 1070
LogInit: Compiled (64-bit): Jun 18 2019 03:09:11
LogInit: Compiled with Visual C++: 19.16.27025.01
LogInit: Build Configuration: Development
LogInit: Branch Name: ++UE4+Release-4.22
LogInit: Command Line: 
LogInit: Base Directory: C:/Program Files/Epic Games/UE_4.22/Engine/Binaries/Win64/
LogInit: Installed Engine Build: 1
LogDevObjectVersion: Number of dev versions registered: 23
LogDevObjectVersion:   Dev-Blueprints (B0D832E4-1F89-4F0D-ACCF-7EB736FD4AA2): 10
LogDevObjectVersion:   Dev-Build (E1C64328-A22C-4D53-A36C-8E866417BD8C): 0
LogDevObjectVersion:   Dev-Core (375EC13C-06E4-48FB-B500-84F0262A717E): 3
LogDevObjectVersion:   Dev-Editor (E4B068ED-F494-42E9-A231-DA0B2E46BB41): 30
LogDevObjectVersion:   Dev-Framework (CFFC743F-43B0-4480-9391-14DF171D2073): 35
LogDevObjectVersion:   Dev-Mobile (B02B49B5-BB20-44E9-A304-32B752E40360): 2
LogDevObjectVersion:   Dev-Networking (A4E4105C-59A1-49B5-A7C5-40C4547EDFEE): 0
LogDevObjectVersion:   Dev-Online (39C831C9-5AE6-47DC-9A44-9C173E1C8E7C): 0
LogDevObjectVersion:   Dev-Physics (78F01B33-EBEA-4F98-B9B4-84EACCB95AA2): 0
LogDevObjectVersion:   Dev-Platform (6631380F-2D4D-43E0-8009-CF276956A95A): 0
LogDevObjectVersion:   Dev-Rendering (12F88B9F-8875-4AFC-A67C-D90C383ABD29): 28
LogDevObjectVersion:   Dev-Sequencer (7B5AE74C-D270-4C10-A958-57980B212A5A): 11
LogDevObjectVersion:   Dev-VR (D7296918-1DD6-4BDD-9DE2-64A83CC13884): 2
LogDevObjectVersion:   Dev-LoadTimes (C2A15278-BFE7-4AFE-6C17-90FF531DF755): 1
LogDevObjectVersion:   Private-Geometry (6EACA3D4-40EC-4CC1-B786-8BED09428FC5): 3
LogDevObjectVersion:   Dev-AnimPhys (29E575DD-E0A3-4627-9D10-D276232CDCEA): 17
LogDevObjectVersion:   Dev-Anim (AF43A65D-7FD3-4947-9873-3E8ED9C1BB05): 2
LogDevObjectVersion:   Dev-ReflectionCapture (6B266CEC-1EC7-4B8F-A30B-E4D90942FC07): 1
LogDevObjectVersion:   Dev-Automation (0DF73D61-A23F-47EA-B727-89E90C41499A): 1
LogDevObjectVersion:   FortniteMain (601D1886-AC64-4F84-AA16-D3DE0DEAC7D6): 25
LogDevObjectVersion:   Dev-Enterprise (9DFFBCD6-494F-0158-E221-12823C92A888): 6
LogDevObjectVersion:   Dev-Niagara (F2AED0AC-9AFE-416F-8664-AA7FFA26D6FC): 1
LogDevObjectVersion:   Dev-Destruction (174F1F0B-B4C6-45A5-B13F-2EE8D0FB917D): 2
LogInit: Presizing for max 16777216 objects, including 0 objects not considered by GC, pre-allocating 0 bytes for permanent pool.
LogInit: Object subsystem initialized
LogConfig: Setting CVar [[con.DebugEarlyDefault:1]]
LogConfig: Setting CVar [[r.setres:1280x720]]
[2019.07.16-12.17.53:918][  0]LogConfig: Setting CVar [[r.VSync:0]]
[2019.07.16-12.17.53:918][  0]LogConfig: Setting CVar [[r.RHICmdBypass:0]]
[2019.07.16-12.17.53:918][  0]LogConfig: Applying CVar settings from Section [/Script/Engine.RendererSettings] File [D:/Adi Custovic/MajorProject_3.0/MajorProject/Saved/Config/Windows/Engine.ini]
[2019.07.16-12.17.53:918][  0]LogConfig: Setting CVar [[r.GPUCrashDebugging:0]]
[2019.07.16-12.17.53:918][  0]LogConfig: Setting CVar [[r.DefaultFeature.AutoExposure.ExtendDefaultLuminanceRange:1]]
[2019.07.16-12.17.53:918][  0]LogConfig: Applying CVar settings from Section [/Script/Engine.RendererOverrideSettings] File [D:/Adi Custovic/MajorProject_3.0/MajorProject/Saved/Config/Windows/Engine.ini]
[2019.07.16-12.17.53:918][  0]LogConfig: Applying CVar settings from Section [/Script/Engine.StreamingSettings] File [D:/Adi Custovic/MajorProject_3.0/MajorProject/Saved/Config/Windows/Engine.ini]
[2019.07.16-12.17.53:918][  0]LogConfig: Setting CVar [[s.MinBulkDataSizeForAsyncLoading:131072]]
[2019.07.16-12.17.53:918][  0]LogConfig: Setting CVar [[s.AsyncLoadingThreadEnabled:0]]
[2019.07.16-12.17.53:918][  0]LogConfig: Setting CVar [[s.EventDrivenLoaderEnabled:1]]
[2019.07.16-12.17.53:918][  0]LogConfig: Setting CVar [[s.WarnIfTimeLimitExceeded:0]]
[2019.07.16-12.17.53:918][  0]LogConfig: Setting CVar [[s.TimeLimitExceededMultiplier:1.5]]
[2019.07.16-12.17.53:918][  0]LogConfig: Setting CVar [[s.TimeLimitExceededMinTime:0.005]]
[2019.07.16-12.17.53:918][  0]LogConfig: Setting CVar [[s.UseBackgroundLevelStreaming:1]]
[2019.07.16-12.17.53:919][  0]LogConfig: Setting CVar [[s.PriorityAsyncLoadingExtraTime:15.0]]
[2019.07.16-12.17.53:919][  0]LogConfig: Setting CVar [[s.LevelStreamingActorsUpdateTimeLimit:5.0]]
[2019.07.16-12.17.53:919][  0]LogConfig: Setting CVar [[s.PriorityLevelStreamingActorsUpdateExtraTime:5.0]]
[2019.07.16-12.17.53:919][  0]LogConfig: Setting CVar [[s.LevelStreamingComponentsRegistrationGranularity:10]]
[2019.07.16-12.17.53:919][  0]LogConfig: Setting CVar [[s.UnregisterComponentsTimeLimit:1.0]]
[2019.07.16-12.17.53:919][  0]LogConfig: Setting CVar [[s.LevelStreamingComponentsUnregistrationGranularity:5]]
[2019.07.16-12.17.53:919][  0]LogConfig: Applying CVar settings from Section [/Script/Engine.GarbageCollectionSettings] File [D:/Adi Custovic/MajorProject_3.0/MajorProject/Saved/Config/Windows/Engine.ini]
[2019.07.16-12.17.53:919][  0]LogConfig: Setting CVar [[gc.MaxObjectsNotConsideredByGC:1]]
[2019.07.16-12.17.53:919][  0]LogConfig: Setting CVar [[gc.SizeOfPermanentObjectPool:0]]
[2019.07.16-12.17.53:919][  0]LogConfig: Setting CVar [[gc.FlushStreamingOnGC:0]]
[2019.07.16-12.17.53:919][  0]LogConfig: Setting CVar [[gc.NumRetriesBeforeForcingGC:10]]
[2019.07.16-12.17.53:919][  0]LogConfig: Setting CVar [[gc.AllowParallelGC:1]]
[2019.07.16-12.17.53:919][  0]LogConfig: Setting CVar [[gc.TimeBetweenPurgingPendingKillObjects:61.1]]
[2019.07.16-12.17.53:919][  0]LogConfig: Setting CVar [[gc.MaxObjectsInEditor:16777216]]
[2019.07.16-12.17.53:919][  0]LogConfig: Setting CVar [[gc.IncrementalBeginDestroyEnabled:1]]
[2019.07.16-12.17.53:919][  0]LogConfig: Setting CVar [[gc.CreateGCClusters:1]]
[2019.07.16-12.17.53:919][  0]LogConfig: Setting CVar [[gc.MinGCClusterSize:5]]
[2019.07.16-12.17.53:919][  0]LogConfig: Setting CVar [[gc.ActorClusteringEnabled:0]]
[2019.07.16-12.17.53:919][  0]LogConfig: Setting CVar [[gc.BlueprintClusteringEnabled:0]]
[2019.07.16-12.17.53:919][  0]LogConfig: Setting CVar [[gc.UseDisregardForGCOnDedicatedServers:0]]
[2019.07.16-12.17.53:919][  0]LogConfig: Applying CVar settings from Section [/Script/Engine.NetworkSettings] File [D:/Adi Custovic/MajorProject_3.0/MajorProject/Saved/Config/Windows/Engine.ini]
[2019.07.16-12.17.53:919][  0]LogConfig: Applying CVar settings from Section [/Script/UnrealEd.CookerSettings] File [D:/Adi Custovic/MajorProject_3.0/MajorProject/Saved/Config/Windows/Engine.ini]
[2019.07.16-12.17.53:921][  0]LogConfig: Applying CVar settings from Section [ViewDistanceQuality@3] File [D:/Adi Custovic/MajorProject_3.0/MajorProject/Saved/Config/Windows/Scalability.ini]
[2019.07.16-12.17.53:921][  0]LogConfig: Setting CVar [[r.SkeletalMeshLODBias:0]]
[2019.07.16-12.17.53:921][  0]LogConfig: Setting CVar [[r.ViewDistanceScale:1.0]]
[2019.07.16-12.17.53:921][  0]LogConfig: Applying CVar settings from Section [AntiAliasingQuality@3] File [D:/Adi Custovic/MajorProject_3.0/MajorProject/Saved/Config/Windows/Scalability.ini]
[2019.07.16-12.17.53:921][  0]LogConfig: Setting CVar [[r.PostProcessAAQuality:4]]
[2019.07.16-12.17.53:921][  0]LogConfig: Applying CVar settings from Section [ShadowQuality@3] File [D:/Adi Custovic/MajorProject_3.0/MajorProject/Saved/Config/Windows/Scalability.ini]
[2019.07.16-12.17.53:921][  0]LogConfig: Setting CVar [[r.LightFunctionQuality:1]]
[2019.07.16-12.17.53:921][  0]LogConfig: Setting CVar [[r.ShadowQuality:5]]
[2019.07.16-12.17.53:921][  0]LogConfig: Setting CVar [[r.Shadow.CSM.MaxCascades:10]]
[2019.07.16-12.17.53:921][  0]LogConfig: Setting CVar [[r.Shadow.MaxResolution:2048]]
[2019.07.16-12.17.53:921][  0]LogConfig: Setting CVar [[r.Shadow.MaxCSMResolution:2048]]
[2019.07.16-12.17.53:921][  0]LogConfig: Setting CVar [[r.Shadow.RadiusThreshold:0.01]]
[2019.07.16-12.17.53:921][  0]LogConfig: Setting CVar [[r.Shadow.DistanceScale:1.0]]
[2019.07.16-12.17.53:921][  0]LogConfig: Setting CVar [[r.Shadow.CSM.TransitionScale:1.0]]
[2019.07.16-12.17.53:921][  0]LogConfig: Setting CVar [[r.Shadow.PreShadowResolutionFactor:1.0]]
[2019.07.16-12.17.53:921][  0]LogConfig: Setting CVar [[r.DistanceFieldShadowing:1]]
[2019.07.16-12.17.53:921][  0]LogConfig: Setting CVar [[r.DistanceFieldAO:1]]
[2019.07.16-12.17.53:921][  0]LogConfig: Setting CVar [[r.AOQuality:2]]
[2019.07.16-12.17.53:921][  0]LogConfig: Setting CVar [[r.VolumetricFog:1]]
[2019.07.16-12.17.53:921][  0]LogConfig: Setting CVar [[r.VolumetricFog.GridPixelSize:8]]
[2019.07.16-12.17.53:921][  0]LogConfig: Setting CVar [[r.VolumetricFog.GridSizeZ:128]]
[2019.07.16-12.17.53:921][  0]LogConfig: Setting CVar [[r.VolumetricFog.HistoryMissSupersampleCount:4]]
[2019.07.16-12.17.53:921][  0]LogConfig: Setting CVar [[r.LightMaxDrawDistanceScale:1]]
[2019.07.16-12.17.53:921][  0]LogConfig: Setting CVar [[r.CapsuleShadows:1]]
[2019.07.16-12.17.53:921][  0]LogConfig: Applying CVar settings from Section [PostProcessQuality@3] File [D:/Adi Custovic/MajorProject_3.0/MajorProject/Saved/Config/Windows/Scalability.ini]
[2019.07.16-12.17.53:921][  0]LogConfig: Setting CVar [[r.MotionBlurQuality:4]]
[2019.07.16-12.17.53:921][  0]LogConfig: Setting CVar [[r.AmbientOcclusionMipLevelFactor:0.4]]
[2019.07.16-12.17.53:921][  0]LogConfig: Setting CVar [[r.AmbientOcclusionMaxQuality:100]]
[2019.07.16-12.17.53:921][  0]LogConfig: Setting CVar [[r.AmbientOcclusionLevels:-1]]
[2019.07.16-12.17.53:921][  0]LogConfig: Setting CVar [[r.AmbientOcclusionRadiusScale:1.0]]
[2019.07.16-12.17.53:921][  0]LogConfig: Setting CVar [[r.DepthOfFieldQuality:2]]
[2019.07.16-12.17.53:921][  0]LogConfig: Setting CVar [[r.RenderTargetPoolMin:400]]
[2019.07.16-12.17.53:921][  0]LogConfig: Setting CVar [[r.LensFlareQuality:2]]
[2019.07.16-12.17.53:921][  0]LogConfig: Setting CVar [[r.SceneColorFringeQuality:1]]
[2019.07.16-12.17.53:921][  0]LogConfig: Setting CVar [[r.EyeAdaptationQuality:2]]
[2019.07.16-12.17.53:921][  0]LogConfig: Setting CVar [[r.BloomQuality:5]]
[2019.07.16-12.17.53:921][  0]LogConfig: Setting CVar [[r.FastBlurThreshold:100]]
[2019.07.16-12.17.53:921][  0]LogConfig: Setting CVar [[r.Upscale.Quality:3]]
[2019.07.16-12.17.53:921][  0]LogConfig: Setting CVar [[r.Tonemapper.GrainQuantization:1]]
[2019.07.16-12.17.53:921][  0]LogConfig: Setting CVar [[r.LightShaftQuality:1]]
[2019.07.16-12.17.53:921][  0]LogConfig: Setting CVar [[r.Filter.SizeScale:1]]
[2019.07.16-12.17.53:921][  0]LogConfig: Setting CVar [[r.Tonemapper.Quality:5]]
[2019.07.16-12.17.53:921][  0]LogConfig: Setting CVar [[r.DOF.Gather.AccumulatorQuality:1        ; higher gathering accumulator quality]]
[2019.07.16-12.17.53:921][  0]LogConfig: Setting CVar [[r.DOF.Gather.PostfilterMethod:1          ; Median3x3 postfilering method]]
[2019.07.16-12.17.53:921][  0]LogConfig: Setting CVar [[r.DOF.Gather.EnableBokehSettings:0       ; no bokeh simulation when gathering]]
[2019.07.16-12.17.53:921][  0]LogConfig: Setting CVar [[r.DOF.Gather.RingCount:4                 ; medium number of samples when gathering]]
[2019.07.16-12.17.53:921][  0]LogConfig: Setting CVar [[r.DOF.Scatter.ForegroundCompositing:1    ; additive foreground scattering]]
[2019.07.16-12.17.53:921][  0]LogConfig: Setting CVar [[r.DOF.Scatter.BackgroundCompositing:2    ; additive background scattering]]
[2019.07.16-12.17.53:921][  0]LogConfig: Setting CVar [[r.DOF.Scatter.EnableBokehSettings:1      ; bokeh simulation when scattering]]
[2019.07.16-12.17.53:921][  0]LogConfig: Setting CVar [[r.DOF.Scatter.MaxSpriteRatio:0.1         ; only a maximum of 10% of scattered bokeh]]
[2019.07.16-12.17.53:921][  0]LogConfig: Setting CVar [[r.DOF.Recombine.Quality:1                ; cheap slight out of focus]]
[2019.07.16-12.17.53:922][  0]LogConfig: Setting CVar [[r.DOF.Recombine.EnableBokehSettings:0    ; no bokeh simulation on slight out of focus]]
[2019.07.16-12.17.53:922][  0]LogConfig: Setting CVar [[r.DOF.TemporalAAQuality:1                ; more stable temporal accumulation]]
[2019.07.16-12.17.53:922][  0]LogConfig: Setting CVar [[r.DOF.Kernel.MaxForegroundRadius:0.025]]
[2019.07.16-12.17.53:922][  0]LogConfig: Setting CVar [[r.DOF.Kernel.MaxBackgroundRadius:0.025]]
[2019.07.16-12.17.53:922][  0]LogConfig: Applying CVar settings from Section [TextureQuality@3] File [D:/Adi Custovic/MajorProject_3.0/MajorProject/Saved/Config/Windows/Scalability.ini]
[2019.07.16-12.17.53:922][  0]LogConfig: Setting CVar [[r.Streaming.MipBias:0]]
[2019.07.16-12.17.53:922][  0]LogConfig: Setting CVar [[r.Streaming.AmortizeCPUToGPUCopy:0]]
[2019.07.16-12.17.53:922][  0]LogConfig: Setting CVar [[r.Streaming.MaxNumTexturesToStreamPerFrame:0]]
[2019.07.16-12.17.53:922][  0]LogConfig: Setting CVar [[r.Streaming.Boost:1]]
[2019.07.16-12.17.53:922][  0]LogConfig: Setting CVar [[r.MaxAnisotropy:8]]
[2019.07.16-12.17.53:922][  0]LogConfig: Setting CVar [[r.Streaming.LimitPoolSizeToVRAM:0]]
[2019.07.16-12.17.53:922][  0]LogConfig: Setting CVar [[r.Streaming.PoolSize:1000]]
[2019.07.16-12.17.53:922][  0]LogConfig: Setting CVar [[r.Streaming.MaxEffectiveScreenSize:0]]
[2019.07.16-12.17.53:922][  0]LogConfig: Applying CVar settings from Section [EffectsQuality@3] File [D:/Adi Custovic/MajorProject_3.0/MajorProject/Saved/Config/Windows/Scalability.ini]
[2019.07.16-12.17.53:922][  0]LogConfig: Setting CVar [[r.TranslucencyLightingVolumeDim:64]]
[2019.07.16-12.17.53:922][  0]LogConfig: Setting CVar [[r.RefractionQuality:2]]
[2019.07.16-12.17.53:922][  0]LogConfig: Setting CVar [[r.SSR.Quality:3]]
[2019.07.16-12.17.53:922][  0]LogConfig: Setting CVar [[r.SceneColorFormat:4]]
[2019.07.16-12.17.53:922][  0]LogConfig: Setting CVar [[r.DetailMode:2]]
[2019.07.16-12.17.53:922][  0]LogConfig: Setting CVar [[r.TranslucencyVolumeBlur:1]]
[2019.07.16-12.17.53:922][  0]LogConfig: Setting CVar [[r.MaterialQualityLevel:1 ; High quality]]
[2019.07.16-12.17.53:922][  0]LogConfig: Setting CVar [[r.SSS.Scale:1]]
[2019.07.16-12.17.53:922][  0]LogConfig: Setting CVar [[r.SSS.SampleSet:2]]
[2019.07.16-12.17.53:922][  0]LogConfig: Setting CVar [[r.SSS.Quality:1]]
[2019.07.16-12.17.53:922][  0]LogConfig: Setting CVar [[r.SSS.HalfRes:1]]
[2019.07.16-12.17.53:922][  0]LogConfig: Setting CVar [[r.EmitterSpawnRateScale:1.0]]
[2019.07.16-12.17.53:922][  0]LogConfig: Setting CVar [[r.ParticleLightQuality:2]]
[2019.07.16-12.17.53:922][  0]LogConfig: Applying CVar settings from Section [FoliageQuality@3] File [D:/Adi Custovic/MajorProject_3.0/MajorProject/Saved/Config/Windows/Scalability.ini]
[2019.07.16-12.17.53:922][  0]LogConfig: Setting CVar [[foliage.DensityScale:1.0]]
[2019.07.16-12.17.53:922][  0]LogConfig: Setting CVar [[grass.DensityScale:1.0]]
[2019.07.16-12.17.53:922][  0]LogInit: Selected Device Profile: [Windows]
[2019.07.16-12.17.53:922][  0]LogInit: Applying CVar settings loaded from the selected device profile: [Windows]
[2019.07.16-12.17.53:933][  0]LogHAL: Display: Platform has ~ 16 GB [17134407680 / 17179869184 / 16], which maps to Larger [LargestMinGB=32, LargerMinGB=12, DefaultMinGB=8, SmallerMinGB=6, SmallestMinGB=0)
[2019.07.16-12.17.53:933][  0]LogConfig: Setting CVar [[r.Vulkan.UseRealUBs:0		; Required until we fix HLR fall-out]]
[2019.07.16-12.17.53:933][  0]LogInit: Going up to parent DeviceProfile []
[2019.07.16-12.17.53:933][  0]LogConfig: Applying CVar settings from Section [ViewDistanceQuality@3] File [D:/Adi Custovic/MajorProject_3.0/MajorProject/Saved/Config/Windows/Scalability.ini]
[2019.07.16-12.17.53:933][  0]LogConfig: Setting CVar [[r.SkeletalMeshLODBias:0]]
[2019.07.16-12.17.53:933][  0]LogConfig: Setting CVar [[r.ViewDistanceScale:1.0]]
[2019.07.16-12.17.53:933][  0]LogConfig: Applying CVar settings from Section [AntiAliasingQuality@3] File [D:/Adi Custovic/MajorProject_3.0/MajorProject/Saved/Config/Windows/Scalability.ini]
[2019.07.16-12.17.53:933][  0]LogConfig: Setting CVar [[r.PostProcessAAQuality:4]]
[2019.07.16-12.17.53:933][  0]LogConfig: Applying CVar settings from Section [ShadowQuality@3] File [D:/Adi Custovic/MajorProject_3.0/MajorProject/Saved/Config/Windows/Scalability.ini]
[2019.07.16-12.17.53:933][  0]LogConfig: Setting CVar [[r.LightFunctionQuality:1]]
[2019.07.16-12.17.53:933][  0]LogConfig: Setting CVar [[r.ShadowQuality:5]]
[2019.07.16-12.17.53:933][  0]LogConfig: Setting CVar [[r.Shadow.CSM.MaxCascades:10]]
[2019.07.16-12.17.53:933][  0]LogConfig: Setting CVar [[r.Shadow.MaxResolution:2048]]
[2019.07.16-12.17.53:933][  0]LogConfig: Setting CVar [[r.Shadow.MaxCSMResolution:2048]]
[2019.07.16-12.17.53:933][  0]LogConfig: Setting CVar [[r.Shadow.RadiusThreshold:0.01]]
[2019.07.16-12.17.53:933][  0]LogConfig: Setting CVar [[r.Shadow.DistanceScale:1.0]]
[2019.07.16-12.17.53:933][  0]LogConfig: Setting CVar [[r.Shadow.CSM.TransitionScale:1.0]]
[2019.07.16-12.17.53:933][  0]LogConfig: Setting CVar [[r.Shadow.PreShadowResolutionFactor:1.0]]
[2019.07.16-12.17.53:933][  0]LogConfig: Setting CVar [[r.DistanceFieldShadowing:1]]
[2019.07.16-12.17.53:933][  0]LogConfig: Setting CVar [[r.DistanceFieldAO:1]]
[2019.07.16-12.17.53:933][  0]LogConfig: Setting CVar [[r.AOQuality:2]]
[2019.07.16-12.17.53:933][  0]LogConfig: Setting CVar [[r.VolumetricFog:1]]
[2019.07.16-12.17.53:933][  0]LogConfig: Setting CVar [[r.VolumetricFog.GridPixelSize:8]]
[2019.07.16-12.17.53:933][  0]LogConfig: Setting CVar [[r.VolumetricFog.GridSizeZ:128]]
[2019.07.16-12.17.53:933][  0]LogConfig: Setting CVar [[r.VolumetricFog.HistoryMissSupersampleCount:4]]
[2019.07.16-12.17.53:933][  0]LogConfig: Setting CVar [[r.LightMaxDrawDistanceScale:1]]
[2019.07.16-12.17.53:933][  0]LogConfig: Setting CVar [[r.CapsuleShadows:1]]
[2019.07.16-12.17.53:933][  0]LogConfig: Applying CVar settings from Section [PostProcessQuality@3] File [D:/Adi Custovic/MajorProject_3.0/MajorProject/Saved/Config/Windows/Scalability.ini]
[2019.07.16-12.17.53:933][  0]LogConfig: Setting CVar [[r.MotionBlurQuality:4]]
[2019.07.16-12.17.53:933][  0]LogConfig: Setting CVar [[r.AmbientOcclusionMipLevelFactor:0.4]]
[2019.07.16-12.17.53:933][  0]LogConfig: Setting CVar [[r.AmbientOcclusionMaxQuality:100]]
[2019.07.16-12.17.53:933][  0]LogConfig: Setting CVar [[r.AmbientOcclusionLevels:-1]]
[2019.07.16-12.17.53:934][  0]LogConfig: Setting CVar [[r.AmbientOcclusionRadiusScale:1.0]]
[2019.07.16-12.17.53:934][  0]LogConfig: Setting CVar [[r.DepthOfFieldQuality:2]]
[2019.07.16-12.17.53:934][  0]LogConfig: Setting CVar [[r.RenderTargetPoolMin:400]]
[2019.07.16-12.17.53:934][  0]LogConfig: Setting CVar [[r.LensFlareQuality:2]]
[2019.07.16-12.17.53:934][  0]LogConfig: Setting CVar [[r.SceneColorFringeQuality:1]]
[2019.07.16-12.17.53:934][  0]LogConfig: Setting CVar [[r.EyeAdaptationQuality:2]]
[2019.07.16-12.17.53:934][  0]LogConfig: Setting CVar [[r.BloomQuality:5]]
[2019.07.16-12.17.53:934][  0]LogConfig: Setting CVar [[r.FastBlurThreshold:100]]
[2019.07.16-12.17.53:934][  0]LogConfig: Setting CVar [[r.Upscale.Quality:3]]
[2019.07.16-12.17.53:934][  0]LogConfig: Setting CVar [[r.Tonemapper.GrainQuantization:1]]
[2019.07.16-12.17.53:934][  0]LogConfig: Setting CVar [[r.LightShaftQuality:1]]
[2019.07.16-12.17.53:934][  0]LogConfig: Setting CVar [[r.Filter.SizeScale:1]]
[2019.07.16-12.17.53:934][  0]LogConfig: Setting CVar [[r.Tonemapper.Quality:5]]
[2019.07.16-12.17.53:934][  0]LogConfig: Setting CVar [[r.DOF.Gather.AccumulatorQuality:1        ; higher gathering accumulator quality]]
[2019.07.16-12.17.53:934][  0]LogConfig: Setting CVar [[r.DOF.Gather.PostfilterMethod:1          ; Median3x3 postfilering method]]
[2019.07.16-12.17.53:934][  0]LogConfig: Setting CVar [[r.DOF.Gather.EnableBokehSettings:0       ; no bokeh simulation when gathering]]
[2019.07.16-12.17.53:934][  0]LogConfig: Setting CVar [[r.DOF.Gather.RingCount:4                 ; medium number of samples when gathering]]
[2019.07.16-12.17.53:934][  0]LogConfig: Setting CVar [[r.DOF.Scatter.ForegroundCompositing:1    ; additive foreground scattering]]
[2019.07.16-12.17.53:934][  0]LogConfig: Setting CVar [[r.DOF.Scatter.BackgroundCompositing:2    ; additive background scattering]]
[2019.07.16-12.17.53:934][  0]LogConfig: Setting CVar [[r.DOF.Scatter.EnableBokehSettings:1      ; bokeh simulation when scattering]]
[2019.07.16-12.17.53:934][  0]LogConfig: Setting CVar [[r.DOF.Scatter.MaxSpriteRatio:0.1         ; only a maximum of 10% of scattered bokeh]]
[2019.07.16-12.17.53:934][  0]LogConfig: Setting CVar [[r.DOF.Recombine.Quality:1                ; cheap slight out of focus]]
[2019.07.16-12.17.53:934][  0]LogConfig: Setting CVar [[r.DOF.Recombine.EnableBokehSettings:0    ; no bokeh simulation on slight out of focus]]
[2019.07.16-12.17.53:934][  0]LogConfig: Setting CVar [[r.DOF.TemporalAAQuality:1                ; more stable temporal accumulation]]
[2019.07.16-12.17.53:934][  0]LogConfig: Setting CVar [[r.DOF.Kernel.MaxForegroundRadius:0.025]]
[2019.07.16-12.17.53:934][  0]LogConfig: Setting CVar [[r.DOF.Kernel.MaxBackgroundRadius:0.025]]
[2019.07.16-12.17.53:934][  0]LogConfig: Applying CVar settings from Section [TextureQuality@3] File [D:/Adi Custovic/MajorProject_3.0/MajorProject/Saved/Config/Windows/Scalability.ini]
[2019.07.16-12.17.53:934][  0]LogConfig: Setting CVar [[r.Streaming.MipBias:0]]
[2019.07.16-12.17.53:934][  0]LogConfig: Setting CVar [[r.Streaming.AmortizeCPUToGPUCopy:0]]
[2019.07.16-12.17.53:934][  0]LogConfig: Setting CVar [[r.Streaming.MaxNumTexturesToStreamPerFrame:0]]
[2019.07.16-12.17.53:934][  0]LogConfig: Setting CVar [[r.Streaming.Boost:1]]
[2019.07.16-12.17.53:934][  0]LogConfig: Setting CVar [[r.MaxAnisotropy:8]]
[2019.07.16-12.17.53:934][  0]LogConfig: Setting CVar [[r.Streaming.LimitPoolSizeToVRAM:0]]
[2019.07.16-12.17.53:934][  0]LogConfig: Setting CVar [[r.Streaming.PoolSize:1000]]
[2019.07.16-12.17.53:934][  0]LogConfig: Setting CVar [[r.Streaming.MaxEffectiveScreenSize:0]]
[2019.07.16-12.17.53:934][  0]LogConfig: Applying CVar settings from Section [EffectsQuality@3] File [D:/Adi Custovic/MajorProject_3.0/MajorProject/Saved/Config/Windows/Scalability.ini]
[2019.07.16-12.17.53:934][  0]LogConfig: Setting CVar [[r.TranslucencyLightingVolumeDim:64]]
[2019.07.16-12.17.53:934][  0]LogConfig: Setting CVar [[r.RefractionQuality:2]]
[2019.07.16-12.17.53:934][  0]LogConfig: Setting CVar [[r.SSR.Quality:3]]
[2019.07.16-12.17.53:934][  0]LogConfig: Setting CVar [[r.SceneColorFormat:4]]
[2019.07.16-12.17.53:934][  0]LogConfig: Setting CVar [[r.DetailMode:2]]
[2019.07.16-12.17.53:934][  0]LogConfig: Setting CVar [[r.TranslucencyVolumeBlur:1]]
[2019.07.16-12.17.53:934][  0]LogConfig: Setting CVar [[r.MaterialQualityLevel:1 ; High quality]]
[2019.07.16-12.17.53:934][  0]LogConfig: Setting CVar [[r.SSS.Scale:1]]
[2019.07.16-12.17.53:934][  0]LogConfig: Setting CVar [[r.SSS.SampleSet:2]]
[2019.07.16-12.17.53:934][  0]LogConfig: Setting CVar [[r.SSS.Quality:1]]
[2019.07.16-12.17.53:934][  0]LogConfig: Setting CVar [[r.SSS.HalfRes:1]]
[2019.07.16-12.17.53:934][  0]LogConfig: Setting CVar [[r.EmitterSpawnRateScale:1.0]]
[2019.07.16-12.17.53:934][  0]LogConfig: Setting CVar [[r.ParticleLightQuality:2]]
[2019.07.16-12.17.53:934][  0]LogConfig: Applying CVar settings from Section [FoliageQuality@3] File [D:/Adi Custovic/MajorProject_3.0/MajorProject/Saved/Config/Windows/Scalability.ini]
[2019.07.16-12.17.53:934][  0]LogConfig: Setting CVar [[foliage.DensityScale:1.0]]
[2019.07.16-12.17.53:934][  0]LogConfig: Setting CVar [[grass.DensityScale:1.0]]
[2019.07.16-12.17.53:934][  0]LogConfig: Applying CVar settings from Section [Startup] File [../../../Engine/Config/ConsoleVariables.ini]
[2019.07.16-12.17.53:934][  0]LogConfig: Setting CVar [[net.UseAdaptiveNetUpdateFrequency:0]]
[2019.07.16-12.17.53:934][  0]LogConfig: Setting CVar [[p.chaos.AllowCreatePhysxBodies:1]]
[2019.07.16-12.17.53:934][  0]LogConfig: Applying CVar settings from Section [ConsoleVariables] File [D:/Adi Custovic/MajorProject_3.0/MajorProject/Saved/Config/Windows/Engine.ini]
[2019.07.16-12.17.53:934][  0]LogInit: Computer: COL_EDIT13_05
[2019.07.16-12.17.53:934][  0]LogInit: User: Student
[2019.07.16-12.17.53:934][  0]LogInit: CPU Page size=4096, Cores=4
[2019.07.16-12.17.53:934][  0]LogInit: High frequency timer resolution =10.000000 MHz
[2019.07.16-12.17.53:935][  0]LogMemory: Memory total: Physical=16.0GB (16GB approx)
[2019.07.16-12.17.53:935][  0]LogMemory: Platform Memory Stats for Windows
[2019.07.16-12.17.53:935][  0]LogMemory: Process Physical Memory: 102.47 MB used, 102.48 MB peak
[2019.07.16-12.17.53:935][  0]LogMemory: Process Virtual Memory: 96.64 MB used, 96.64 MB peak
[2019.07.16-12.17.53:935][  0]LogMemory: Physical Memory: 7120.63 MB used,  9220.02 MB free, 16340.64 MB total
[2019.07.16-12.17.53:935][  0]LogMemory: Virtual Memory: 4668.48 MB used,  134213056.00 MB free, 134217728.00 MB total
[2019.07.16-12.17.53:953][  0]LogInit: Using OS detected language (en-US).
[2019.07.16-12.17.53:953][  0]LogInit: Using OS detected locale (en-US).
[2019.07.16-12.17.53:953][  0]LogTextLocalizationManager: No specific localization for 'en-US' exists, so the 'en' localization will be used.
[2019.07.16-12.17.54:116][  0]LogInit: Setting process to per monitor DPI aware
[2019.07.16-12.17.54:146][  0]LogSlate: New Slate User Created.  User Index 0, Is Virtual User: 0
[2019.07.16-12.17.54:146][  0]LogSlate: Slate User Registered.  User Index 0, Is Virtual User: 0
[2019.07.16-12.17.54:289][  0]LogD3D11RHI: D3D11 adapters:
[2019.07.16-12.17.54:339][  0]LogD3D11RHI:    0. 'NVIDIA GeForce GTX 1070' (Feature Level 11_0)
[2019.07.16-12.17.54:339][  0]LogD3D11RHI:       8088/0/8170 MB DedicatedVideo/DedicatedSystem/SharedSystem, Outputs:1, VendorId:0x10de
[2019.07.16-12.17.54:341][  0]LogD3D11RHI:    1. 'Microsoft Basic Render Driver' (Feature Level 11_0)
[2019.07.16-12.17.54:341][  0]LogD3D11RHI:       0/0/8170 MB DedicatedVideo/DedicatedSystem/SharedSystem, Outputs:0, VendorId:0x1414
[2019.07.16-12.17.54:341][  0]LogD3D11RHI: Chosen D3D11 Adapter: 0
[2019.07.16-12.17.54:347][  0]LogD3D11RHI: Creating new Direct3DDevice
[2019.07.16-12.17.54:347][  0]LogD3D11RHI:     GPU DeviceId: 0x1b81 (for the marketing name, search the web for "GPU Device Id")
[2019.07.16-12.17.54:347][  0]LogWindows: EnumDisplayDevices:
[2019.07.16-12.17.54:348][  0]LogWindows:    0. 'NVIDIA GeForce GTX 1070' (P:1 D:1)
[2019.07.16-12.17.54:348][  0]LogWindows:    1. 'NVIDIA GeForce GTX 1070' (P:0 D:0)
[2019.07.16-12.17.54:348][  0]LogWindows:    2. 'NVIDIA GeForce GTX 1070' (P:0 D:0)
[2019.07.16-12.17.54:348][  0]LogWindows:    3. 'NVIDIA GeForce GTX 1070' (P:0 D:0)
[2019.07.16-12.17.54:348][  0]LogWindows: DebugString: FoundDriverCount:4 
[2019.07.16-12.17.54:348][  0]LogD3D11RHI:     Adapter Name: NVIDIA GeForce GTX 1070
[2019.07.16-12.17.54:348][  0]LogD3D11RHI:   Driver Version: 419.67 (internal:25.21.14.1967, unified:419.67)
[2019.07.16-12.17.54:348][  0]LogD3D11RHI:      Driver Date: 3-17-2019
[2019.07.16-12.17.54:348][  0]LogRHI: Texture pool is 5661 MB (70% of 8088 MB)
[2019.07.16-12.17.54:381][  0]LogD3D11RHI: Async texture creation enabled
[2019.07.16-12.17.54:385][  0]LogRendererCore: FGlobalReadBuffer::InitRHI
[2019.07.16-12.17.54:385][  0]LogRendererCore: FGlobalReadBuffer::InitRHI
[2019.07.16-12.17.54:385][  0]LogRendererCore: FGlobalReadBuffer::InitRHI
[2019.07.16-12.17.54:392][  0]LogD3D11RHI: GPU Timing Frequency: 1000.000000 (Debug: 2 1)
[2019.07.16-12.17.54:673][  0]LogTemp: Display: Module 'AllDesktopTargetPlatform' loaded TargetPlatform 'AllDesktop'
[2019.07.16-12.17.54:684][  0]LogTemp: Display: Module 'MacClientTargetPlatform' loaded TargetPlatform 'MacClient'
[2019.07.16-12.17.54:696][  0]LogTemp: Display: Module 'MacNoEditorTargetPlatform' loaded TargetPlatform 'MacNoEditor'
[2019.07.16-12.17.54:710][  0]LogTemp: Display: Module 'MacServerTargetPlatform' loaded TargetPlatform 'MacServer'
[2019.07.16-12.17.54:724][  0]LogTemp: Display: Module 'MacTargetPlatform' loaded TargetPlatform 'Mac'
[2019.07.16-12.17.54:737][  0]LogTemp: Display: Module 'WindowsClientTargetPlatform' loaded TargetPlatform 'WindowsClient'
[2019.07.16-12.17.54:749][  0]LogTemp: Display: Module 'WindowsNoEditorTargetPlatform' loaded TargetPlatform 'WindowsNoEditor'
[2019.07.16-12.17.54:761][  0]LogTemp: Display: Module 'WindowsServerTargetPlatform' loaded TargetPlatform 'WindowsServer'
[2019.07.16-12.17.54:769][  0]LogTemp: Display: Module 'WindowsTargetPlatform' loaded TargetPlatform 'Windows'
[2019.07.16-12.17.54:846][  0]LogTemp: Display: Module 'AndroidTargetPlatform' loaded TargetPlatform 'Android'
[2019.07.16-12.17.54:846][  0]LogTemp: Display: Module 'AndroidTargetPlatform' loaded TargetPlatform 'Android_ASTC'
[2019.07.16-12.17.54:846][  0]LogTemp: Display: Module 'AndroidTargetPlatform' loaded TargetPlatform 'Android_ATC'
[2019.07.16-12.17.54:846][  0]LogTemp: Display: Module 'AndroidTargetPlatform' loaded TargetPlatform 'Android_DXT'
[2019.07.16-12.17.54:846][  0]LogTemp: Display: Module 'AndroidTargetPlatform' loaded TargetPlatform 'Android_ETC1'
[2019.07.16-12.17.54:846][  0]LogTemp: Display: Module 'AndroidTargetPlatform' loaded TargetPlatform 'Android_ETC1a'
[2019.07.16-12.17.54:846][  0]LogTemp: Display: Module 'AndroidTargetPlatform' loaded TargetPlatform 'Android_ETC2'
[2019.07.16-12.17.54:846][  0]LogTemp: Display: Module 'AndroidTargetPlatform' loaded TargetPlatform 'Android_PVRTC'
[2019.07.16-12.17.54:846][  0]LogTemp: Display: Module 'AndroidTargetPlatform' loaded TargetPlatform 'AndroidClient'
[2019.07.16-12.17.54:846][  0]LogTemp: Display: Module 'AndroidTargetPlatform' loaded TargetPlatform 'Android_ASTCClient'
[2019.07.16-12.17.54:846][  0]LogTemp: Display: Module 'AndroidTargetPlatform' loaded TargetPlatform 'Android_ATCClient'
[2019.07.16-12.17.54:846][  0]LogTemp: Display: Module 'AndroidTargetPlatform' loaded TargetPlatform 'Android_DXTClient'
[2019.07.16-12.17.54:846][  0]LogTemp: Display: Module 'AndroidTargetPlatform' loaded TargetPlatform 'Android_ETC1Client'
[2019.07.16-12.17.54:846][  0]LogTemp: Display: Module 'AndroidTargetPlatform' loaded TargetPlatform 'Android_ETC1aClient'
[2019.07.16-12.17.54:846][  0]LogTemp: Display: Module 'AndroidTargetPlatform' loaded TargetPlatform 'Android_ETC2Client'
[2019.07.16-12.17.54:846][  0]LogTemp: Display: Module 'AndroidTargetPlatform' loaded TargetPlatform 'Android_PVRTCClient'
[2019.07.16-12.17.54:846][  0]LogTemp: Display: Module 'AndroidTargetPlatform' loaded TargetPlatform 'Android_Multi'
[2019.07.16-12.17.54:846][  0]LogTemp: Display: Module 'AndroidTargetPlatform' loaded TargetPlatform 'Android_MultiClient'
[2019.07.16-12.17.54:848][  0]LogTemp: Display: Module 'HTML5TargetPlatform' loaded TargetPlatform 'HTML5'
[2019.07.16-12.17.54:897][  0]LogTemp: Display: Module 'IOSTargetPlatform' loaded TargetPlatform 'IOSClient'
[2019.07.16-12.17.54:897][  0]LogTemp: Display: Module 'IOSTargetPlatform' loaded TargetPlatform 'IOS'
[2019.07.16-12.17.54:919][  0]LogTemp: Display: Module 'TVOSTargetPlatform' loaded TargetPlatform 'TVOSClient'
[2019.07.16-12.17.54:919][  0]LogTemp: Display: Module 'TVOSTargetPlatform' loaded TargetPlatform 'TVOS'
[2019.07.16-12.17.54:931][  0]LogTemp: Display: Module 'LinuxClientTargetPlatform' loaded TargetPlatform 'LinuxClient'
[2019.07.16-12.17.54:944][  0]LogTemp: Display: Module 'LinuxNoEditorTargetPlatform' loaded TargetPlatform 'LinuxNoEditor'
[2019.07.16-12.17.54:957][  0]LogTemp: Display: Module 'LinuxServerTargetPlatform' loaded TargetPlatform 'LinuxServer'
[2019.07.16-12.17.54:968][  0]LogTemp: Display: Module 'LinuxTargetPlatform' loaded TargetPlatform 'Linux'
[2019.07.16-12.17.55:007][  0]LogTemp: Display: Module 'LuminTargetPlatform' loaded TargetPlatform 'Lumin'
[2019.07.16-12.17.55:007][  0]LogTemp: Display: Module 'LuminTargetPlatform' loaded TargetPlatform 'LuminClient'
[2019.07.16-12.17.55:007][  0]LogTargetPlatformManager: Display: Building Assets For Windows
[2019.07.16-12.17.55:014][  0]LogAudioDebug: Display: Lib vorbis DLL was dynamically loaded.
[2019.07.16-12.17.55:059][  0]LogShaderCompilers: Guid format shader working directory is 3 characters bigger than the processId version (D:/Adi Custovic/MajorProject_3.0/MajorProject/Intermediate/Shaders/WorkingDirectory/9368/).
[2019.07.16-12.17.55:059][  0]LogShaderCompilers: Cleaned the shader compiler working directory 'C:/Users/Student/AppData/Local/Temp/UnrealShaderWorkingDir/1983D23640520683A3D128BB9CDBBCDD/'.
[2019.07.16-12.17.55:061][  0]LogXGEController: Cleaning working directory: C:/Users/Student/AppData/Local/Temp/UnrealXGEWorkingDir/
[2019.07.16-12.17.55:061][  0]LogXGEController: Cannot use XGE Controller as Incredibuild is not installed on this machine.
[2019.07.16-12.17.55:062][  0]LogShaderCompilers: Cannot use XGE Shader Compiler as Incredibuild is not installed on this machine.
[2019.07.16-12.17.55:062][  0]LogShaderCompilers: Display: Using Local Shader Compiler.
[2019.07.16-12.17.55:539][  0]LogDerivedDataCache: Display: Max Cache Size: 512 MB
[2019.07.16-12.17.55:586][  0]LogDerivedDataCache: Loaded boot cache 0.05s 73MB C:/Users/Student/AppData/Local/UnrealEngine/4.22/DerivedDataCache/Boot.ddc.
[2019.07.16-12.17.55:586][  0]LogDerivedDataCache: Display: Loaded Boot cache: C:/Users/Student/AppData/Local/UnrealEngine/4.22/DerivedDataCache/Boot.ddc
[2019.07.16-12.17.55:586][  0]LogDerivedDataCache: FDerivedDataBackendGraph:  Pak pak cache file D:/Adi Custovic/MajorProject_3.0/MajorProject/DerivedDataCache/DDC.ddp not found, will not use a pak cache.
[2019.07.16-12.17.55:586][  0]LogDerivedDataCache: Unable to find inner node Pak for hierarchical cache Hierarchy.
[2019.07.16-12.17.55:586][  0]LogDerivedDataCache: FDerivedDataBackendGraph:  CompressedPak pak cache file D:/Adi Custovic/MajorProject_3.0/MajorProject/DerivedDataCache/Compressed.ddp not found, will not use a pak cache.
[2019.07.16-12.17.55:586][  0]LogDerivedDataCache: Unable to find inner node CompressedPak for hierarchical cache Hierarchy.
[2019.07.16-12.17.55:598][  0]LogDerivedDataCache: Display: Pak cache opened for reading ../../../Engine/DerivedDataCache/Compressed.ddp.
[2019.07.16-12.17.55:598][  0]LogDerivedDataCache: FDerivedDataBackendGraph:  EnterprisePak pak cache file ../../../Enterprise/DerivedDataCache/Compressed.ddp not found, will not use a pak cache.
[2019.07.16-12.17.55:598][  0]LogDerivedDataCache: Unable to find inner node EnterprisePak for hierarchical cache Hierarchy.
[2019.07.16-12.17.55:610][  0]LogDerivedDataCache: Using Local data cache path C:/Users/Student/AppData/Local/UnrealEngine/Common/DerivedDataCache: Writable
[2019.07.16-12.17.55:610][  0]LogDerivedDataCache: Shared data cache path not found in *engine.ini, will not use an Shared cache.
[2019.07.16-12.17.55:610][  0]LogDerivedDataCache: Unable to find inner node Shared for hierarchical cache Hierarchy.
[2019.07.16-12.17.55:630][  0]LogMaterial: Verifying Global Shaders for PCD3D_SM5
[2019.07.16-12.17.55:631][  0]LogSlate: Using FreeType 2.6.0
[2019.07.16-12.17.55:631][  0]LogSlate: SlateFontServices - WITH_FREETYPE: 1, WITH_HARFBUZZ: 1
[2019.07.16-12.17.55:705][  0]LogAssetRegistry: FAssetRegistry took 0.0325 seconds to start up
[2019.07.16-12.17.56:004][  0]LogInit: Selected Device Profile: [Windows]
[2019.07.16-12.17.56:125][  0]LogMeshReduction: Using QuadricMeshReduction for automatic static mesh reduction
[2019.07.16-12.17.56:125][  0]LogMeshReduction: Using SimplygonMeshReduction for automatic skeletal mesh reduction
[2019.07.16-12.17.56:125][  0]LogMeshReduction: Using ProxyLODMeshReduction for automatic mesh merging
[2019.07.16-12.17.56:125][  0]LogMeshReduction: No distributed automatic mesh merging module available
[2019.07.16-12.17.56:125][  0]LogMeshMerging: No distributed automatic mesh merging module available
[2019.07.16-12.17.56:139][  0]LogNetVersion: MajorProject 1.0.0, NetCL: 5660361, EngineNetVer: 10, GameNetVer: 0 (Checksum: 1194472379)
[2019.07.16-12.17.56:502][  0]LogPackageLocalizationCache: Processed 11 localized package path(s) for 1 prioritized culture(s) in 0.044814 seconds
[2019.07.16-12.17.56:508][  0]LogUObjectArray: 42205 objects as part of root set at end of initial load.
[2019.07.16-12.17.56:508][  0]LogUObjectAllocator: 7325032 out of 0 bytes used by permanent object pool.
[2019.07.16-12.17.56:508][  0]LogUObjectArray: CloseDisregardForGC: 0/0 objects in disregard for GC pool
[2019.07.16-12.17.57:237][  0]LogTcpMessaging: Initializing TcpMessaging bridge
[2019.07.16-12.17.57:250][  0]LogUdpMessaging: Initializing bridge on interface 0.0.0.0:0 to multicast group 230.0.0.1:6666.
[2019.07.16-12.17.57:356][  0]SourceControl: Source control is disabled
[2019.07.16-12.17.57:357][  0]SourceControl: Source control is disabled
[2019.07.16-12.17.57:358][  0]SourceControl: Source control is disabled
[2019.07.16-12.17.57:359][  0]SourceControl: Source control is disabled
[2019.07.16-12.17.57:431][  0]LogAndroidPermission: UAndroidPermissionCallbackProxy::GetInstance
[2019.07.16-12.17.57:520][  0]LogOcInput: OculusInput pre-init called
[2019.07.16-12.17.58:087][  0]LogEngine: Initializing Engine...
[2019.07.16-12.17.58:087][  0]LogHMD: Oculus plugin initialized. Version: 4.22.3-7053642+++UE4+Release-4.22, OVRPlugin: 1.32.0
[2019.07.16-12.17.58:088][  0]LogStats: UGameplayTagsManager::InitializeManager -  0.000 s
[2019.07.16-12.17.58:274][  0]LogInit: Initializing FReadOnlyCVARCache
[2019.07.16-12.17.58:286][  0]LogAIModule: Creating AISystem for world Untitled
[2019.07.16-12.17.58:343][  0]LogInit: XAudio2 using 'Headphones (2- Rift S)' : 2 channels at 48 kHz using 16 bits per sample (channel mask 0x3)
[2019.07.16-12.17.58:359][  0]LogInit: FAudioDevice initialized.
[2019.07.16-12.17.58:359][  0]LogNetVersion: Set ProjectVersion to 1.0.0.0. Version Checksum will be recalculated on next use.
[2019.07.16-12.17.58:439][  0]LogDerivedDataCache: Saved boot cache 0.08s 73MB C:/Users/Student/AppData/Local/UnrealEngine/4.22/DerivedDataCache/Boot.ddc.
[2019.07.16-12.17.58:450][  0]LogInit: Texture streaming: Enabled
[2019.07.16-12.17.58:469][  0]LogEngineSessionManager: EngineSessionManager initialized
[2019.07.16-12.17.58:469][  0]LogEngineSessionManager: EngineSessionManager sent abnormal shutdown report. Type=Debugger, SessionId={9DC1F2D5-424E-80FB-7020-8190CDB98C5F}
[2019.07.16-12.17.58:469][  0]LogEngineSessionManager: EngineSessionManager sent abnormal shutdown report. Type=Crashed, SessionId={9AD71C2E-49C3-A41C-FEF8-FDBA6C14C116}
[2019.07.16-12.17.58:488][  0]LogInit: Transaction tracking system initialized
[2019.07.16-12.17.58:516][  0]BlueprintLog: New page: Editor Load
[2019.07.16-12.17.58:601][  0]LocalizationService: Localization service is disabled
[2019.07.16-12.17.58:865][  0]LogFileCache: Scanning file cache for directory 'D:/Adi Custovic/MajorProject_3.0/MajorProject/Content/' took 0.02s
[2019.07.16-12.17.58:865][  0]LogCook: Display: Max memory allowance for cook 16384mb min free memory 0mb
[2019.07.16-12.17.58:865][  0]LogCook: Display: Mobile HDR setting 1
[2019.07.16-12.17.59:028][  0]SourceControl: Source control is disabled
[2019.07.16-12.17.59:028][  0]Cmd: MAP LOAD FILE="D:/Adi Custovic/MajorProject_3.0/MajorProject/Content/Level/Start.umap" TEMPLATE=0 SHOWPROGRESS=1 FEATURELEVEL=3
[2019.07.16-12.17.59:028][  0]LightingResults: New page: Lighting Build
[2019.07.16-12.17.59:031][  0]MapCheck: New page: Map Check
[2019.07.16-12.17.59:031][  0]LightingResults: New page: Lighting Build
[2019.07.16-12.17.59:052][  0]LogUObjectHash: Compacting FUObjectHashTables data took   1.31ms
[2019.07.16-12.17.59:162][  0]LogAIModule: Creating AISystem for world Start
[2019.07.16-12.17.59:169][  0]LogEditorServer: Finished looking for orphan Actors (0.000 secs)
[2019.07.16-12.17.59:191][  0]LogUObjectHash: Compacting FUObjectHashTables data took   2.21ms
[2019.07.16-12.17.59:191][  0]Cmd: MAP CHECKDEP NOCLEARLOG
[2019.07.16-12.17.59:191][  0]MapCheck: Map check complete: 0 Error(s), 0 Warning(s), took 0.109ms to complete.
[2019.07.16-12.17.59:192][  0]LogFileHelpers: Loading map 'Start' took 0.163
[2019.07.16-12.17.59:284][  0]LogSlate: Updating window title bar state: overlay mode, drag disabled, window buttons hidden, title bar hidden
[2019.07.16-12.17.59:291][  0]LogSlate: Updating window title bar state: overlay mode, drag disabled, window buttons hidden, title bar hidden
[2019.07.16-12.17.59:298][  0]LogSlate: Updating window title bar state: overlay mode, drag disabled, window buttons hidden, title bar hidden
[2019.07.16-12.17.59:305][  0]LogSlate: Updating window title bar state: overlay mode, drag disabled, window buttons hidden, title bar hidden
[2019.07.16-12.17.59:311][  0]LogCollectionManager: Loaded 0 collections in 0.001354 seconds
[2019.07.16-12.17.59:337][  0]LogFileCache: Scanning file cache for directory 'D:/Adi Custovic/MajorProject_3.0/MajorProject/Saved/Collections/' took 0.01s
[2019.07.16-12.17.59:337][  0]LogFileCache: Scanning file cache for directory 'D:/Adi Custovic/MajorProject_3.0/MajorProject/Content/Developers/Student/Collections/' took 0.00s
[2019.07.16-12.17.59:337][  0]LogFileCache: Scanning file cache for directory 'D:/Adi Custovic/MajorProject_3.0/MajorProject/Content/Collections/' took 0.01s
[2019.07.16-12.17.59:337][  0]LogCollectionManager: Rebuilt the GUID cache for 0 collections in 0.000000 seconds
[2019.07.16-12.17.59:345][  0]LogContentBrowser: Native class hierarchy populated in 0.0078 seconds. Added 2743 classes and 670 folders.
[2019.07.16-12.17.59:351][  0]LogContentBrowser: Native class hierarchy updated for 'WidgetCarousel' in 0.0004 seconds. Added 0 classes and 0 folders.
[2019.07.16-12.17.59:352][  0]LogPakFile: Registered encryption key '00000000000000000000000000000000': 0 pak files mounted, 0 remain pending
[2019.07.16-12.17.59:354][  0]LogPakFile: Registered encryption key '00000000000000000000000000000000': 0 pak files mounted, 0 remain pending
[2019.07.16-12.17.59:354][  0]LogPakFile: Registered encryption key '00000000000000000000000000000000': 0 pak files mounted, 0 remain pending
[2019.07.16-12.17.59:354][  0]LogPakFile: Registered encryption key '00000000000000000000000000000000': 0 pak files mounted, 0 remain pending
[2019.07.16-12.17.59:355][  0]LogPakFile: Registered encryption key '00000000000000000000000000000000': 0 pak files mounted, 0 remain pending
[2019.07.16-12.17.59:355][  0]LogPakFile: Registered encryption key '00000000000000000000000000000000': 0 pak files mounted, 0 remain pending
[2019.07.16-12.17.59:356][  0]LogPakFile: Registered encryption key '00000000000000000000000000000000': 0 pak files mounted, 0 remain pending
[2019.07.16-12.17.59:356][  0]LogPakFile: Registered encryption key '00000000000000000000000000000000': 0 pak files mounted, 0 remain pending
[2019.07.16-12.17.59:357][  0]LogPakFile: Registered encryption key '00000000000000000000000000000000': 0 pak files mounted, 0 remain pending
[2019.07.16-12.17.59:357][  0]LogPakFile: Registered encryption key '00000000000000000000000000000000': 0 pak files mounted, 0 remain pending
[2019.07.16-12.17.59:358][  0]LogPakFile: Registered encryption key '00000000000000000000000000000000': 0 pak files mounted, 0 remain pending
[2019.07.16-12.17.59:358][  0]LogPakFile: Registered encryption key '00000000000000000000000000000000': 0 pak files mounted, 0 remain pending
[2019.07.16-12.17.59:358][  0]LogPakFile: Registered encryption key '00000000000000000000000000000000': 0 pak files mounted, 0 remain pending
[2019.07.16-12.17.59:359][  0]LogPakFile: Registered encryption key '00000000000000000000000000000000': 0 pak files mounted, 0 remain pending
[2019.07.16-12.17.59:359][  0]LogPakFile: Registered encryption key '00000000000000000000000000000000': 0 pak files mounted, 0 remain pending
[2019.07.16-12.17.59:359][  0]LogPakFile: Registered encryption key '00000000000000000000000000000000': 0 pak files mounted, 0 remain pending
[2019.07.16-12.17.59:360][  0]LogPakFile: Registered encryption key '00000000000000000000000000000000': 0 pak files mounted, 0 remain pending
[2019.07.16-12.17.59:360][  0]LogPakFile: Registered encryption key '00000000000000000000000000000000': 0 pak files mounted, 0 remain pending
[2019.07.16-12.17.59:360][  0]LogPakFile: Registered encryption key '00000000000000000000000000000000': 0 pak files mounted, 0 remain pending
[2019.07.16-12.17.59:361][  0]LogPakFile: Registered encryption key '00000000000000000000000000000000': 0 pak files mounted, 0 remain pending
[2019.07.16-12.17.59:361][  0]LogPakFile: Registered encryption key '00000000000000000000000000000000': 0 pak files mounted, 0 remain pending
[2019.07.16-12.17.59:362][  0]LogPakFile: Registered encryption key '00000000000000000000000000000000': 0 pak files mounted, 0 remain pending
[2019.07.16-12.17.59:362][  0]LogPakFile: Registered encryption key '00000000000000000000000000000000': 0 pak files mounted, 0 remain pending
[2019.07.16-12.17.59:362][  0]LogPakFile: Registered encryption key '00000000000000000000000000000000': 0 pak files mounted, 0 remain pending
[2019.07.16-12.17.59:363][  0]LogPakFile: Registered encryption key '00000000000000000000000000000000': 0 pak files mounted, 0 remain pending
[2019.07.16-12.17.59:363][  0]LogPakFile: Registered encryption key '00000000000000000000000000000000': 0 pak files mounted, 0 remain pending
[2019.07.16-12.17.59:385][  0]LogContentBrowser: Native class hierarchy updated for 'AddContentDialog' in 0.0003 seconds. Added 0 classes and 0 folders.
[2019.07.16-12.17.59:390][  0]LogContentBrowser: Native class hierarchy updated for 'SceneOutliner' in 0.0003 seconds. Added 1 classes and 2 folders.
[2019.07.16-12.17.59:404][  0]LogSlate: Took 0.000160 seconds to synchronously load lazily loaded font '../../../Engine/Content/Slate/Fonts/Roboto-Regular.ttf' (155K)
[2019.07.16-12.17.59:406][  0]LogSlate: Took 0.000154 seconds to synchronously load lazily loaded font '../../../Engine/Content/Slate/Fonts/Roboto-Bold.ttf' (160K)
[2019.07.16-12.17.59:410][  0]LogSlate: Took 0.000149 seconds to synchronously load lazily loaded font '../../../Engine/Content/Editor/Slate/Fonts/FontAwesome.ttf' (139K)
[2019.07.16-12.17.59:463][  0]LogRenderer: Reallocating scene render targets to support 1208x572 Format 10 NumSamples 1 (Frame:1).
[2019.07.16-12.17.59:565][  0]LogContentBrowser: Native class hierarchy updated for 'HierarchicalLODOutliner' in 0.0005 seconds. Added 0 classes and 0 folders.
[2019.07.16-12.17.59:565][  0]LogLoad: (Engine Initialization) Total time: 7.06 seconds
[2019.07.16-12.17.59:565][  0]LogLoad: (Engine Initialization) Total Blueprint compile time: 0.00 seconds
[2019.07.16-12.17.59:575][  0]LogOcInput: OculusInput is initialized
[2019.07.16-12.17.59:603][  0]LogAssetRegistry: Asset discovery search completed in 3.9209 seconds
[2019.07.16-12.17.59:605][  0]LogCollectionManager: Rebuilt the object cache for 0 collections in 0.000000 seconds (found 0 objects)
[2019.07.16-12.17.59:605][  0]LogCollectionManager: Fixed up redirectors for 0 collections in 0.000043 seconds (updated 0 objects)
[2019.07.16-12.17.59:605][  0]LogContentStreaming: Texture pool size now 1000 MB
[2019.07.16-12.17.59:646][  0]LogSlate: Took 0.000135 seconds to synchronously load lazily loaded font '../../../Engine/Content/Slate/Fonts/Roboto-Light.ttf' (167K)
[2019.07.16-12.18.00:591][108]LogSlate: Took 0.000170 seconds to synchronously load lazily loaded font '../../../Engine/Content/Slate/Fonts/Roboto-Light.ttf' (167K)
[2019.07.16-12.18.10:247][263]LogSlate: FSceneViewport::OnFocusLost() reason 0
[2019.07.16-12.18.10:322][272]LogTemp: Repeating last play command: VR Preview
[2019.07.16-12.18.10:332][272]LogBlueprintUserMessages: Early PlayInEditor Detection: Level '/Game/Level/Start.Start:PersistentLevel' has LevelScriptBlueprint '/Game/Level/Start.Start:PersistentLevel.Start' with GeneratedClass '/Game/Level/Start.Start_C' with ClassGeneratedBy '/Game/Level/Start.Start:PersistentLevel.Start'
[2019.07.16-12.18.10:332][272]LogPlayLevel: PlayLevel: No blueprints needed recompiling
[2019.07.16-12.18.10:332][272]LogHMD: Initializing OVRPlugin session
[2019.07.16-12.18.10:403][272]LogHMD: Allocating Oculus 3296 x 1776 rendertarget swapchain
[2019.07.16-12.18.10:404][272]PIE: New page: PIE session: Start (Jul 16, 2019, 4:18:10 PM)
[2019.07.16-12.18.10:417][272]LogPlayLevel: Creating play world package: /Game/Level/UEDPIE_0_Start
[2019.07.16-12.18.10:424][272]LogPlayLevel: PIE: StaticDuplicateObject took: (0.007230s)
[2019.07.16-12.18.10:424][272]LogAIModule: Creating AISystem for world Start
[2019.07.16-12.18.10:425][272]LogPlayLevel: PIE: World Init took: (0.001303s)
[2019.07.16-12.18.10:425][272]LogPlayLevel: PIE: Created PIE world by copying editor world from /Game/Level/Start.Start to /Game/Level/UEDPIE_0_Start.Start (0.008832s)
[2019.07.16-12.18.10:445][272]LogUObjectHash: Compacting FUObjectHashTables data took   1.16ms
[2019.07.16-12.18.10:473][272]LogInit: XAudio2 using 'Headphones (2- Rift S)' : 2 channels at 48 kHz using 16 bits per sample (channel mask 0x3)
[2019.07.16-12.18.10:485][272]LogInit: FAudioDevice initialized.
[2019.07.16-12.18.10:493][272]LogSlate: Updating window title bar state: overlay mode, drag disabled, window buttons hidden, title bar hidden
[2019.07.16-12.18.10:707][272]LogLoad: Game class is 'BP_MPGameModeBase_C'
[2019.07.16-12.18.10:711][272]LogWorld: Bringing World /Game/Level/UEDPIE_0_Start.Start up for play (max tick rate 0) at 2019.07.16-14.18.10
[2019.07.16-12.18.10:712][272]LogWorld: Bringing up level for play took: 0.002932
[2019.07.16-12.18.10:729][272]LogContentBrowser: Native class hierarchy updated for 'MovieSceneCapture' in 0.0004 seconds. Added 20 classes and 0 folders.
[2019.07.16-12.18.10:733][272]PIE: Play in editor start time for /Game/Level/UEDPIE_0_Start -0.482
[2019.07.16-12.18.10:733][272]LogBlueprintUserMessages: Late PlayInEditor Detection: Level '/Game/Level/Start.Start:PersistentLevel' has LevelScriptBlueprint '/Game/Level/Start.Start:PersistentLevel.Start' with GeneratedClass '/Game/Level/Start.Start_C' with ClassGeneratedBy '/Game/Level/Start.Start:PersistentLevel.Start'
[2019.07.16-12.18.10:733][272]LogEngine: Changing dynamic resolution state.
[2019.07.16-12.18.10:740][272]LogRenderer: Reallocating scene render targets to support 3296x1776 Format 10 NumSamples 1 (Frame:1).
[2019.07.16-12.18.10:740][272]LogHMD: Allocating Oculus 3296 x 1776 depth rendertarget swapchain
[2019.07.16-12.18.10:766][273]LogProfilingDebugging: Allocated a 1024 x 1024 texture for HMD canvas layer
[2019.07.16-12.18.12:432][325]LogWindows: Error: === Critical error: ===
[2019.07.16-12.18.12:432][325]LogWindows: Error: 
[2019.07.16-12.18.12:432][325]LogWindows: Error: Fatal error!
[2019.07.16-12.18.12:432][325]LogWindows: Error: 
[2019.07.16-12.18.12:432][325]LogWindows: Error: Unhandled Exception: EXCEPTION_ACCESS_VIOLATION reading address 0x000003f8
[2019.07.16-12.18.12:432][325]LogWindows: Error: 
[2019.07.16-12.18.12:432][325]LogWindows: Error: [Callstack] 0x00007ff8d51199ec UE4Editor-MajorProject-0001.dll!AFPSPlayerPawn::execShootWeapon() [d:\adi custovic\majorproject_3.0\majorproject\source\majorproject\player\fpsplayerpawn.h:22]
[2019.07.16-12.18.12:432][325]LogWindows: Error: [Callstack] 0x00007ff915a7bac8 UE4Editor-CoreUObject.dll!UnknownFunction []
[2019.07.16-12.18.12:432][325]LogWindows: Error: [Callstack] 0x00007ff915c700e2 UE4Editor-CoreUObject.dll!UnknownFunction []
[2019.07.16-12.18.12:432][325]LogWindows: Error: [Callstack] 0x00007ff915c8e98d UE4Editor-CoreUObject.dll!UnknownFunction []
[2019.07.16-12.18.12:432][325]LogWindows: Error: [Callstack] 0x00007ff915c65efb UE4Editor-CoreUObject.dll!UnknownFunction []
[2019.07.16-12.18.12:432][325]LogWindows: Error: [Callstack] 0x00007ff915c8e6a9 UE4Editor-CoreUObject.dll!UnknownFunction []
[2019.07.16-12.18.12:432][325]LogWindows: Error: [Callstack] 0x00007ff915c8e98d UE4Editor-CoreUObject.dll!UnknownFunction []
[2019.07.16-12.18.12:432][325]LogWindows: Error: [Callstack] 0x00007ff915c8e378 UE4Editor-CoreUObject.dll!UnknownFunction []
[2019.07.16-12.18.12:432][325]LogWindows: Error: [Callstack] 0x00007ff915a7bac8 UE4Editor-CoreUObject.dll!UnknownFunction []
[2019.07.16-12.18.12:432][325]LogWindows: Error: [Callstack] 0x00007ff915c8df07 UE4Editor-CoreUObject.dll!UnknownFunction []
[2019.07.16-12.18.12:432][325]LogWindows: Error: [Callstack] 0x00007ff8eed99ff3 UE4Editor-Engine.dll!UnknownFunction []
[2019.07.16-12.18.12:432][325]LogWindows: Error: [Callstack] 0x00007ff8efe9654a UE4Editor-Engine.dll!UnknownFunction []
[2019.07.16-12.18.12:432][325]LogWindows: Error: [Callstack] 0x00007ff8eedaf99e UE4Editor-Engine.dll!UnknownFunction []
[2019.07.16-12.18.12:432][325]LogWindows: Error: [Callstack] 0x00007ff8d5119248 UE4Editor-MajorProject-0001.dll!AFPSPlayerPawn::Tick() [d:\adi custovic\majorproject_3.0\majorproject\source\majorproject\player\fpsplayerpawn.cpp:76]
[2019.07.16-12.18.12:432][325]LogWindows: Error: [Callstack] 0x00007ff8eedafea2 UE4Editor-Engine.dll!UnknownFunction []
[2019.07.16-12.18.12:432][325]LogWindows: Error: [Callstack] 0x00007ff8eed7aeed UE4Editor-Engine.dll!UnknownFunction []
[2019.07.16-12.18.12:432][325]LogWindows: Error: [Callstack] 0x00007ff8efd372bc UE4Editor-Engine.dll!UnknownFunction []
[2019.07.16-12.18.12:432][325]LogWindows: Error: [Callstack] 0x00007ff8f35022d8 UE4Editor-Core.dll!UnknownFunction []
[2019.07.16-12.18.12:432][325]LogWindows: Error: [Callstack] 0x00007ff8f3502563 UE4Editor-Core.dll!UnknownFunction []
[2019.07.16-12.18.12:432][325]LogWindows: Error: [Callstack] 0x00007ff8f3512309 UE4Editor-Core.dll!UnknownFunction []
[2019.07.16-12.18.12:432][325]LogWindows: Error: [Callstack] 0x00007ff8efd7f9e3 UE4Editor-Engine.dll!UnknownFunction []
[2019.07.16-12.18.12:432][325]LogWindows: Error: [Callstack] 0x00007ff8efd8bd12 UE4Editor-Engine.dll!UnknownFunction []
[2019.07.16-12.18.12:432][325]LogWindows: Error: [Callstack] 0x00007ff8ef5adc4f UE4Editor-Engine.dll!UnknownFunction []
[2019.07.16-12.18.12:432][325]LogWindows: Error: [Callstack] 0x00007ff8ef5b7e28 UE4Editor-Engine.dll!UnknownFunction []
[2019.07.16-12.18.12:432][325]LogWindows: Error: [Callstack] 0x00007ff8f1cc02f7 UE4Editor-UnrealEd.dll!UnknownFunction []
[2019.07.16-12.18.12:432][325]LogWindows: Error: [Callstack] 0x00007ff8f24dd396 UE4Editor-UnrealEd.dll!UnknownFunction []
[2019.07.16-12.18.12:432][325]LogWindows: Error: [Callstack] 0x00007ff6316f6bb1 UE4Editor.exe!UnknownFunction []
[2019.07.16-12.18.12:432][325]LogWindows: Error: [Callstack] 0x00007ff63170554c UE4Editor.exe!UnknownFunction []
[2019.07.16-12.18.12:432][325]LogWindows: Error: [Callstack] 0x00007ff6317055ca UE4Editor.exe!UnknownFunction []
[2019.07.16-12.18.12:432][325]LogWindows: Error: [Callstack] 0x00007ff63171316c UE4Editor.exe!UnknownFunction []
[2019.07.16-12.18.12:432][325]LogWindows: Error: [Callstack] 0x00007ff631715b8e UE4Editor.exe!UnknownFunction []
[2019.07.16-12.18.12:432][325]LogWindows: Error: [Callstack] 0x00007ff94b637bd4 KERNEL32.DLL!UnknownFunction []
[2019.07.16-12.18.12:432][325]LogWindows: Error: [Callstack] 0x00007ff94cbece71 ntdll.dll!UnknownFunction []
[2019.07.16-12.18.12:432][325]LogWindows: Error: 
[2019.07.16-12.18.12:444][325]LogExit: Executing StaticShutdownAfterError
[2019.07.16-12.18.12:446][325]LogWindows: FPlatformMisc::RequestExit(1)
[2019.07.16-12.18.12:465][325]Log file closed, 07/16/19 14:18:12
