Log file open, 06/01/19 21:53:06
LogWindows: Failed to load 'aqProf.dll' (GetLastError=126)
LogWindows: File 'aqProf.dll' does not exist
LogWindows: Failed to load 'VtuneApi.dll' (GetLastError=126)
LogWindows: File 'VtuneApi.dll' does not exist
LogWindows: Failed to load 'VtuneApi32e.dll' (GetLastError=126)
LogWindows: File 'VtuneApi32e.dll' does not exist
LogConsoleResponse: Display: Failed to find resolution value strings in scalability ini. Falling back to default.
LogInit: Display: Running engine for game: MajorProject
LogPakFile: Registered encryption key '00000000000000000000000000000000': 0 pak files mounted, 0 remain pending
LogPlatformFile: Not using cached read wrapper
LogTaskGraph: Started task graph with 5 named threads and 35 total threads with 3 sets of task threads.
LogStats: Stats thread started at 0.387900
LogD3D11RHI: Loaded GFSDK_Aftermath_Lib.x64.dll
LogICUInternationalization: ICU TimeZone Detection - Raw Offset: +1:00, Platform Override: ''
LogPluginManager: Mounting plugin Paper2D
LogPluginManager: Mounting plugin AISupport
LogPluginManager: Mounting plugin LightPropagationVolume
LogPluginManager: Mounting plugin ActorLayerUtilities
LogPluginManager: Mounting plugin AnimationSharing
LogPluginManager: Mounting plugin CLionSourceCodeAccess
LogPluginManager: Mounting plugin CodeLiteSourceCodeAccess
LogPluginManager: Mounting plugin GitSourceControl
LogPluginManager: Mounting plugin KDevelopSourceCodeAccess
LogPluginManager: Mounting plugin NullSourceCodeAccess
LogPluginManager: Mounting plugin PerforceSourceControl
LogPluginManager: Mounting plugin SubversionSourceControl
LogPluginManager: Mounting plugin UObjectPlugin
LogPluginManager: Mounting plugin VisualStudioCodeSourceCodeAccess
LogPluginManager: Mounting plugin VisualStudioSourceCodeAccess
LogPluginManager: Mounting plugin XCodeSourceCodeAccess
LogPluginManager: Mounting plugin AssetManagerEditor
LogPluginManager: Mounting plugin CryptoKeys
LogPluginManager: Mounting plugin DataValidation
LogPluginManager: Mounting plugin FacialAnimation
LogPluginManager: Mounting plugin GameplayTagsEditor
LogPluginManager: Mounting plugin MacGraphicsSwitching
LogPluginManager: Mounting plugin MaterialAnalyzer
LogPluginManager: Mounting plugin MobileLauncherProfileWizard
LogPluginManager: Mounting plugin PluginBrowser
LogPluginManager: Mounting plugin SpeedTreeImporter
LogPluginManager: Mounting plugin DatasmithContent
LogPluginManager: Mounting plugin VariantManagerContent
LogPluginManager: Mounting plugin AlembicImporter
LogPluginManager: Mounting plugin AppleImageUtils
LogPluginManager: Mounting plugin AppleVision
LogPluginManager: Mounting plugin BackChannel
LogPluginManager: Mounting plugin CharacterAI
LogPluginManager: Mounting plugin GeometryCache
LogPluginManager: Mounting plugin HTML5Networking
LogPluginManager: Mounting plugin ProxyLODPlugin
LogPluginManager: Mounting plugin SkeletalReduction
LogPluginManager: Mounting plugin MagicLeap
LogPluginManager: Mounting plugin MagicLeapMedia
LogPluginManager: Mounting plugin AndroidMedia
LogPluginManager: Mounting plugin AvfMedia
LogPluginManager: Mounting plugin ImgMedia
LogPluginManager: Mounting plugin LinearTimecode
LogPluginManager: Mounting plugin MediaCompositing
LogPluginManager: Mounting plugin MediaPlayerEditor
LogPluginManager: Mounting plugin WebMMedia
LogPluginManager: Mounting plugin WmfMedia
LogPluginManager: Mounting plugin TcpMessaging
LogPluginManager: Mounting plugin UdpMessaging
LogPluginManager: Mounting plugin ActorSequence
LogPluginManager: Mounting plugin LevelSequenceEditor
LogPluginManager: Mounting plugin MatineeToLevelSequence
LogPluginManager: Mounting plugin NetcodeUnitTest
LogPluginManager: Mounting plugin NUTUnrealEngine4
LogPluginManager: Mounting plugin OnlineSubsystemGooglePlay
LogPluginManager: Mounting plugin OnlineSubsystemIOS
LogPluginManager: Mounting plugin OnlineSubsystem
LogPluginManager: Mounting plugin OnlineSubsystemNull
LogPluginManager: Mounting plugin OnlineSubsystemUtils
LogPluginManager: Mounting plugin LauncherChunkInstaller
LogPluginManager: Mounting plugin AndroidDeviceProfileSelector
LogPluginManager: Mounting plugin AndroidMoviePlayer
LogPluginManager: Mounting plugin AndroidPermission
LogPluginManager: Mounting plugin AppleMoviePlayer
LogPluginManager: Mounting plugin ArchVisCharacter
LogPluginManager: Mounting plugin AudioCapture
LogPluginManager: Mounting plugin CableComponent
LogPluginManager: Mounting plugin CustomMeshComponent
LogPluginManager: Mounting plugin EditableMesh
LogPluginManager: Mounting plugin ExampleDeviceProfileSelector
LogPluginManager: Mounting plugin Firebase
LogPluginManager: Mounting plugin GoogleCloudMessaging
LogPluginManager: Mounting plugin IOSDeviceProfileSelector
LogPluginManager: Mounting plugin LinuxDeviceProfileSelector
LogPluginManager: Mounting plugin LocationServicesBPLibrary
LogPluginManager: Mounting plugin MobilePatchingUtils
LogPluginManager: Mounting plugin OculusVR
LogPluginManager: Mounting plugin PhysXVehicles
LogPluginManager: Mounting plugin ProceduralMeshComponent
LogPluginManager: Mounting plugin RuntimePhysXCooking
LogPluginManager: Mounting plugin SignificanceManager
LogPluginManager: Mounting plugin SteamVR
LogPluginManager: Mounting plugin WebMMoviePlayer
LogPluginManager: Mounting plugin WindowsMoviePlayer
LogInit: Using libcurl 7.55.1-DEV
LogInit:  - built for x86_64-pc-win32
LogInit:  - supports SSL with OpenSSL/1.1.1
LogInit:  - supports HTTP deflate (compression) using libz 1.2.8
LogInit:  - other features:
LogInit:      CURL_VERSION_SSL
LogInit:      CURL_VERSION_LIBZ
LogInit:      CURL_VERSION_IPV6
LogInit:      CURL_VERSION_ASYNCHDNS
LogInit:      CURL_VERSION_LARGEFILE
LogInit:      CURL_VERSION_IDN
LogInit:  CurlRequestOptions (configurable via config and command line):
LogInit:  - bVerifyPeer = true  - Libcurl will verify peer certificate
LogInit:  - bUseHttpProxy = false  - Libcurl will NOT use HTTP proxy
LogInit:  - bDontReuseConnections = false  - Libcurl will reuse connections
LogInit:  - MaxHostConnections = 16  - Libcurl will limit the number of connections to a host
LogInit:  - LocalHostAddr = Default
LogInit:  - BufferSize = 65536
LogInit: WinSock: version 1.1 (2.2), MaxSocks=32767, MaxUdp=65467
LogInit: Build: ++UE4+Release-4.22-CL-6574378
LogInit: Engine Version: 4.22.2-6574378+++UE4+Release-4.22
LogInit: Compatible Engine Version: 4.22.0-5660361+++UE4+Release-4.22
LogInit: Net CL: 5660361
LogInit: OS: Windows 10 (Release 1809) (), CPU: Intel(R) Core(TM) i7-8700 CPU @ 3.20GHz, GPU: NVIDIA GeForce GTX 1060 6GB
LogInit: Compiled (64-bit): May 20 2019 09:54:56
LogInit: Compiled with Visual C++: 19.16.27025.01
LogInit: Build Configuration: Development
LogInit: Branch Name: ++UE4+Release-4.22
LogInit: Command Line: 
LogInit: Base Directory: D:/Programms/UE_4.22/Engine/Binaries/Win64/
LogInit: Installed Engine Build: 1
LogDevObjectVersion: Number of dev versions registered: 23
LogDevObjectVersion:   Dev-Blueprints (B0D832E4-1F89-4F0D-ACCF-7EB736FD4AA2): 10
LogDevObjectVersion:   Dev-Build (E1C64328-A22C-4D53-A36C-8E866417BD8C): 0
LogDevObjectVersion:   Dev-Core (375EC13C-06E4-48FB-B500-84F0262A717E): 3
LogDevObjectVersion:   Dev-Editor (E4B068ED-F494-42E9-A231-DA0B2E46BB41): 30
LogDevObjectVersion:   Dev-Framework (CFFC743F-43B0-4480-9391-14DF171D2073): 35
LogDevObjectVersion:   Dev-Mobile (B02B49B5-BB20-44E9-A304-32B752E40360): 2
LogDevObjectVersion:   Dev-Networking (A4E4105C-59A1-49B5-A7C5-40C4547EDFEE): 0
LogDevObjectVersion:   Dev-Online (39C831C9-5AE6-47DC-9A44-9C173E1C8E7C): 0
LogDevObjectVersion:   Dev-Physics (78F01B33-EBEA-4F98-B9B4-84EACCB95AA2): 0
LogDevObjectVersion:   Dev-Platform (6631380F-2D4D-43E0-8009-CF276956A95A): 0
LogDevObjectVersion:   Dev-Rendering (12F88B9F-8875-4AFC-A67C-D90C383ABD29): 28
LogDevObjectVersion:   Dev-Sequencer (7B5AE74C-D270-4C10-A958-57980B212A5A): 11
LogDevObjectVersion:   Dev-VR (D7296918-1DD6-4BDD-9DE2-64A83CC13884): 2
LogDevObjectVersion:   Dev-LoadTimes (C2A15278-BFE7-4AFE-6C17-90FF531DF755): 1
LogDevObjectVersion:   Private-Geometry (6EACA3D4-40EC-4CC1-B786-8BED09428FC5): 3
LogDevObjectVersion:   Dev-AnimPhys (29E575DD-E0A3-4627-9D10-D276232CDCEA): 17
LogDevObjectVersion:   Dev-Anim (AF43A65D-7FD3-4947-9873-3E8ED9C1BB05): 2
LogDevObjectVersion:   Dev-ReflectionCapture (6B266CEC-1EC7-4B8F-A30B-E4D90942FC07): 1
LogDevObjectVersion:   Dev-Automation (0DF73D61-A23F-47EA-B727-89E90C41499A): 1
LogDevObjectVersion:   FortniteMain (601D1886-AC64-4F84-AA16-D3DE0DEAC7D6): 25
LogDevObjectVersion:   Dev-Enterprise (9DFFBCD6-494F-0158-E221-12823C92A888): 6
LogDevObjectVersion:   Dev-Niagara (F2AED0AC-9AFE-416F-8664-AA7FFA26D6FC): 1
LogDevObjectVersion:   Dev-Destruction (174F1F0B-B4C6-45A5-B13F-2EE8D0FB917D): 2
LogInit: Presizing for max 16777216 objects, including 0 objects not considered by GC, pre-allocating 0 bytes for permanent pool.
LogInit: Object subsystem initialized
LogConfig: Setting CVar [[con.DebugEarlyDefault:1]]
LogConfig: Setting CVar [[r.setres:1280x720]]
[2019.06.01-19.53.06:585][  0]LogConfig: Setting CVar [[r.VSync:0]]
[2019.06.01-19.53.06:585][  0]LogConfig: Setting CVar [[r.RHICmdBypass:0]]
[2019.06.01-19.53.06:585][  0]LogConfig: Applying CVar settings from Section [/Script/Engine.RendererSettings] File [D:/Projekte/MajorProject_3.0/MajorProject/Saved/Config/Windows/Engine.ini]
[2019.06.01-19.53.06:585][  0]LogConfig: Setting CVar [[r.GPUCrashDebugging:0]]
[2019.06.01-19.53.06:585][  0]LogConfig: Setting CVar [[r.DefaultFeature.AutoExposure.ExtendDefaultLuminanceRange:1]]
[2019.06.01-19.53.06:585][  0]LogConfig: Applying CVar settings from Section [/Script/Engine.RendererOverrideSettings] File [D:/Projekte/MajorProject_3.0/MajorProject/Saved/Config/Windows/Engine.ini]
[2019.06.01-19.53.06:585][  0]LogConfig: Applying CVar settings from Section [/Script/Engine.StreamingSettings] File [D:/Projekte/MajorProject_3.0/MajorProject/Saved/Config/Windows/Engine.ini]
[2019.06.01-19.53.06:585][  0]LogConfig: Setting CVar [[s.MinBulkDataSizeForAsyncLoading:131072]]
[2019.06.01-19.53.06:585][  0]LogConfig: Setting CVar [[s.AsyncLoadingThreadEnabled:0]]
[2019.06.01-19.53.06:585][  0]LogConfig: Setting CVar [[s.EventDrivenLoaderEnabled:1]]
[2019.06.01-19.53.06:585][  0]LogConfig: Setting CVar [[s.WarnIfTimeLimitExceeded:0]]
[2019.06.01-19.53.06:585][  0]LogConfig: Setting CVar [[s.TimeLimitExceededMultiplier:1.5]]
[2019.06.01-19.53.06:585][  0]LogConfig: Setting CVar [[s.TimeLimitExceededMinTime:0.005]]
[2019.06.01-19.53.06:586][  0]LogConfig: Setting CVar [[s.UseBackgroundLevelStreaming:1]]
[2019.06.01-19.53.06:586][  0]LogConfig: Setting CVar [[s.PriorityAsyncLoadingExtraTime:15.0]]
[2019.06.01-19.53.06:586][  0]LogConfig: Setting CVar [[s.LevelStreamingActorsUpdateTimeLimit:5.0]]
[2019.06.01-19.53.06:586][  0]LogConfig: Setting CVar [[s.PriorityLevelStreamingActorsUpdateExtraTime:5.0]]
[2019.06.01-19.53.06:586][  0]LogConfig: Setting CVar [[s.LevelStreamingComponentsRegistrationGranularity:10]]
[2019.06.01-19.53.06:586][  0]LogConfig: Setting CVar [[s.UnregisterComponentsTimeLimit:1.0]]
[2019.06.01-19.53.06:586][  0]LogConfig: Setting CVar [[s.LevelStreamingComponentsUnregistrationGranularity:5]]
[2019.06.01-19.53.06:586][  0]LogConfig: Applying CVar settings from Section [/Script/Engine.GarbageCollectionSettings] File [D:/Projekte/MajorProject_3.0/MajorProject/Saved/Config/Windows/Engine.ini]
[2019.06.01-19.53.06:586][  0]LogConfig: Setting CVar [[gc.MaxObjectsNotConsideredByGC:1]]
[2019.06.01-19.53.06:586][  0]LogConfig: Setting CVar [[gc.SizeOfPermanentObjectPool:0]]
[2019.06.01-19.53.06:586][  0]LogConfig: Setting CVar [[gc.FlushStreamingOnGC:0]]
[2019.06.01-19.53.06:586][  0]LogConfig: Setting CVar [[gc.NumRetriesBeforeForcingGC:10]]
[2019.06.01-19.53.06:586][  0]LogConfig: Setting CVar [[gc.AllowParallelGC:1]]
[2019.06.01-19.53.06:586][  0]LogConfig: Setting CVar [[gc.TimeBetweenPurgingPendingKillObjects:61.1]]
[2019.06.01-19.53.06:586][  0]LogConfig: Setting CVar [[gc.MaxObjectsInEditor:16777216]]
[2019.06.01-19.53.06:586][  0]LogConfig: Setting CVar [[gc.IncrementalBeginDestroyEnabled:1]]
[2019.06.01-19.53.06:586][  0]LogConfig: Setting CVar [[gc.CreateGCClusters:1]]
[2019.06.01-19.53.06:586][  0]LogConfig: Setting CVar [[gc.MinGCClusterSize:5]]
[2019.06.01-19.53.06:586][  0]LogConfig: Setting CVar [[gc.ActorClusteringEnabled:0]]
[2019.06.01-19.53.06:586][  0]LogConfig: Setting CVar [[gc.BlueprintClusteringEnabled:0]]
[2019.06.01-19.53.06:586][  0]LogConfig: Setting CVar [[gc.UseDisregardForGCOnDedicatedServers:0]]
[2019.06.01-19.53.06:586][  0]LogConfig: Applying CVar settings from Section [/Script/Engine.NetworkSettings] File [D:/Projekte/MajorProject_3.0/MajorProject/Saved/Config/Windows/Engine.ini]
[2019.06.01-19.53.06:586][  0]LogConfig: Applying CVar settings from Section [/Script/UnrealEd.CookerSettings] File [D:/Projekte/MajorProject_3.0/MajorProject/Saved/Config/Windows/Engine.ini]
[2019.06.01-19.53.06:595][  0]LogConfig: Applying CVar settings from Section [ViewDistanceQuality@3] File [D:/Projekte/MajorProject_3.0/MajorProject/Saved/Config/Windows/Scalability.ini]
[2019.06.01-19.53.06:595][  0]LogConfig: Setting CVar [[r.SkeletalMeshLODBias:0]]
[2019.06.01-19.53.06:595][  0]LogConfig: Setting CVar [[r.ViewDistanceScale:1.0]]
[2019.06.01-19.53.06:595][  0]LogConfig: Applying CVar settings from Section [AntiAliasingQuality@3] File [D:/Projekte/MajorProject_3.0/MajorProject/Saved/Config/Windows/Scalability.ini]
[2019.06.01-19.53.06:595][  0]LogConfig: Setting CVar [[r.PostProcessAAQuality:4]]
[2019.06.01-19.53.06:595][  0]LogConfig: Applying CVar settings from Section [ShadowQuality@3] File [D:/Projekte/MajorProject_3.0/MajorProject/Saved/Config/Windows/Scalability.ini]
[2019.06.01-19.53.06:595][  0]LogConfig: Setting CVar [[r.LightFunctionQuality:1]]
[2019.06.01-19.53.06:595][  0]LogConfig: Setting CVar [[r.ShadowQuality:5]]
[2019.06.01-19.53.06:596][  0]LogConfig: Setting CVar [[r.Shadow.CSM.MaxCascades:10]]
[2019.06.01-19.53.06:596][  0]LogConfig: Setting CVar [[r.Shadow.MaxResolution:2048]]
[2019.06.01-19.53.06:596][  0]LogConfig: Setting CVar [[r.Shadow.MaxCSMResolution:2048]]
[2019.06.01-19.53.06:596][  0]LogConfig: Setting CVar [[r.Shadow.RadiusThreshold:0.01]]
[2019.06.01-19.53.06:596][  0]LogConfig: Setting CVar [[r.Shadow.DistanceScale:1.0]]
[2019.06.01-19.53.06:596][  0]LogConfig: Setting CVar [[r.Shadow.CSM.TransitionScale:1.0]]
[2019.06.01-19.53.06:596][  0]LogConfig: Setting CVar [[r.Shadow.PreShadowResolutionFactor:1.0]]
[2019.06.01-19.53.06:596][  0]LogConfig: Setting CVar [[r.DistanceFieldShadowing:1]]
[2019.06.01-19.53.06:596][  0]LogConfig: Setting CVar [[r.DistanceFieldAO:1]]
[2019.06.01-19.53.06:596][  0]LogConfig: Setting CVar [[r.AOQuality:2]]
[2019.06.01-19.53.06:596][  0]LogConfig: Setting CVar [[r.VolumetricFog:1]]
[2019.06.01-19.53.06:596][  0]LogConfig: Setting CVar [[r.VolumetricFog.GridPixelSize:8]]
[2019.06.01-19.53.06:596][  0]LogConfig: Setting CVar [[r.VolumetricFog.GridSizeZ:128]]
[2019.06.01-19.53.06:596][  0]LogConfig: Setting CVar [[r.VolumetricFog.HistoryMissSupersampleCount:4]]
[2019.06.01-19.53.06:596][  0]LogConfig: Setting CVar [[r.LightMaxDrawDistanceScale:1]]
[2019.06.01-19.53.06:596][  0]LogConfig: Setting CVar [[r.CapsuleShadows:1]]
[2019.06.01-19.53.06:596][  0]LogConfig: Applying CVar settings from Section [PostProcessQuality@3] File [D:/Projekte/MajorProject_3.0/MajorProject/Saved/Config/Windows/Scalability.ini]
[2019.06.01-19.53.06:596][  0]LogConfig: Setting CVar [[r.MotionBlurQuality:4]]
[2019.06.01-19.53.06:596][  0]LogConfig: Setting CVar [[r.AmbientOcclusionMipLevelFactor:0.4]]
[2019.06.01-19.53.06:596][  0]LogConfig: Setting CVar [[r.AmbientOcclusionMaxQuality:100]]
[2019.06.01-19.53.06:596][  0]LogConfig: Setting CVar [[r.AmbientOcclusionLevels:-1]]
[2019.06.01-19.53.06:596][  0]LogConfig: Setting CVar [[r.AmbientOcclusionRadiusScale:1.0]]
[2019.06.01-19.53.06:596][  0]LogConfig: Setting CVar [[r.DepthOfFieldQuality:2]]
[2019.06.01-19.53.06:596][  0]LogConfig: Setting CVar [[r.RenderTargetPoolMin:400]]
[2019.06.01-19.53.06:596][  0]LogConfig: Setting CVar [[r.LensFlareQuality:2]]
[2019.06.01-19.53.06:596][  0]LogConfig: Setting CVar [[r.SceneColorFringeQuality:1]]
[2019.06.01-19.53.06:596][  0]LogConfig: Setting CVar [[r.EyeAdaptationQuality:2]]
[2019.06.01-19.53.06:596][  0]LogConfig: Setting CVar [[r.BloomQuality:5]]
[2019.06.01-19.53.06:596][  0]LogConfig: Setting CVar [[r.FastBlurThreshold:100]]
[2019.06.01-19.53.06:596][  0]LogConfig: Setting CVar [[r.Upscale.Quality:3]]
[2019.06.01-19.53.06:596][  0]LogConfig: Setting CVar [[r.Tonemapper.GrainQuantization:1]]
[2019.06.01-19.53.06:596][  0]LogConfig: Setting CVar [[r.LightShaftQuality:1]]
[2019.06.01-19.53.06:596][  0]LogConfig: Setting CVar [[r.Filter.SizeScale:1]]
[2019.06.01-19.53.06:596][  0]LogConfig: Setting CVar [[r.Tonemapper.Quality:5]]
[2019.06.01-19.53.06:596][  0]LogConfig: Setting CVar [[r.DOF.Gather.AccumulatorQuality:1        ; higher gathering accumulator quality]]
[2019.06.01-19.53.06:596][  0]LogConfig: Setting CVar [[r.DOF.Gather.PostfilterMethod:1          ; Median3x3 postfilering method]]
[2019.06.01-19.53.06:596][  0]LogConfig: Setting CVar [[r.DOF.Gather.EnableBokehSettings:0       ; no bokeh simulation when gathering]]
[2019.06.01-19.53.06:596][  0]LogConfig: Setting CVar [[r.DOF.Gather.RingCount:4                 ; medium number of samples when gathering]]
[2019.06.01-19.53.06:596][  0]LogConfig: Setting CVar [[r.DOF.Scatter.ForegroundCompositing:1    ; additive foreground scattering]]
[2019.06.01-19.53.06:596][  0]LogConfig: Setting CVar [[r.DOF.Scatter.BackgroundCompositing:2    ; additive background scattering]]
[2019.06.01-19.53.06:596][  0]LogConfig: Setting CVar [[r.DOF.Scatter.EnableBokehSettings:1      ; bokeh simulation when scattering]]
[2019.06.01-19.53.06:596][  0]LogConfig: Setting CVar [[r.DOF.Scatter.MaxSpriteRatio:0.1         ; only a maximum of 10% of scattered bokeh]]
[2019.06.01-19.53.06:596][  0]LogConfig: Setting CVar [[r.DOF.Recombine.Quality:1                ; cheap slight out of focus]]
[2019.06.01-19.53.06:596][  0]LogConfig: Setting CVar [[r.DOF.Recombine.EnableBokehSettings:0    ; no bokeh simulation on slight out of focus]]
[2019.06.01-19.53.06:596][  0]LogConfig: Setting CVar [[r.DOF.TemporalAAQuality:1                ; more stable temporal accumulation]]
[2019.06.01-19.53.06:596][  0]LogConfig: Setting CVar [[r.DOF.Kernel.MaxForegroundRadius:0.025]]
[2019.06.01-19.53.06:596][  0]LogConfig: Setting CVar [[r.DOF.Kernel.MaxBackgroundRadius:0.025]]
[2019.06.01-19.53.06:596][  0]LogConfig: Applying CVar settings from Section [TextureQuality@3] File [D:/Projekte/MajorProject_3.0/MajorProject/Saved/Config/Windows/Scalability.ini]
[2019.06.01-19.53.06:596][  0]LogConfig: Setting CVar [[r.Streaming.MipBias:0]]
[2019.06.01-19.53.06:596][  0]LogConfig: Setting CVar [[r.Streaming.AmortizeCPUToGPUCopy:0]]
[2019.06.01-19.53.06:596][  0]LogConfig: Setting CVar [[r.Streaming.MaxNumTexturesToStreamPerFrame:0]]
[2019.06.01-19.53.06:596][  0]LogConfig: Setting CVar [[r.Streaming.Boost:1]]
[2019.06.01-19.53.06:596][  0]LogConfig: Setting CVar [[r.MaxAnisotropy:8]]
[2019.06.01-19.53.06:596][  0]LogConfig: Setting CVar [[r.Streaming.LimitPoolSizeToVRAM:0]]
[2019.06.01-19.53.06:596][  0]LogConfig: Setting CVar [[r.Streaming.PoolSize:1000]]
[2019.06.01-19.53.06:596][  0]LogConfig: Setting CVar [[r.Streaming.MaxEffectiveScreenSize:0]]
[2019.06.01-19.53.06:596][  0]LogConfig: Applying CVar settings from Section [EffectsQuality@3] File [D:/Projekte/MajorProject_3.0/MajorProject/Saved/Config/Windows/Scalability.ini]
[2019.06.01-19.53.06:596][  0]LogConfig: Setting CVar [[r.TranslucencyLightingVolumeDim:64]]
[2019.06.01-19.53.06:596][  0]LogConfig: Setting CVar [[r.RefractionQuality:2]]
[2019.06.01-19.53.06:596][  0]LogConfig: Setting CVar [[r.SSR.Quality:3]]
[2019.06.01-19.53.06:596][  0]LogConfig: Setting CVar [[r.SceneColorFormat:4]]
[2019.06.01-19.53.06:596][  0]LogConfig: Setting CVar [[r.DetailMode:2]]
[2019.06.01-19.53.06:596][  0]LogConfig: Setting CVar [[r.TranslucencyVolumeBlur:1]]
[2019.06.01-19.53.06:596][  0]LogConfig: Setting CVar [[r.MaterialQualityLevel:1 ; High quality]]
[2019.06.01-19.53.06:596][  0]LogConfig: Setting CVar [[r.SSS.Scale:1]]
[2019.06.01-19.53.06:596][  0]LogConfig: Setting CVar [[r.SSS.SampleSet:2]]
[2019.06.01-19.53.06:596][  0]LogConfig: Setting CVar [[r.SSS.Quality:1]]
[2019.06.01-19.53.06:596][  0]LogConfig: Setting CVar [[r.SSS.HalfRes:1]]
[2019.06.01-19.53.06:596][  0]LogConfig: Setting CVar [[r.EmitterSpawnRateScale:1.0]]
[2019.06.01-19.53.06:596][  0]LogConfig: Setting CVar [[r.ParticleLightQuality:2]]
[2019.06.01-19.53.06:596][  0]LogConfig: Applying CVar settings from Section [FoliageQuality@3] File [D:/Projekte/MajorProject_3.0/MajorProject/Saved/Config/Windows/Scalability.ini]
[2019.06.01-19.53.06:596][  0]LogConfig: Setting CVar [[foliage.DensityScale:1.0]]
[2019.06.01-19.53.06:596][  0]LogConfig: Setting CVar [[grass.DensityScale:1.0]]
[2019.06.01-19.53.06:596][  0]LogInit: Selected Device Profile: [Windows]
[2019.06.01-19.53.06:596][  0]LogInit: Applying CVar settings loaded from the selected device profile: [Windows]
[2019.06.01-19.53.06:603][  0]LogHAL: Display: Platform has ~ 16 GB [17083297792 / 17179869184 / 16], which maps to Larger [LargestMinGB=32, LargerMinGB=12, DefaultMinGB=8, SmallerMinGB=6, SmallestMinGB=0)
[2019.06.01-19.53.06:603][  0]LogConfig: Setting CVar [[r.Vulkan.UseRealUBs:0		; Required until we fix HLR fall-out]]
[2019.06.01-19.53.06:603][  0]LogInit: Going up to parent DeviceProfile []
[2019.06.01-19.53.06:603][  0]LogConfig: Applying CVar settings from Section [ViewDistanceQuality@3] File [D:/Projekte/MajorProject_3.0/MajorProject/Saved/Config/Windows/Scalability.ini]
[2019.06.01-19.53.06:603][  0]LogConfig: Setting CVar [[r.SkeletalMeshLODBias:0]]
[2019.06.01-19.53.06:603][  0]LogConfig: Setting CVar [[r.ViewDistanceScale:1.0]]
[2019.06.01-19.53.06:603][  0]LogConfig: Applying CVar settings from Section [AntiAliasingQuality@3] File [D:/Projekte/MajorProject_3.0/MajorProject/Saved/Config/Windows/Scalability.ini]
[2019.06.01-19.53.06:603][  0]LogConfig: Setting CVar [[r.PostProcessAAQuality:4]]
[2019.06.01-19.53.06:603][  0]LogConfig: Applying CVar settings from Section [ShadowQuality@3] File [D:/Projekte/MajorProject_3.0/MajorProject/Saved/Config/Windows/Scalability.ini]
[2019.06.01-19.53.06:603][  0]LogConfig: Setting CVar [[r.LightFunctionQuality:1]]
[2019.06.01-19.53.06:603][  0]LogConfig: Setting CVar [[r.ShadowQuality:5]]
[2019.06.01-19.53.06:603][  0]LogConfig: Setting CVar [[r.Shadow.CSM.MaxCascades:10]]
[2019.06.01-19.53.06:603][  0]LogConfig: Setting CVar [[r.Shadow.MaxResolution:2048]]
[2019.06.01-19.53.06:603][  0]LogConfig: Setting CVar [[r.Shadow.MaxCSMResolution:2048]]
[2019.06.01-19.53.06:603][  0]LogConfig: Setting CVar [[r.Shadow.RadiusThreshold:0.01]]
[2019.06.01-19.53.06:603][  0]LogConfig: Setting CVar [[r.Shadow.DistanceScale:1.0]]
[2019.06.01-19.53.06:603][  0]LogConfig: Setting CVar [[r.Shadow.CSM.TransitionScale:1.0]]
[2019.06.01-19.53.06:603][  0]LogConfig: Setting CVar [[r.Shadow.PreShadowResolutionFactor:1.0]]
[2019.06.01-19.53.06:603][  0]LogConfig: Setting CVar [[r.DistanceFieldShadowing:1]]
[2019.06.01-19.53.06:603][  0]LogConfig: Setting CVar [[r.DistanceFieldAO:1]]
[2019.06.01-19.53.06:603][  0]LogConfig: Setting CVar [[r.AOQuality:2]]
[2019.06.01-19.53.06:603][  0]LogConfig: Setting CVar [[r.VolumetricFog:1]]
[2019.06.01-19.53.06:603][  0]LogConfig: Setting CVar [[r.VolumetricFog.GridPixelSize:8]]
[2019.06.01-19.53.06:603][  0]LogConfig: Setting CVar [[r.VolumetricFog.GridSizeZ:128]]
[2019.06.01-19.53.06:603][  0]LogConfig: Setting CVar [[r.VolumetricFog.HistoryMissSupersampleCount:4]]
[2019.06.01-19.53.06:603][  0]LogConfig: Setting CVar [[r.LightMaxDrawDistanceScale:1]]
[2019.06.01-19.53.06:603][  0]LogConfig: Setting CVar [[r.CapsuleShadows:1]]
[2019.06.01-19.53.06:603][  0]LogConfig: Applying CVar settings from Section [PostProcessQuality@3] File [D:/Projekte/MajorProject_3.0/MajorProject/Saved/Config/Windows/Scalability.ini]
[2019.06.01-19.53.06:603][  0]LogConfig: Setting CVar [[r.MotionBlurQuality:4]]
[2019.06.01-19.53.06:603][  0]LogConfig: Setting CVar [[r.AmbientOcclusionMipLevelFactor:0.4]]
[2019.06.01-19.53.06:603][  0]LogConfig: Setting CVar [[r.AmbientOcclusionMaxQuality:100]]
[2019.06.01-19.53.06:603][  0]LogConfig: Setting CVar [[r.AmbientOcclusionLevels:-1]]
[2019.06.01-19.53.06:603][  0]LogConfig: Setting CVar [[r.AmbientOcclusionRadiusScale:1.0]]
[2019.06.01-19.53.06:603][  0]LogConfig: Setting CVar [[r.DepthOfFieldQuality:2]]
[2019.06.01-19.53.06:603][  0]LogConfig: Setting CVar [[r.RenderTargetPoolMin:400]]
[2019.06.01-19.53.06:603][  0]LogConfig: Setting CVar [[r.LensFlareQuality:2]]
[2019.06.01-19.53.06:603][  0]LogConfig: Setting CVar [[r.SceneColorFringeQuality:1]]
[2019.06.01-19.53.06:603][  0]LogConfig: Setting CVar [[r.EyeAdaptationQuality:2]]
[2019.06.01-19.53.06:603][  0]LogConfig: Setting CVar [[r.BloomQuality:5]]
[2019.06.01-19.53.06:603][  0]LogConfig: Setting CVar [[r.FastBlurThreshold:100]]
[2019.06.01-19.53.06:603][  0]LogConfig: Setting CVar [[r.Upscale.Quality:3]]
[2019.06.01-19.53.06:603][  0]LogConfig: Setting CVar [[r.Tonemapper.GrainQuantization:1]]
[2019.06.01-19.53.06:603][  0]LogConfig: Setting CVar [[r.LightShaftQuality:1]]
[2019.06.01-19.53.06:603][  0]LogConfig: Setting CVar [[r.Filter.SizeScale:1]]
[2019.06.01-19.53.06:603][  0]LogConfig: Setting CVar [[r.Tonemapper.Quality:5]]
[2019.06.01-19.53.06:603][  0]LogConfig: Setting CVar [[r.DOF.Gather.AccumulatorQuality:1        ; higher gathering accumulator quality]]
[2019.06.01-19.53.06:603][  0]LogConfig: Setting CVar [[r.DOF.Gather.PostfilterMethod:1          ; Median3x3 postfilering method]]
[2019.06.01-19.53.06:603][  0]LogConfig: Setting CVar [[r.DOF.Gather.EnableBokehSettings:0       ; no bokeh simulation when gathering]]
[2019.06.01-19.53.06:603][  0]LogConfig: Setting CVar [[r.DOF.Gather.RingCount:4                 ; medium number of samples when gathering]]
[2019.06.01-19.53.06:603][  0]LogConfig: Setting CVar [[r.DOF.Scatter.ForegroundCompositing:1    ; additive foreground scattering]]
[2019.06.01-19.53.06:603][  0]LogConfig: Setting CVar [[r.DOF.Scatter.BackgroundCompositing:2    ; additive background scattering]]
[2019.06.01-19.53.06:603][  0]LogConfig: Setting CVar [[r.DOF.Scatter.EnableBokehSettings:1      ; bokeh simulation when scattering]]
[2019.06.01-19.53.06:603][  0]LogConfig: Setting CVar [[r.DOF.Scatter.MaxSpriteRatio:0.1         ; only a maximum of 10% of scattered bokeh]]
[2019.06.01-19.53.06:603][  0]LogConfig: Setting CVar [[r.DOF.Recombine.Quality:1                ; cheap slight out of focus]]
[2019.06.01-19.53.06:603][  0]LogConfig: Setting CVar [[r.DOF.Recombine.EnableBokehSettings:0    ; no bokeh simulation on slight out of focus]]
[2019.06.01-19.53.06:603][  0]LogConfig: Setting CVar [[r.DOF.TemporalAAQuality:1                ; more stable temporal accumulation]]
[2019.06.01-19.53.06:603][  0]LogConfig: Setting CVar [[r.DOF.Kernel.MaxForegroundRadius:0.025]]
[2019.06.01-19.53.06:603][  0]LogConfig: Setting CVar [[r.DOF.Kernel.MaxBackgroundRadius:0.025]]
[2019.06.01-19.53.06:603][  0]LogConfig: Applying CVar settings from Section [TextureQuality@3] File [D:/Projekte/MajorProject_3.0/MajorProject/Saved/Config/Windows/Scalability.ini]
[2019.06.01-19.53.06:603][  0]LogConfig: Setting CVar [[r.Streaming.MipBias:0]]
[2019.06.01-19.53.06:603][  0]LogConfig: Setting CVar [[r.Streaming.AmortizeCPUToGPUCopy:0]]
[2019.06.01-19.53.06:603][  0]LogConfig: Setting CVar [[r.Streaming.MaxNumTexturesToStreamPerFrame:0]]
[2019.06.01-19.53.06:603][  0]LogConfig: Setting CVar [[r.Streaming.Boost:1]]
[2019.06.01-19.53.06:604][  0]LogConfig: Setting CVar [[r.MaxAnisotropy:8]]
[2019.06.01-19.53.06:604][  0]LogConfig: Setting CVar [[r.Streaming.LimitPoolSizeToVRAM:0]]
[2019.06.01-19.53.06:604][  0]LogConfig: Setting CVar [[r.Streaming.PoolSize:1000]]
[2019.06.01-19.53.06:604][  0]LogConfig: Setting CVar [[r.Streaming.MaxEffectiveScreenSize:0]]
[2019.06.01-19.53.06:604][  0]LogConfig: Applying CVar settings from Section [EffectsQuality@3] File [D:/Projekte/MajorProject_3.0/MajorProject/Saved/Config/Windows/Scalability.ini]
[2019.06.01-19.53.06:604][  0]LogConfig: Setting CVar [[r.TranslucencyLightingVolumeDim:64]]
[2019.06.01-19.53.06:604][  0]LogConfig: Setting CVar [[r.RefractionQuality:2]]
[2019.06.01-19.53.06:604][  0]LogConfig: Setting CVar [[r.SSR.Quality:3]]
[2019.06.01-19.53.06:604][  0]LogConfig: Setting CVar [[r.SceneColorFormat:4]]
[2019.06.01-19.53.06:604][  0]LogConfig: Setting CVar [[r.DetailMode:2]]
[2019.06.01-19.53.06:604][  0]LogConfig: Setting CVar [[r.TranslucencyVolumeBlur:1]]
[2019.06.01-19.53.06:604][  0]LogConfig: Setting CVar [[r.MaterialQualityLevel:1 ; High quality]]
[2019.06.01-19.53.06:604][  0]LogConfig: Setting CVar [[r.SSS.Scale:1]]
[2019.06.01-19.53.06:604][  0]LogConfig: Setting CVar [[r.SSS.SampleSet:2]]
[2019.06.01-19.53.06:604][  0]LogConfig: Setting CVar [[r.SSS.Quality:1]]
[2019.06.01-19.53.06:604][  0]LogConfig: Setting CVar [[r.SSS.HalfRes:1]]
[2019.06.01-19.53.06:604][  0]LogConfig: Setting CVar [[r.EmitterSpawnRateScale:1.0]]
[2019.06.01-19.53.06:604][  0]LogConfig: Setting CVar [[r.ParticleLightQuality:2]]
[2019.06.01-19.53.06:604][  0]LogConfig: Applying CVar settings from Section [FoliageQuality@3] File [D:/Projekte/MajorProject_3.0/MajorProject/Saved/Config/Windows/Scalability.ini]
[2019.06.01-19.53.06:604][  0]LogConfig: Setting CVar [[foliage.DensityScale:1.0]]
[2019.06.01-19.53.06:604][  0]LogConfig: Setting CVar [[grass.DensityScale:1.0]]
[2019.06.01-19.53.06:604][  0]LogConfig: Applying CVar settings from Section [Startup] File [../../../Engine/Config/ConsoleVariables.ini]
[2019.06.01-19.53.06:604][  0]LogConfig: Setting CVar [[net.UseAdaptiveNetUpdateFrequency:0]]
[2019.06.01-19.53.06:604][  0]LogConfig: Setting CVar [[p.chaos.AllowCreatePhysxBodies:1]]
[2019.06.01-19.53.06:604][  0]LogConfig: Applying CVar settings from Section [ConsoleVariables] File [D:/Projekte/MajorProject_3.0/MajorProject/Saved/Config/Windows/Engine.ini]
[2019.06.01-19.53.06:604][  0]LogInit: Computer: DESKTOP-EQV0M31
[2019.06.01-19.53.06:604][  0]LogInit: User: Adi
[2019.06.01-19.53.06:604][  0]LogInit: CPU Page size=4096, Cores=6
[2019.06.01-19.53.06:604][  0]LogInit: High frequency timer resolution =10.000000 MHz
[2019.06.01-19.53.06:604][  0]LogMemory: Memory total: Physical=15.9GB (16GB approx)
[2019.06.01-19.53.06:604][  0]LogMemory: Platform Memory Stats for Windows
[2019.06.01-19.53.06:604][  0]LogMemory: Process Physical Memory: 97.00 MB used, 97.00 MB peak
[2019.06.01-19.53.06:604][  0]LogMemory: Process Virtual Memory: 90.11 MB used, 90.11 MB peak
[2019.06.01-19.53.06:604][  0]LogMemory: Physical Memory: 10626.43 MB used,  5665.47 MB free, 16291.90 MB total
[2019.06.01-19.53.06:604][  0]LogMemory: Virtual Memory: 4674.62 MB used,  134213056.00 MB free, 134217728.00 MB total
[2019.06.01-19.53.06:626][  0]LogInit: Using OS detected language (de-DE).
[2019.06.01-19.53.06:626][  0]LogInit: Using OS detected locale (de-DE).
[2019.06.01-19.53.06:626][  0]LogTextLocalizationManager: No specific localization for 'de-DE' exists, so the 'de' localization will be used.
[2019.06.01-19.53.06:626][  0]LogTextLocalizationResource: LocRes '../../../Engine/Content/Localization/Editor/de/Editor.locres' could not be opened for reading!
[2019.06.01-19.53.06:626][  0]LogTextLocalizationResource: LocRes '../../../Engine/Content/Localization/EditorTutorials/de/EditorTutorials.locres' could not be opened for reading!
[2019.06.01-19.53.06:627][  0]LogTextLocalizationResource: LocRes '../../../Engine/Content/Localization/Keywords/de/Keywords.locres' could not be opened for reading!
[2019.06.01-19.53.06:627][  0]LogTextLocalizationResource: LocRes '../../../Engine/Content/Localization/Category/de/Category.locres' could not be opened for reading!
[2019.06.01-19.53.06:627][  0]LogTextLocalizationResource: LocRes '../../../Engine/Content/Localization/ToolTips/de/ToolTips.locres' could not be opened for reading!
[2019.06.01-19.53.06:627][  0]LogTextLocalizationResource: LocRes '../../../Engine/Content/Localization/PropertyNames/de/PropertyNames.locres' could not be opened for reading!
[2019.06.01-19.53.06:627][  0]LogTextLocalizationResource: LocRes '../../../Engine/Content/Localization/Engine/de/Engine.locres' could not be opened for reading!
[2019.06.01-19.53.06:627][  0]LogInit: Setting process to per monitor DPI aware
[2019.06.01-19.53.06:664][  0]LogSlate: New Slate User Created.  User Index 0, Is Virtual User: 0
[2019.06.01-19.53.06:664][  0]LogSlate: Slate User Registered.  User Index 0, Is Virtual User: 0
[2019.06.01-19.53.06:809][  0]LogHMD: Failed to initialize OpenVR with code 110
[2019.06.01-19.53.06:809][  0]LogD3D11RHI: D3D11 adapters:
[2019.06.01-19.53.06:857][  0]LogD3D11RHI:    0. 'NVIDIA GeForce GTX 1060 6GB' (Feature Level 11_0)
[2019.06.01-19.53.06:857][  0]LogD3D11RHI:       6052/0/8145 MB DedicatedVideo/DedicatedSystem/SharedSystem, Outputs:2, VendorId:0x10de
[2019.06.01-19.53.06:859][  0]LogD3D11RHI:    1. 'Microsoft Basic Render Driver' (Feature Level 11_0)
[2019.06.01-19.53.06:859][  0]LogD3D11RHI:       0/0/8145 MB DedicatedVideo/DedicatedSystem/SharedSystem, Outputs:0, VendorId:0x1414
[2019.06.01-19.53.06:859][  0]LogD3D11RHI: Chosen D3D11 Adapter: 0
[2019.06.01-19.53.06:867][  0]LogD3D11RHI: Creating new Direct3DDevice
[2019.06.01-19.53.06:867][  0]LogD3D11RHI:     GPU DeviceId: 0x1c03 (for the marketing name, search the web for "GPU Device Id")
[2019.06.01-19.53.06:867][  0]LogWindows: EnumDisplayDevices:
[2019.06.01-19.53.06:867][  0]LogWindows:    0. 'NVIDIA GeForce GTX 1060 6GB' (P:1 D:1)
[2019.06.01-19.53.06:867][  0]LogWindows:    1. 'NVIDIA GeForce GTX 1060 6GB' (P:0 D:1)
[2019.06.01-19.53.06:868][  0]LogWindows:    2. 'NVIDIA GeForce GTX 1060 6GB' (P:0 D:0)
[2019.06.01-19.53.06:868][  0]LogWindows:    3. 'NVIDIA GeForce GTX 1060 6GB' (P:0 D:0)
[2019.06.01-19.53.06:868][  0]LogWindows: DebugString: FoundDriverCount:4 
[2019.06.01-19.53.06:868][  0]LogD3D11RHI:     Adapter Name: NVIDIA GeForce GTX 1060 6GB
[2019.06.01-19.53.06:868][  0]LogD3D11RHI:   Driver Version: 418.91 (internal:25.21.14.1891, unified:418.91)
[2019.06.01-19.53.06:868][  0]LogD3D11RHI:      Driver Date: 2-6-2019
[2019.06.01-19.53.06:868][  0]LogRHI: Texture pool is 4236 MB (70% of 6052 MB)
[2019.06.01-19.53.06:900][  0]LogD3D11RHI: Async texture creation enabled
[2019.06.01-19.53.06:906][  0]LogRendererCore: FGlobalReadBuffer::InitRHI
[2019.06.01-19.53.06:907][  0]LogRendererCore: FGlobalReadBuffer::InitRHI
[2019.06.01-19.53.06:907][  0]LogRendererCore: FGlobalReadBuffer::InitRHI
[2019.06.01-19.53.06:914][  0]LogD3D11RHI: GPU Timing Frequency: 1000.000000 (Debug: 2 1)
[2019.06.01-19.53.07:263][  0]LogTemp: Display: Module 'AllDesktopTargetPlatform' loaded TargetPlatform 'AllDesktop'
[2019.06.01-19.53.07:273][  0]LogTemp: Display: Module 'MacClientTargetPlatform' loaded TargetPlatform 'MacClient'
[2019.06.01-19.53.07:283][  0]LogTemp: Display: Module 'MacNoEditorTargetPlatform' loaded TargetPlatform 'MacNoEditor'
[2019.06.01-19.53.07:293][  0]LogTemp: Display: Module 'MacServerTargetPlatform' loaded TargetPlatform 'MacServer'
[2019.06.01-19.53.07:302][  0]LogTemp: Display: Module 'MacTargetPlatform' loaded TargetPlatform 'Mac'
[2019.06.01-19.53.07:312][  0]LogTemp: Display: Module 'WindowsClientTargetPlatform' loaded TargetPlatform 'WindowsClient'
[2019.06.01-19.53.07:323][  0]LogTemp: Display: Module 'WindowsNoEditorTargetPlatform' loaded TargetPlatform 'WindowsNoEditor'
[2019.06.01-19.53.07:333][  0]LogTemp: Display: Module 'WindowsServerTargetPlatform' loaded TargetPlatform 'WindowsServer'
[2019.06.01-19.53.07:338][  0]LogTemp: Display: Module 'WindowsTargetPlatform' loaded TargetPlatform 'Windows'
[2019.06.01-19.53.07:402][  0]LogTemp: Display: Module 'AndroidTargetPlatform' loaded TargetPlatform 'Android'
[2019.06.01-19.53.07:402][  0]LogTemp: Display: Module 'AndroidTargetPlatform' loaded TargetPlatform 'Android_ASTC'
[2019.06.01-19.53.07:402][  0]LogTemp: Display: Module 'AndroidTargetPlatform' loaded TargetPlatform 'Android_ATC'
[2019.06.01-19.53.07:402][  0]LogTemp: Display: Module 'AndroidTargetPlatform' loaded TargetPlatform 'Android_DXT'
[2019.06.01-19.53.07:402][  0]LogTemp: Display: Module 'AndroidTargetPlatform' loaded TargetPlatform 'Android_ETC1'
[2019.06.01-19.53.07:402][  0]LogTemp: Display: Module 'AndroidTargetPlatform' loaded TargetPlatform 'Android_ETC1a'
[2019.06.01-19.53.07:402][  0]LogTemp: Display: Module 'AndroidTargetPlatform' loaded TargetPlatform 'Android_ETC2'
[2019.06.01-19.53.07:402][  0]LogTemp: Display: Module 'AndroidTargetPlatform' loaded TargetPlatform 'Android_PVRTC'
[2019.06.01-19.53.07:402][  0]LogTemp: Display: Module 'AndroidTargetPlatform' loaded TargetPlatform 'AndroidClient'
[2019.06.01-19.53.07:402][  0]LogTemp: Display: Module 'AndroidTargetPlatform' loaded TargetPlatform 'Android_ASTCClient'
[2019.06.01-19.53.07:402][  0]LogTemp: Display: Module 'AndroidTargetPlatform' loaded TargetPlatform 'Android_ATCClient'
[2019.06.01-19.53.07:402][  0]LogTemp: Display: Module 'AndroidTargetPlatform' loaded TargetPlatform 'Android_DXTClient'
[2019.06.01-19.53.07:402][  0]LogTemp: Display: Module 'AndroidTargetPlatform' loaded TargetPlatform 'Android_ETC1Client'
[2019.06.01-19.53.07:402][  0]LogTemp: Display: Module 'AndroidTargetPlatform' loaded TargetPlatform 'Android_ETC1aClient'
[2019.06.01-19.53.07:402][  0]LogTemp: Display: Module 'AndroidTargetPlatform' loaded TargetPlatform 'Android_ETC2Client'
[2019.06.01-19.53.07:402][  0]LogTemp: Display: Module 'AndroidTargetPlatform' loaded TargetPlatform 'Android_PVRTCClient'
[2019.06.01-19.53.07:402][  0]LogTemp: Display: Module 'AndroidTargetPlatform' loaded TargetPlatform 'Android_Multi'
[2019.06.01-19.53.07:402][  0]LogTemp: Display: Module 'AndroidTargetPlatform' loaded TargetPlatform 'Android_MultiClient'
[2019.06.01-19.53.07:404][  0]LogTemp: Display: Module 'HTML5TargetPlatform' loaded TargetPlatform 'HTML5'
[2019.06.01-19.53.07:445][  0]LogTemp: Display: Module 'IOSTargetPlatform' loaded TargetPlatform 'IOSClient'
[2019.06.01-19.53.07:445][  0]LogTemp: Display: Module 'IOSTargetPlatform' loaded TargetPlatform 'IOS'
[2019.06.01-19.53.07:463][  0]LogTemp: Display: Module 'TVOSTargetPlatform' loaded TargetPlatform 'TVOSClient'
[2019.06.01-19.53.07:463][  0]LogTemp: Display: Module 'TVOSTargetPlatform' loaded TargetPlatform 'TVOS'
[2019.06.01-19.53.07:473][  0]LogTemp: Display: Module 'LinuxClientTargetPlatform' loaded TargetPlatform 'LinuxClient'
[2019.06.01-19.53.07:482][  0]LogTemp: Display: Module 'LinuxNoEditorTargetPlatform' loaded TargetPlatform 'LinuxNoEditor'
[2019.06.01-19.53.07:492][  0]LogTemp: Display: Module 'LinuxServerTargetPlatform' loaded TargetPlatform 'LinuxServer'
[2019.06.01-19.53.07:502][  0]LogTemp: Display: Module 'LinuxTargetPlatform' loaded TargetPlatform 'Linux'
[2019.06.01-19.53.07:537][  0]LogTemp: Display: Module 'LuminTargetPlatform' loaded TargetPlatform 'Lumin'
[2019.06.01-19.53.07:537][  0]LogTemp: Display: Module 'LuminTargetPlatform' loaded TargetPlatform 'LuminClient'
[2019.06.01-19.53.07:537][  0]LogTargetPlatformManager: Display: Building Assets For Windows
[2019.06.01-19.53.07:542][  0]LogAudioDebug: Display: Lib vorbis DLL was dynamically loaded.
[2019.06.01-19.53.07:571][  0]LogShaderCompilers: Guid format shader working directory is -10 characters bigger than the processId version (../../../../../Projekte/MajorProject_3.0/MajorProject/Intermediate/Shaders/WorkingDirectory/18264/).
[2019.06.01-19.53.07:571][  0]LogShaderCompilers: Cleaned the shader compiler working directory 'C:/Users/Adi/AppData/Local/Temp/UnrealShaderWorkingDir/A0E36A50495E7A008F33E88C7ED062EF/'.
[2019.06.01-19.53.07:572][  0]LogXGEController: Cannot use XGE Controller as Incredibuild is not installed on this machine.
[2019.06.01-19.53.07:572][  0]LogShaderCompilers: Cannot use XGE Shader Compiler as Incredibuild is not installed on this machine.
[2019.06.01-19.53.07:572][  0]LogShaderCompilers: Display: Using Local Shader Compiler.
[2019.06.01-19.53.08:005][  0]LogDerivedDataCache: Display: Max Cache Size: 512 MB
[2019.06.01-19.53.08:046][  0]LogDerivedDataCache: Loaded boot cache 0.04s 71MB C:/Users/Adi/AppData/Local/UnrealEngine/4.22/DerivedDataCache/Boot.ddc.
[2019.06.01-19.53.08:046][  0]LogDerivedDataCache: Display: Loaded Boot cache: C:/Users/Adi/AppData/Local/UnrealEngine/4.22/DerivedDataCache/Boot.ddc
[2019.06.01-19.53.08:046][  0]LogDerivedDataCache: FDerivedDataBackendGraph:  Pak pak cache file ../../../../../Projekte/MajorProject_3.0/MajorProject/DerivedDataCache/DDC.ddp not found, will not use a pak cache.
[2019.06.01-19.53.08:046][  0]LogDerivedDataCache: Unable to find inner node Pak for hierarchical cache Hierarchy.
[2019.06.01-19.53.08:046][  0]LogDerivedDataCache: FDerivedDataBackendGraph:  CompressedPak pak cache file ../../../../../Projekte/MajorProject_3.0/MajorProject/DerivedDataCache/Compressed.ddp not found, will not use a pak cache.
[2019.06.01-19.53.08:046][  0]LogDerivedDataCache: Unable to find inner node CompressedPak for hierarchical cache Hierarchy.
[2019.06.01-19.53.08:056][  0]LogDerivedDataCache: Display: Pak cache opened for reading ../../../Engine/DerivedDataCache/Compressed.ddp.
[2019.06.01-19.53.08:056][  0]LogDerivedDataCache: FDerivedDataBackendGraph:  EnterprisePak pak cache file ../../../Enterprise/DerivedDataCache/Compressed.ddp not found, will not use a pak cache.
[2019.06.01-19.53.08:056][  0]LogDerivedDataCache: Unable to find inner node EnterprisePak for hierarchical cache Hierarchy.
[2019.06.01-19.53.08:069][  0]LogDerivedDataCache: Using Local data cache path C:/Users/Adi/AppData/Local/UnrealEngine/Common/DerivedDataCache: Writable
[2019.06.01-19.53.08:069][  0]LogDerivedDataCache: Shared data cache path not found in *engine.ini, will not use an Shared cache.
[2019.06.01-19.53.08:069][  0]LogDerivedDataCache: Unable to find inner node Shared for hierarchical cache Hierarchy.
[2019.06.01-19.53.08:085][  0]LogMaterial: Verifying Global Shaders for PCD3D_SM5
[2019.06.01-19.53.08:086][  0]LogSlate: Using FreeType 2.6.0
[2019.06.01-19.53.08:087][  0]LogSlate: SlateFontServices - WITH_FREETYPE: 1, WITH_HARFBUZZ: 1
[2019.06.01-19.53.08:158][  0]LogAssetRegistry: FAssetRegistry took 0.0307 seconds to start up
[2019.06.01-19.53.08:414][  0]LogInit: Selected Device Profile: [Windows]
[2019.06.01-19.53.08:512][  0]LogMeshReduction: Using QuadricMeshReduction for automatic static mesh reduction
[2019.06.01-19.53.08:513][  0]LogMeshReduction: Using SimplygonMeshReduction for automatic skeletal mesh reduction
[2019.06.01-19.53.08:513][  0]LogMeshReduction: Using ProxyLODMeshReduction for automatic mesh merging
[2019.06.01-19.53.08:513][  0]LogMeshReduction: No distributed automatic mesh merging module available
[2019.06.01-19.53.08:513][  0]LogMeshMerging: No distributed automatic mesh merging module available
[2019.06.01-19.53.08:528][  0]LogNetVersion: MajorProject 1.0.0, NetCL: 5660361, EngineNetVer: 10, GameNetVer: 0 (Checksum: 1194472379)
[2019.06.01-19.53.08:890][  0]LogPackageLocalizationCache: Processed 10 localized package path(s) for 1 prioritized culture(s) in 0.027760 seconds
[2019.06.01-19.53.08:895][  0]LogUObjectArray: 42205 objects as part of root set at end of initial load.
[2019.06.01-19.53.08:895][  0]LogUObjectAllocator: 7325032 out of 0 bytes used by permanent object pool.
[2019.06.01-19.53.08:895][  0]LogUObjectArray: CloseDisregardForGC: 0/0 objects in disregard for GC pool
[2019.06.01-19.53.09:516][  0]LogTcpMessaging: Initializing TcpMessaging bridge
[2019.06.01-19.53.09:528][  0]LogUdpMessaging: Initializing bridge on interface 0.0.0.0:0 to multicast group 230.0.0.1:6666.
[2019.06.01-19.53.09:659][  0]SourceControl: Source control is disabled
[2019.06.01-19.53.09:659][  0]SourceControl: Source control is disabled
[2019.06.01-19.53.09:661][  0]SourceControl: Source control is disabled
[2019.06.01-19.53.09:662][  0]SourceControl: Source control is disabled
[2019.06.01-19.53.09:737][  0]LogAndroidPermission: UAndroidPermissionCallbackProxy::GetInstance
[2019.06.01-19.53.09:837][  0]LogOcInput: OculusInput pre-init called
[2019.06.01-19.53.10:425][  0]LogEngine: Initializing Engine...
[2019.06.01-19.53.10:426][  0]LogHMD: Failed to initialize OpenVR with code 110
[2019.06.01-19.53.10:427][  0]LogStats: UGameplayTagsManager::InitializeManager -  0.000 s
[2019.06.01-19.53.10:605][  0]LogInit: Initializing FReadOnlyCVARCache
[2019.06.01-19.53.10:614][  0]LogAIModule: Creating AISystem for world Untitled
[2019.06.01-19.53.10:686][  0]LogInit: XAudio2 using 'Lautsprecher (Logitech Z-5 Speakers)' : 2 channels at 48 kHz using 16 bits per sample (channel mask 0x3)
[2019.06.01-19.53.10:699][  0]LogInit: FAudioDevice initialized.
[2019.06.01-19.53.10:700][  0]LogNetVersion: Set ProjectVersion to 1.0.0.0. Version Checksum will be recalculated on next use.
[2019.06.01-19.53.10:768][  0]LogDerivedDataCache: Saved boot cache 0.07s 71MB C:/Users/Adi/AppData/Local/UnrealEngine/4.22/DerivedDataCache/Boot.ddc.
[2019.06.01-19.53.10:778][  0]LogInit: Texture streaming: Enabled
[2019.06.01-19.53.10:791][  0]LogEngineSessionManager: EngineSessionManager initialized
[2019.06.01-19.53.10:807][  0]LogInit: Transaction tracking system initialized
[2019.06.01-19.53.10:822][  0]BlueprintLog: New page: Editor Load
[2019.06.01-19.53.10:875][  0]LocalizationService: Localization service is disabled
[2019.06.01-19.53.11:089][  0]LogFileCache: Scanning file cache for directory 'D:/Projekte/MajorProject_3.0/MajorProject/Content/' took 0.01s
[2019.06.01-19.53.11:089][  0]LogCook: Display: Max memory allowance for cook 16384mb min free memory 0mb
[2019.06.01-19.53.11:089][  0]LogCook: Display: Mobile HDR setting 1
[2019.06.01-19.53.11:218][  0]SourceControl: Source control is disabled
[2019.06.01-19.53.11:218][  0]Cmd: MAP LOAD FILE="../../../../../Projekte/MajorProject_3.0/MajorProject/Content/Level/Start.umap" TEMPLATE=0 SHOWPROGRESS=1 FEATURELEVEL=3
[2019.06.01-19.53.11:218][  0]LightingResults: New page: Lighting Build
[2019.06.01-19.53.11:220][  0]MapCheck: New page: Map Check
[2019.06.01-19.53.11:220][  0]LightingResults: New page: Lighting Build
[2019.06.01-19.53.11:245][  0]LogUObjectHash: Compacting FUObjectHashTables data took   1.26ms
[2019.06.01-19.53.11:306][  0]LogAIModule: Creating AISystem for world Start
[2019.06.01-19.53.11:311][  0]LogEditorServer: Finished looking for orphan Actors (0.000 secs)
[2019.06.01-19.53.11:335][  0]LogUObjectHash: Compacting FUObjectHashTables data took   1.59ms
[2019.06.01-19.53.11:336][  0]Cmd: MAP CHECKDEP NOCLEARLOG
[2019.06.01-19.53.11:336][  0]MapCheck: Map check complete: 0 Error(s), 0 Warning(s), took 0,065ms to complete.
[2019.06.01-19.53.11:336][  0]LogFileHelpers: Loading map 'Start' took 0.117
[2019.06.01-19.53.11:435][  0]LogSlate: Updating window title bar state: overlay mode, drag disabled, window buttons hidden, title bar hidden
[2019.06.01-19.53.11:441][  0]LogSlate: Updating window title bar state: overlay mode, drag disabled, window buttons hidden, title bar hidden
[2019.06.01-19.53.11:447][  0]LogSlate: Updating window title bar state: overlay mode, drag disabled, window buttons hidden, title bar hidden
[2019.06.01-19.53.11:454][  0]LogSlate: Updating window title bar state: overlay mode, drag disabled, window buttons hidden, title bar hidden
[2019.06.01-19.53.11:457][  0]LogCollectionManager: Loaded 0 collections in 0.000647 seconds
[2019.06.01-19.53.11:496][  0]LogFileCache: Scanning file cache for directory 'D:/Projekte/MajorProject_3.0/MajorProject/Saved/Collections/' took 0.01s
[2019.06.01-19.53.11:496][  0]LogFileCache: Scanning file cache for directory 'D:/Projekte/MajorProject_3.0/MajorProject/Content/Developers/Adi/Collections/' took 0.01s
[2019.06.01-19.53.11:496][  0]LogFileCache: Scanning file cache for directory 'D:/Projekte/MajorProject_3.0/MajorProject/Content/Collections/' took 0.01s
[2019.06.01-19.53.11:496][  0]LogCollectionManager: Rebuilt the GUID cache for 0 collections in 0.000001 seconds
[2019.06.01-19.53.11:504][  0]LogContentBrowser: Native class hierarchy populated in 0.0073 seconds. Added 2735 classes and 664 folders.
[2019.06.01-19.53.11:508][  0]LogContentBrowser: Native class hierarchy updated for 'WidgetCarousel' in 0.0003 seconds. Added 0 classes and 0 folders.
[2019.06.01-19.53.11:509][  0]LogPakFile: Registered encryption key '00000000000000000000000000000000': 0 pak files mounted, 0 remain pending
[2019.06.01-19.53.11:509][  0]LogPakFile: Registered encryption key '00000000000000000000000000000000': 0 pak files mounted, 0 remain pending
[2019.06.01-19.53.11:510][  0]LogPakFile: Registered encryption key '00000000000000000000000000000000': 0 pak files mounted, 0 remain pending
[2019.06.01-19.53.11:511][  0]LogPakFile: Registered encryption key '00000000000000000000000000000000': 0 pak files mounted, 0 remain pending
[2019.06.01-19.53.11:511][  0]LogPakFile: Registered encryption key '00000000000000000000000000000000': 0 pak files mounted, 0 remain pending
[2019.06.01-19.53.11:511][  0]LogPakFile: Registered encryption key '00000000000000000000000000000000': 0 pak files mounted, 0 remain pending
[2019.06.01-19.53.11:512][  0]LogPakFile: Registered encryption key '00000000000000000000000000000000': 0 pak files mounted, 0 remain pending
[2019.06.01-19.53.11:513][  0]LogPakFile: Registered encryption key '00000000000000000000000000000000': 0 pak files mounted, 0 remain pending
[2019.06.01-19.53.11:513][  0]LogPakFile: Registered encryption key '00000000000000000000000000000000': 0 pak files mounted, 0 remain pending
[2019.06.01-19.53.11:514][  0]LogPakFile: Registered encryption key '00000000000000000000000000000000': 0 pak files mounted, 0 remain pending
[2019.06.01-19.53.11:514][  0]LogPakFile: Registered encryption key '00000000000000000000000000000000': 0 pak files mounted, 0 remain pending
[2019.06.01-19.53.11:515][  0]LogPakFile: Registered encryption key '00000000000000000000000000000000': 0 pak files mounted, 0 remain pending
[2019.06.01-19.53.11:516][  0]LogPakFile: Registered encryption key '00000000000000000000000000000000': 0 pak files mounted, 0 remain pending
[2019.06.01-19.53.11:516][  0]LogPakFile: Registered encryption key '00000000000000000000000000000000': 0 pak files mounted, 0 remain pending
[2019.06.01-19.53.11:517][  0]LogPakFile: Registered encryption key '00000000000000000000000000000000': 0 pak files mounted, 0 remain pending
[2019.06.01-19.53.11:518][  0]LogPakFile: Registered encryption key '00000000000000000000000000000000': 0 pak files mounted, 0 remain pending
[2019.06.01-19.53.11:518][  0]LogPakFile: Registered encryption key '00000000000000000000000000000000': 0 pak files mounted, 0 remain pending
[2019.06.01-19.53.11:519][  0]LogPakFile: Registered encryption key '00000000000000000000000000000000': 0 pak files mounted, 0 remain pending
[2019.06.01-19.53.11:519][  0]LogPakFile: Registered encryption key '00000000000000000000000000000000': 0 pak files mounted, 0 remain pending
[2019.06.01-19.53.11:519][  0]LogPakFile: Registered encryption key '00000000000000000000000000000000': 0 pak files mounted, 0 remain pending
[2019.06.01-19.53.11:520][  0]LogPakFile: Registered encryption key '00000000000000000000000000000000': 0 pak files mounted, 0 remain pending
[2019.06.01-19.53.11:520][  0]LogPakFile: Registered encryption key '00000000000000000000000000000000': 0 pak files mounted, 0 remain pending
[2019.06.01-19.53.11:520][  0]LogPakFile: Registered encryption key '00000000000000000000000000000000': 0 pak files mounted, 0 remain pending
[2019.06.01-19.53.11:521][  0]LogPakFile: Registered encryption key '00000000000000000000000000000000': 0 pak files mounted, 0 remain pending
[2019.06.01-19.53.11:521][  0]LogPakFile: Registered encryption key '00000000000000000000000000000000': 0 pak files mounted, 0 remain pending
[2019.06.01-19.53.11:522][  0]LogPakFile: Registered encryption key '00000000000000000000000000000000': 0 pak files mounted, 0 remain pending
[2019.06.01-19.53.11:546][  0]LogContentBrowser: Native class hierarchy updated for 'AddContentDialog' in 0.0004 seconds. Added 0 classes and 0 folders.
[2019.06.01-19.53.11:550][  0]LogContentBrowser: Native class hierarchy updated for 'SceneOutliner' in 0.0004 seconds. Added 1 classes and 2 folders.
[2019.06.01-19.53.11:560][  0]LogSlate: Took 0.000301 seconds to synchronously load lazily loaded font '../../../Engine/Content/Slate/Fonts/Roboto-Regular.ttf' (155K)
[2019.06.01-19.53.11:562][  0]LogSlate: Took 0.000151 seconds to synchronously load lazily loaded font '../../../Engine/Content/Slate/Fonts/Roboto-Bold.ttf' (160K)
[2019.06.01-19.53.11:566][  0]LogSlate: Took 0.000144 seconds to synchronously load lazily loaded font '../../../Engine/Content/Editor/Slate/Fonts/FontAwesome.ttf' (139K)
[2019.06.01-19.53.11:613][  0]LogRenderer: Reallocating scene render targets to support 1616x808 Format 10 NumSamples 1 (Frame:1).
[2019.06.01-19.53.11:749][  0]LogContentBrowser: Native class hierarchy updated for 'HierarchicalLODOutliner' in 0.0004 seconds. Added 0 classes and 0 folders.
[2019.06.01-19.53.11:749][  0]LogLoad: (Engine Initialization) Total time: 6.75 seconds
[2019.06.01-19.53.11:749][  0]LogLoad: (Engine Initialization) Total Blueprint compile time: 0.00 seconds
[2019.06.01-19.53.11:776][  0]LogAssetRegistry: Asset discovery search completed in 3.6396 seconds
[2019.06.01-19.53.11:777][  0]LogCollectionManager: Rebuilt the object cache for 0 collections in 0.000000 seconds (found 0 objects)
[2019.06.01-19.53.11:777][  0]LogCollectionManager: Fixed up redirectors for 0 collections in 0.000031 seconds (updated 0 objects)
[2019.06.01-19.53.11:779][  0]LogContentStreaming: Texture pool size now 1000 MB
[2019.06.01-19.53.18:855][381]LogSlate: FSceneViewport::OnFocusLost() reason 0
[2019.06.01-19.53.35:461][970]LogSlate: Took 0.000177 seconds to synchronously load lazily loaded font '../../../Engine/Content/Slate/Fonts/Roboto-Light.ttf' (167K)
[2019.06.01-19.53.35:554][970]LogSlate: Took 0.004831 seconds to synchronously load lazily loaded font '../../../Engine/Content/Slate/Fonts/Roboto-BoldCondensed.ttf' (158K)
[2019.06.01-19.54.00:939][642]Candidate modules for hot reload:
[2019.06.01-19.54.00:939][642]  MajorProject
[2019.06.01-19.54.00:939][642]Launching UnrealBuildTool... [D:/Programms/UE_4.22/Engine/Binaries/DotNET/UnrealBuildTool.exe  -ModuleWithSuffix=MajorProject,9295 Win64 Development -TargetType=Editor -Project="D:/Projekte/MajorProject_3.0/MajorProject/MajorProject.uproject" "D:/Projekte/MajorProject_3.0/MajorProject/MajorProject.uproject"  -IgnoreJunk]
[2019.06.01-19.54.44:549][642]CompilerResultsLog: New page: Compilation - 01.06.2019 23:54:44
[2019.06.01-19.54.44:549][642]CompilerResultsLog: Using 'git status' to determine working set for adaptive non-unity build (D:\Projekte\MajorProject_3.0).
[2019.06.01-19.54.44:549][642]CompilerResultsLog: Creating makefile for MajorProjectEditor (ini files are newer than makefile)
[2019.06.01-19.54.44:549][642]CompilerResultsLog: Parsing headers for MajorProjectEditor
[2019.06.01-19.54.44:549][642]CompilerResultsLog:   Running UnrealHeaderTool "D:\Projekte\MajorProject_3.0\MajorProject\MajorProject.uproject" "D:\Projekte\MajorProject_3.0\MajorProject\Intermediate\Build\Win64\MajorProjectEditor\Development\MajorProjectEditor.uhtmanifest" -LogCmds="loginit warning, logexit warning, logdatabase error" -Unattended -WarningsAsErrors -installed
[2019.06.01-19.54.44:549][642]CompilerResultsLog: Reflection code generated for MajorProjectEditor in 5,2912221 seconds
[2019.06.01-19.54.44:549][642]CompilerResultsLog: Using Visual Studio 2019 14.21.27702 toolchain (D:\Programms\VS\VC\Tools\MSVC\14.21.27702) and Windows 10.0.17763.0 SDK (C:\Program Files (x86)\Windows Kits\10).
[2019.06.01-19.54.44:549][642]CompilerResultsLog: Building 6 actions with 12 processes...
[2019.06.01-19.54.44:549][642]CompilerResultsLog:   [1/6] MajorProject.init.gen.cpp
[2019.06.01-19.54.44:549][642]CompilerResultsLog:   [2/6] MPGameModeBase.cpp
[2019.06.01-19.54.44:549][642]CompilerResultsLog:   [3/6] MPGameModeBase.gen.cpp
[2019.06.01-19.54.44:549][642]CompilerResultsLog:   [4/6] UE4Editor-MajorProject-9295.lib
[2019.06.01-19.54.44:549][642]CompilerResultsLog:      Bibliothek "D:\Projekte\MajorProject_3.0\MajorProject\Intermediate\Build\Win64\UE4Editor\Development\MajorProject\UE4Editor-MajorProject-9295.lib" und Objekt "D:\Projekte\MajorProject_3.0\MajorProject\Intermediate\Build\Win64\UE4Editor\Development\MajorProject\UE4Editor-MajorProject-9295.exp" werden erstellt.
[2019.06.01-19.54.44:549][642]CompilerResultsLog:   [5/6] UE4Editor-MajorProject-9295.dll
[2019.06.01-19.54.44:549][642]CompilerResultsLog:      Bibliothek "D:\Projekte\MajorProject_3.0\MajorProject\Intermediate\Build\Win64\UE4Editor\Development\MajorProject\UE4Editor-MajorProject-9295.suppressed.lib" und Objekt "D:\Projekte\MajorProject_3.0\MajorProject\Intermediate\Build\Win64\UE4Editor\Development\MajorProject\UE4Editor-MajorProject-9295.suppressed.exp" werden erstellt.
[2019.06.01-19.54.44:549][642]CompilerResultsLog:   [6/6] MajorProjectEditor.target
[2019.06.01-19.54.44:549][642]CompilerResultsLog: Total time in Parallel executor: 36,52 seconds
[2019.06.01-19.54.44:549][642]CompilerResultsLog: Total execution time: 43,52 seconds
[2019.06.01-19.54.44:549][642]LogMainFrame: MainFrame: Module compiling took 43.613 seconds
[2019.06.01-19.54.44:573][642]LogUObjectHash: Compacting FUObjectHashTables data took   0.59ms
[2019.06.01-19.54.45:766][642]LogClass: Could not find existing class MPGameModeBase in package /Script/MajorProject for HotReload, assuming new class
[2019.06.01-19.54.45:766][642]LogClass: EnemyRound HotReload.
[2019.06.01-19.54.45:766][642]LogClass: EnemyWave HotReload.
[2019.06.01-19.54.45:769][642]LogContentBrowser: Native class hierarchy updated for 'MajorProject' in 0.0004 seconds. Added 4 classes and 6 folders.
[2019.06.01-19.54.45:772][642]Display: HotReload successful (5 functions remapped  2 scriptstructs remapped)
[2019.06.01-19.54.45:924][642]LogUObjectHash: Compacting FUObjectHashTables data took   1.01ms
[2019.06.01-19.54.45:933][642]LogContentBrowser: Native class hierarchy populated in 0.0063 seconds. Added 2737 classes and 667 folders.
[2019.06.01-19.54.45:933][642]Display: HotReload took 45.0s.
[2019.06.01-19.54.45:934][642]Warning: HotReload operation took 45.0s.
[2019.06.01-19.54.46:214][642]LogSlate: Window 'Add C++ Class' being destroyed
[2019.06.01-19.54.46:222][642]LogHotReload: New module detected: UE4Editor-MajorProject-9295.dll
[2019.06.01-19.54.46:261][643]LogHotReload: Starting Hot-Reload from IDE
[2019.06.01-19.54.46:323][643]LogUObjectHash: Compacting FUObjectHashTables data took   1.01ms
[2019.06.01-19.54.46:327][643]LogContentBrowser: Native class hierarchy updated for 'MajorProject' in 0.0004 seconds. Added 4 classes and 6 folders.
[2019.06.01-19.54.46:329][643]Display: HotReload successful (0 functions remapped  2 scriptstructs remapped)
[2019.06.01-19.54.46:351][643]LogUObjectHash: Compacting FUObjectHashTables data took   0.50ms
[2019.06.01-19.54.46:367][643]LogContentBrowser: Native class hierarchy populated in 0.0107 seconds. Added 2737 classes and 667 folders.
[2019.06.01-19.54.46:369][643]Display: HotReload took  0.1s.
[2019.06.01-19.55.11:810][719]LogUnrealEdMisc: Warning: Heartbeat event firing too frequently (25.433 sec). This should never happen. Something is wrong with the timer delegate!
[2019.06.01-20.05.30:789][571]LogD3D11RHI: Timed out while waiting for GPU to catch up. (0.5 s)
[2019.06.01-20.05.31:291][572]LogD3D11RHI: Timed out while waiting for GPU to catch up. (0.5 s)
[2019.06.01-20.05.31:792][572]LogD3D11RHI: Timed out while waiting for GPU to catch up. (0.5 s)
[2019.06.01-20.05.33:741][632]Candidate modules for hot reload:
[2019.06.01-20.05.33:741][632]  MajorProject
[2019.06.01-20.05.33:741][632]Launching UnrealBuildTool... [D:/Programms/UE_4.22/Engine/Binaries/DotNET/UnrealBuildTool.exe  -ModuleWithSuffix=MajorProject,8858 Win64 Development -TargetType=Editor -Project="D:/Projekte/MajorProject_3.0/MajorProject/MajorProject.uproject" "D:/Projekte/MajorProject_3.0/MajorProject/MajorProject.uproject"  -IgnoreJunk]
[2019.06.01-20.05.33:742][632]Warning: Starting HotReload took  0.0s.
[2019.06.01-20.05.46:596][768]CompilerResultsLog: New page: Compilation - 02.06.2019 00:05:46
[2019.06.01-20.05.46:596][768]CompilerResultsLog: Using 'git status' to determine working set for adaptive non-unity build (D:\Projekte\MajorProject_3.0).
[2019.06.01-20.05.46:596][768]CompilerResultsLog: Parsing headers for MajorProjectEditor
[2019.06.01-20.05.46:596][768]CompilerResultsLog:   Running UnrealHeaderTool "D:\Projekte\MajorProject_3.0\MajorProject\MajorProject.uproject" "D:\Projekte\MajorProject_3.0\MajorProject\Intermediate\Build\Win64\MajorProjectEditor\Development\MajorProjectEditor.uhtmanifest" -LogCmds="loginit warning, logexit warning, logdatabase error" -Unattended -WarningsAsErrors -installed
[2019.06.01-20.05.46:596][768]CompilerResultsLog: Reflection code generated for MajorProjectEditor in 4,591929 seconds
[2019.06.01-20.05.46:596][768]CompilerResultsLog: Using Visual Studio 2019 14.21.27702 toolchain (D:\Programms\VS\VC\Tools\MSVC\14.21.27702) and Windows 10.0.17763.0 SDK (C:\Program Files (x86)\Windows Kits\10).
[2019.06.01-20.05.46:596][768]CompilerResultsLog: Building 6 actions with 12 processes...
[2019.06.01-20.05.46:596][768]CompilerResultsLog:   [1/6] MajorProject.init.gen.cpp
[2019.06.01-20.05.46:596][768]CompilerResultsLog:   [2/6] MPGameModeBase.cpp
[2019.06.01-20.05.46:596][768]CompilerResultsLog:    D:\Projekte\MajorProject_3.0\MajorProject\Source\MajorProject\Base\MPGameModeBase.cpp(21) : error C2065: "TActorIterator": nichtdeklarierter Bezeichner
[2019.06.01-20.05.46:596][768]CompilerResultsLog:    D:\Projekte\MajorProject_3.0\MajorProject\Source\MajorProject\Base\MPGameModeBase.cpp(21) : error C2275: "AEnemySpawnPoint": Ung?ltige Verwendung dieses Typs als Ausdruck
[2019.06.01-20.05.46:596][768]CompilerResultsLog:   \Projekte\MajorProject_3.0\MajorProject\Source\MajorProject\Spawnpoints\EnemySpawnPoint.h(10): note: Siehe Deklaration von "AEnemySpawnPoint"
[2019.06.01-20.05.46:596][768]CompilerResultsLog:    D:\Projekte\MajorProject_3.0\MajorProject\Source\MajorProject\Base\MPGameModeBase.cpp(21) : error C3861: "ActorItr": Bezeichner wurde nicht gefunden.
[2019.06.01-20.05.46:596][768]CompilerResultsLog:    D:\Projekte\MajorProject_3.0\MajorProject\Source\MajorProject\Base\MPGameModeBase.cpp(21) : error C2065: "ActorItr": nichtdeklarierter Bezeichner
[2019.06.01-20.05.46:596][768]CompilerResultsLog:    D:\Projekte\MajorProject_3.0\MajorProject\Source\MajorProject\Base\MPGameModeBase.cpp(21) : error C2065: "ActorItr": nichtdeklarierter Bezeichner
[2019.06.01-20.05.46:596][768]CompilerResultsLog:    D:\Projekte\MajorProject_3.0\MajorProject\Source\MajorProject\Base\MPGameModeBase.cpp(24) : error C2065: "ActorItr": nichtdeklarierter Bezeichner
[2019.06.01-20.05.46:596][768]CompilerResultsLog:   [3/6] MPGameModeBase.gen.cpp
[2019.06.01-20.05.46:596][768]LogMainFrame: MainFrame: Module compiling took 12.884 seconds
[2019.06.01-20.05.46:596][768]Warning: HotReload failed, recompile failed
[2019.06.01-20.49.34:587][967]LogSlate: Window 'Message Log' being destroyed
[2019.06.01-20.49.34:624][967]LogSlate: Window 'Message Log' being destroyed
[2019.06.01-20.50.19:442][444]LogEditorViewport: Clicking on Actor (LMB): StaticMeshActor (Floor)
[2019.06.01-20.50.21:159][503]LogSlate: FSceneViewport::OnFocusLost() reason 0
[2019.06.01-20.50.34:806][ 36]LogEditorViewport: Clicking on Actor (LMB): BP_EnemySpawnPoint_C (BP_EnemySpawnPoint6)
[2019.06.01-20.50.38:635][263]LogEditorViewport: Clicking on Actor (LMB): StaticMeshActor (Floor)
[2019.06.01-20.50.39:395][308]LogEditorViewport: Clicking on Actor (LMB): StaticMeshActor (Floor)
[2019.06.01-20.50.40:419][369]LogEditorViewport: Clicking on Actor (LMB): StaticMeshActor (Floor)
[2019.06.01-20.50.40:974][402]LogEditorViewport: Clicking on Actor (LMB): StaticMeshActor (Floor)
[2019.06.01-20.50.41:394][426]LogEditorViewport: Clicking on Actor (double click): BP_EnemySpawnPoint_C (BP_EnemySpawnPoint5)
[2019.06.01-20.50.47:310][756]LogEditorViewport: Clicking on Actor (LMB): StaticMeshActor (Floor)
[2019.06.01-20.50.48:408][821]LogEditorViewport: Clicking on Actor (LMB): StaticMeshActor (Floor)
[2019.06.01-20.50.49:299][874]LogEditorViewport: Clicking on Actor (LMB): StaticMeshActor (Floor)
[2019.06.01-20.50.49:819][905]LogEditorViewport: Clicking on Actor (LMB): StaticMeshActor (Floor)
[2019.06.01-20.50.50:373][938]LogEditorViewport: Clicking on Actor (LMB): StaticMeshActor (Floor)
[2019.06.01-20.50.51:784][  6]LogSlate: FSceneViewport::OnFocusLost() reason 0
[2019.06.01-20.51.00:196][458]LogEditorViewport: Clicking on Actor (LMB): StaticMeshActor (Floor)
[2019.06.01-20.51.05:397][767]LogEditorViewport: Clicking on Actor (LMB): StaticMeshActor (Floor)
[2019.06.01-20.51.06:222][816]LogEditorViewport: Clicking on Actor (LMB): StaticMeshActor (Floor)
[2019.06.01-20.51.06:742][847]LogEditorViewport: Clicking on Actor (LMB): StaticMeshActor (Floor)
[2019.06.01-20.51.07:023][860]LogEditorViewport: Clicking on Component (LMB): StaticMeshComponent (StaticMeshComponent0)
[2019.06.01-20.51.07:282][877]LogEditorViewport: Clicking on Component (LMB): StaticMeshComponent (StaticMeshComponent0)
[2019.06.01-20.51.09:509][979]LogSlate: FSceneViewport::OnFocusLost() reason 0
[2019.06.01-20.51.16:134][299]LogSlate: Took 0.011419 seconds to synchronously load lazily loaded font '../../../Engine/Content/Slate/Fonts/Roboto-Italic.ttf' (157K)
[2019.06.01-20.51.17:119][321]LogSlate: FSceneViewport::OnFocusLost() reason 0
[2019.06.01-20.51.37:943][229]LogEditorViewport: Clicking on Actor (LMB): StaticMeshActor (Floor)
[2019.06.01-20.51.39:025][294]LogEditorViewport: Clicking on Actor (LMB): StaticMeshActor (Floor)
[2019.06.01-20.51.40:479][360]LogSlate: FSceneViewport::OnFocusLost() reason 0
[2019.06.01-20.51.56:212][251]LogSlate: FSceneViewport::OnFocusLost() reason 0
[2019.06.01-20.52.18:246][298]LogSlate: FSceneViewport::OnFocusLost() reason 0
[2019.06.01-20.52.57:850][305]LogUObjectHash: Compacting FUObjectHashTables data took   2.67ms
[2019.06.01-20.52.57:850][305]Cmd: OBJ SAVEPACKAGE PACKAGE="/Game/Level/Start" FILE="../../../../../Projekte/MajorProject_3.0/MajorProject/Saved/Autosaves/Game/Level/Start_Auto1.umap" SILENT=true AUTOSAVING=true KEEPDIRTY=false
[2019.06.01-20.52.57:967][305]LogSavePackage: Moving '../../../../../Projekte/MajorProject_3.0/MajorProject/Saved/Start_Auto1D53EB349423E0839AAF524BAD46FF162.tmp' to '../../../../../Projekte/MajorProject_3.0/MajorProject/Saved/Autosaves/Game/Level/Start_Auto1.umap'
[2019.06.01-20.52.57:969][305]LogFileHelpers: Editor autosave (incl. sublevels) for '/Game/Level/Start' took 0.148
[2019.06.01-20.52.57:969][305]LogFileHelpers: Editor autosave (incl. sublevels) for all levels took 0.148
[2019.06.01-21.23.25:017][763]LogSlate: FSceneViewport::OnFocusLost() reason 2
[2019.06.01-21.23.26:176][810]Candidate modules for hot reload:
[2019.06.01-21.23.26:177][810]  MajorProject
[2019.06.01-21.23.26:177][810]Launching UnrealBuildTool... [D:/Programms/UE_4.22/Engine/Binaries/DotNET/UnrealBuildTool.exe  -ModuleWithSuffix=MajorProject,8724 Win64 Development -TargetType=Editor -Project="D:/Projekte/MajorProject_3.0/MajorProject/MajorProject.uproject" "D:/Projekte/MajorProject_3.0/MajorProject/MajorProject.uproject"  -IgnoreJunk]
[2019.06.01-21.23.26:178][810]Warning: Starting HotReload took  0.0s.
[2019.06.01-21.26.38:349][366]CompilerResultsLog: New page: Compilation - 02.06.2019 01:26:38
[2019.06.01-21.26.38:349][366]CompilerResultsLog: Using 'git status' to determine working set for adaptive non-unity build (D:\Projekte\MajorProject_3.0).
[2019.06.01-21.26.38:349][366]CompilerResultsLog: Creating makefile for MajorProjectEditor (ini files are newer than makefile)
[2019.06.01-21.26.38:349][366]CompilerResultsLog: Parsing headers for MajorProjectEditor
[2019.06.01-21.26.38:349][366]CompilerResultsLog:   Running UnrealHeaderTool "D:\Projekte\MajorProject_3.0\MajorProject\MajorProject.uproject" "D:\Projekte\MajorProject_3.0\MajorProject\Intermediate\Build\Win64\MajorProjectEditor\Development\MajorProjectEditor.uhtmanifest" -LogCmds="loginit warning, logexit warning, logdatabase error" -Unattended -WarningsAsErrors -installed
[2019.06.01-21.26.38:349][366]CompilerResultsLog: Reflection code generated for MajorProjectEditor in 6,6165474 seconds
[2019.06.01-21.26.38:349][366]CompilerResultsLog: Using Visual Studio 2019 14.21.27702 toolchain (D:\Programms\VS\VC\Tools\MSVC\14.21.27702) and Windows 10.0.17763.0 SDK (C:\Program Files (x86)\Windows Kits\10).
[2019.06.01-21.26.38:349][366]CompilerResultsLog: Building 4 actions with 12 processes...
[2019.06.01-21.26.38:349][366]CompilerResultsLog:   [1/4] MPGameModeBase.cpp
[2019.06.01-21.26.38:349][366]CompilerResultsLog:   [2/4] UE4Editor-MajorProject-8724.lib
[2019.06.01-21.26.38:349][366]CompilerResultsLog:      Bibliothek "D:\Projekte\MajorProject_3.0\MajorProject\Intermediate\Build\Win64\UE4Editor\Development\MajorProject\UE4Editor-MajorProject-8724.lib" und Objekt "D:\Projekte\MajorProject_3.0\MajorProject\Intermediate\Build\Win64\UE4Editor\Development\MajorProject\UE4Editor-MajorProject-8724.exp" werden erstellt.
[2019.06.01-21.26.38:349][366]CompilerResultsLog:   [3/4] UE4Editor-MajorProject-8724.dll
[2019.06.01-21.26.38:349][366]CompilerResultsLog:      Bibliothek "D:\Projekte\MajorProject_3.0\MajorProject\Intermediate\Build\Win64\UE4Editor\Development\MajorProject\UE4Editor-MajorProject-8724.suppressed.lib" und Objekt "D:\Projekte\MajorProject_3.0\MajorProject\Intermediate\Build\Win64\UE4Editor\Development\MajorProject\UE4Editor-MajorProject-8724.suppressed.exp" werden erstellt.
[2019.06.01-21.26.38:349][366]CompilerResultsLog:   [4/4] MajorProjectEditor.target
[2019.06.01-21.26.38:349][366]CompilerResultsLog: Total time in Parallel executor: 184,12 seconds
[2019.06.01-21.26.38:349][366]CompilerResultsLog: Total execution time: 192,07 seconds
[2019.06.01-21.26.38:349][366]LogMainFrame: MainFrame: Module compiling took 192.200 seconds
[2019.06.01-21.26.38:380][366]LogUObjectHash: Compacting FUObjectHashTables data took   3.10ms
[2019.06.01-21.26.39:841][366]LogClass: Could not find existing class MPGameModeBase in package /Script/MajorProject for HotReload, assuming new class
[2019.06.01-21.26.39:841][366]LogClass: EnemyRound HotReload.
[2019.06.01-21.26.39:841][366]LogClass: EnemyWave HotReload.
[2019.06.01-21.26.39:846][366]LogHotReload: Re-instancing MPGameModeBase after hot-reload.
[2019.06.01-21.26.39:932][366]LogContentBrowser: Native class hierarchy updated for 'MajorProject' in 0.0008 seconds. Added 4 classes and 6 folders.
[2019.06.01-21.26.39:934][366]Display: HotReload successful (5 functions remapped  2 scriptstructs remapped)
[2019.06.01-21.26.39:987][366]LogUObjectHash: Compacting FUObjectHashTables data took   0.99ms
[2019.06.01-21.26.40:002][366]LogContentBrowser: Native class hierarchy populated in 0.0097 seconds. Added 2737 classes and 667 folders.
[2019.06.01-21.26.40:002][366]Display: HotReload took 193.9s.
[2019.06.01-21.29.12:893][557]LogAssetEditorManager: Opening Asset editor for Blueprint /Game/Base/BP_MPGameModeBase.BP_MPGameModeBase
[2019.06.01-21.29.13:650][557]LogContentBrowser: Native class hierarchy updated for 'BlueprintGraph' in 0.0006 seconds. Added 121 classes and 0 folders.
[2019.06.01-21.29.14:955][557]LogSlate: Window 'Add Blueprint Class' being destroyed
[2019.06.01-21.29.15:190][557]LogRenderer: Reallocating scene render targets to support 1616x1260 Format 10 NumSamples 1 (Frame:1).
[2019.06.01-21.29.38:494][227]Cmd: OBJ SAVEPACKAGE PACKAGE="/Game/Base/BP_MPGameModeBase" FILE="../../../../../Projekte/MajorProject_3.0/MajorProject/Content/Base/BP_MPGameModeBase.uasset" SILENT=true
[2019.06.01-21.29.38:499][227]LogSavePackage: Moving '../../../../../Projekte/MajorProject_3.0/MajorProject/Saved/BP_MPGameModeBase9A4A545B401F7F6D9D6E3CB91C4EFE55.tmp' to '../../../../../Projekte/MajorProject_3.0/MajorProject/Content/Base/BP_MPGameModeBase.uasset'
[2019.06.01-21.29.50:255][557]LogLinker: Warning: CreateExport: Failed to load Parent for BlueprintGeneratedClass /Game/Base/BP_MPGamemode.BP_MPGamemode_C
[2019.06.01-21.29.50:255][557]LogLinker: Warning: CreateExport: Failed to load Parent for BlueprintGeneratedClass /Game/Base/BP_MPGamemode.BP_MPGamemode_C
[2019.06.01-21.29.50:255][557]LogLinker: Warning: CreateExport: Failed to load Parent for BlueprintGeneratedClass /Game/Base/BP_MPGamemode.BP_MPGamemode_C
[2019.06.01-21.29.50:255][557]LogLinker: Warning: Unable to load Default__BP_MPGamemode_C with outer Package /Game/Base/BP_MPGamemode because its class does not exist
[2019.06.01-21.29.50:255][557]LogLinker: Warning: CreateExport: Failed to load Parent for BlueprintGeneratedClass /Game/Base/BP_MPGamemode.BP_MPGamemode_C
[2019.06.01-21.29.50:255][557]LogLinker: Warning: CreateExport: Failed to load Parent for BlueprintGeneratedClass /Game/Base/BP_MPGamemode.BP_MPGamemode_C
[2019.06.01-21.29.50:256][557]LogLinker: Warning: CreateExport: Failed to load Parent for BlueprintGeneratedClass /Game/Base/BP_MPGamemode.BP_MPGamemode_C
[2019.06.01-21.29.50:256][557]LogLinker: Warning: CreateExport: Failed to load Parent for BlueprintGeneratedClass /Game/Base/BP_MPGamemode.BP_MPGamemode_C
[2019.06.01-21.29.50:256][557]LogLinker: Warning: CreateExport: Failed to load Parent for BlueprintGeneratedClass /Game/Base/BP_MPGamemode.BP_MPGamemode_C
[2019.06.01-21.29.50:256][557]LogLinker: Warning: CreateExport: Failed to load Parent for BlueprintGeneratedClass /Game/Base/BP_MPGamemode.BP_MPGamemode_C
[2019.06.01-21.29.50:256][557]LogLinker: Warning: CreateExport: Failed to load Parent for BlueprintGeneratedClass /Game/Base/BP_MPGamemode.BP_MPGamemode_C
[2019.06.01-21.29.50:305][557]LogUObjectHash: Compacting FUObjectHashTables data took   2.88ms
[2019.06.01-21.29.58:367][557]LogSlate: Window 'Delete Assets' being destroyed
[2019.06.01-21.29.58:557][557]LogUObjectHash: Compacting FUObjectHashTables data took   1.61ms
[2019.06.01-21.29.58:588][557]LogUObjectHash: Compacting FUObjectHashTables data took   1.41ms
[2019.06.01-21.29.58:616][557]LogUObjectHash: Compacting FUObjectHashTables data took   0.62ms
[2019.06.01-21.29.58:616][557]LoadErrors: Warning: CreateExport: Failed to load Outer for resource 'UberGraphFrame': BlueprintGeneratedClass /Game/Base/BP_MPGamemode.BP_MPGamemode_C
[2019.06.01-21.29.58:616][557]LoadErrors: Warning: CreateExport: Failed to load Outer for resource 'ExecuteUbergraph_BP_MPGamemode': BlueprintGeneratedClass /Game/Base/BP_MPGamemode.BP_MPGamemode_C
[2019.06.01-21.29.58:616][557]LoadErrors: Warning: CreateExport: Failed to load Outer for resource 'EntryPoint': Function /Game/Base/BP_MPGamemode.BP_MPGamemode_C:ExecuteUbergraph_BP_MPGamemode
[2019.06.01-21.29.58:616][557]LoadErrors: Warning: CreateExport: Failed to load Outer for resource 'ReceiveBeginPlay': BlueprintGeneratedClass /Game/Base/BP_MPGamemode.BP_MPGamemode_C
[2019.06.01-21.29.58:616][557]LoadErrors: Warning: CreateExport: Failed to load Outer for resource 'DefaultSceneRoot': BlueprintGeneratedClass /Game/Base/BP_MPGamemode.BP_MPGamemode_C
[2019.06.01-21.29.58:616][557]LoadErrors: Warning: CreateExport: Failed to load Outer for resource 'DefaultSceneRoot_GEN_VARIABLE': BlueprintGeneratedClass /Game/Base/BP_MPGamemode.BP_MPGamemode_C
[2019.06.01-21.29.58:616][557]LoadErrors: Warning: CreateExport: Failed to load Outer for resource 'SimpleConstructionScript_0': BlueprintGeneratedClass /Game/Base/BP_MPGamemode.BP_MPGamemode_C
[2019.06.01-21.29.58:616][557]LoadErrors: Warning: CreateExport: Failed to load Outer for resource 'SCS_Node_0': SimpleConstructionScript /Game/Base/BP_MPGamemode.BP_MPGamemode_C:SimpleConstructionScript_0
[2019.06.01-21.32.13:196][ 94]Candidate modules for hot reload:
[2019.06.01-21.32.13:196][ 94]  MajorProject
[2019.06.01-21.32.13:197][ 94]Launching UnrealBuildTool... [D:/Programms/UE_4.22/Engine/Binaries/DotNET/UnrealBuildTool.exe  -ModuleWithSuffix=MajorProject,1882 Win64 Development -TargetType=Editor -Project="D:/Projekte/MajorProject_3.0/MajorProject/MajorProject.uproject" "D:/Projekte/MajorProject_3.0/MajorProject/MajorProject.uproject"  -IgnoreJunk]
[2019.06.01-21.32.13:198][ 94]Warning: Starting HotReload took  0.1s.
[2019.06.01-21.32.43:440][207]CompilerResultsLog: New page: Compilation - 02.06.2019 01:32:43
[2019.06.01-21.32.43:440][207]CompilerResultsLog: Using 'git status' to determine working set for adaptive non-unity build (D:\Projekte\MajorProject_3.0).
[2019.06.01-21.32.43:440][207]CompilerResultsLog: Creating makefile for MajorProjectEditor (ini files are newer than makefile)
[2019.06.01-21.32.43:440][207]CompilerResultsLog: Parsing headers for MajorProjectEditor
[2019.06.01-21.32.43:440][207]CompilerResultsLog:   Running UnrealHeaderTool "D:\Projekte\MajorProject_3.0\MajorProject\MajorProject.uproject" "D:\Projekte\MajorProject_3.0\MajorProject\Intermediate\Build\Win64\MajorProjectEditor\Development\MajorProjectEditor.uhtmanifest" -LogCmds="loginit warning, logexit warning, logdatabase error" -Unattended -WarningsAsErrors -installed
[2019.06.01-21.32.43:440][207]CompilerResultsLog: Reflection code generated for MajorProjectEditor in 4,8932323 seconds
[2019.06.01-21.32.43:441][207]CompilerResultsLog: Using Visual Studio 2019 14.21.27702 toolchain (D:\Programms\VS\VC\Tools\MSVC\14.21.27702) and Windows 10.0.17763.0 SDK (C:\Program Files (x86)\Windows Kits\10).
[2019.06.01-21.32.43:441][207]CompilerResultsLog: Building 6 actions with 12 processes...
[2019.06.01-21.32.43:441][207]CompilerResultsLog:   [1/6] MajorProject.init.gen.cpp
[2019.06.01-21.32.43:441][207]CompilerResultsLog:   [2/6] MPGameModeBase.gen.cpp
[2019.06.01-21.32.43:441][207]CompilerResultsLog:   [3/6] MPGameModeBase.cpp
[2019.06.01-21.32.43:441][207]CompilerResultsLog:   [4/6] UE4Editor-MajorProject-1882.lib
[2019.06.01-21.32.43:441][207]CompilerResultsLog:      Bibliothek "D:\Projekte\MajorProject_3.0\MajorProject\Intermediate\Build\Win64\UE4Editor\Development\MajorProject\UE4Editor-MajorProject-1882.lib" und Objekt "D:\Projekte\MajorProject_3.0\MajorProject\Intermediate\Build\Win64\UE4Editor\Development\MajorProject\UE4Editor-MajorProject-1882.exp" werden erstellt.
[2019.06.01-21.32.43:441][207]CompilerResultsLog:   [5/6] UE4Editor-MajorProject-1882.dll
[2019.06.01-21.32.43:441][207]CompilerResultsLog:      Bibliothek "D:\Projekte\MajorProject_3.0\MajorProject\Intermediate\Build\Win64\UE4Editor\Development\MajorProject\UE4Editor-MajorProject-1882.suppressed.lib" und Objekt "D:\Projekte\MajorProject_3.0\MajorProject\Intermediate\Build\Win64\UE4Editor\Development\MajorProject\UE4Editor-MajorProject-1882.suppressed.exp" werden erstellt.
[2019.06.01-21.32.43:441][207]CompilerResultsLog:   [6/6] MajorProjectEditor.target
[2019.06.01-21.32.43:441][207]CompilerResultsLog: Total time in Parallel executor: 23,79 seconds
[2019.06.01-21.32.43:441][207]CompilerResultsLog: Total execution time: 30,10 seconds
[2019.06.01-21.32.43:441][207]LogMainFrame: MainFrame: Module compiling took 30.266 seconds
[2019.06.01-21.32.43:466][207]LogUObjectHash: Compacting FUObjectHashTables data took   0.65ms
[2019.06.01-21.32.43:467][207]LogBlueprintActionDatabase: Requesting refresh due to module change: MajorProject (unloaded)
[2019.06.01-21.32.44:693][207]LogClass: Could not find existing class MPGameModeBase in package /Script/MajorProject for HotReload, assuming new class
[2019.06.01-21.32.44:693][207]LogClass: EnemyRound HotReload.
[2019.06.01-21.32.44:693][207]LogClass: EnemyWave HotReload.
[2019.06.01-21.32.44:701][207]LogHotReload: Re-instancing MPGameModeBase after hot-reload.
[2019.06.01-21.32.44:927][207]LogBlueprintActionDatabase: Requesting refresh due to module change: MajorProject (loaded)
[2019.06.01-21.32.44:927][207]LogContentBrowser: Native class hierarchy updated for 'MajorProject' in 0.0004 seconds. Added 4 classes and 6 folders.
[2019.06.01-21.32.44:931][207]Display: HotReload successful (5 functions remapped  2 scriptstructs remapped)
[2019.06.01-21.32.44:983][207]LogUObjectHash: Compacting FUObjectHashTables data took   2.47ms
[2019.06.01-21.32.44:983][207]LogBlueprintActionDatabase: Requesting refresh due to hot reload
[2019.06.01-21.32.44:996][207]LogContentBrowser: Native class hierarchy populated in 0.0070 seconds. Added 2737 classes and 667 folders.
[2019.06.01-21.32.44:996][207]Display: HotReload took 31.9s.
[2019.06.01-21.34.10:431][835]BlueprintLog: New page: Compile BP_MPGameModeBase
[2019.06.01-21.34.10:604][835]LogUObjectHash: Compacting FUObjectHashTables data took   4.95ms
[2019.06.01-21.35.00:434][268]LogUObjectHash: Compacting FUObjectHashTables data took   2.91ms
[2019.06.01-21.35.00:434][268]LogFileHelpers: Editor autosave (incl. sublevels) for '/Game/Level/Start' took 0.082
[2019.06.01-21.35.00:435][268]OBJ SavePackage: Generating thumbnails for [0] asset(s) in package [/Game/Base/BP_MPGameModeBase] ([1] browsable assets)...
[2019.06.01-21.35.00:435][268]OBJ SavePackage: Finished generating thumbnails for package [/Game/Base/BP_MPGameModeBase]
[2019.06.01-21.35.00:495][268]LogSavePackage: Moving '../../../../../Projekte/MajorProject_3.0/MajorProject/Saved/BP_MPGameModeBase_Auto23A4159FD4AA27C9907AEA78B320D1BE4.tmp' to '../../../../../Projekte/MajorProject_3.0/MajorProject/Saved/Autosaves/Game/Base/BP_MPGameModeBase_Auto2.uasset'
[2019.06.01-21.35.00:496][268]LogFileHelpers: Auto-saving content packages took 0.061
[2019.06.01-21.37.55:319][160]LogSlate: Prevented a slow task dialog from being summoned while a context menu was open
[2019.06.01-21.38.09:743][435]LogSlate: Prevented a slow task dialog from being summoned while a context menu was open
[2019.06.01-21.38.15:568][572]BlueprintLog: New page: Compile BP_MPGameModeBase
[2019.06.01-21.38.15:732][572]LogUObjectHash: Compacting FUObjectHashTables data took   2.98ms
[2019.06.01-21.38.18:269][619]Cmd: OBJ SAVEPACKAGE PACKAGE="/Game/Base/BP_MPGameModeBase" FILE="../../../../../Projekte/MajorProject_3.0/MajorProject/Content/Base/BP_MPGameModeBase.uasset" SILENT=true
[2019.06.01-21.38.18:276][619]LogSavePackage: Moving '../../../../../Projekte/MajorProject_3.0/MajorProject/Saved/BP_MPGameModeBase53B72BD84AC220FD0066E39C55C4A610.tmp' to '../../../../../Projekte/MajorProject_3.0/MajorProject/Content/Base/BP_MPGameModeBase.uasset'
[2019.06.01-21.38.21:250][683]Candidate modules for hot reload:
[2019.06.01-21.38.21:250][683]  MajorProject
[2019.06.01-21.38.21:251][683]Launching UnrealBuildTool... [D:/Programms/UE_4.22/Engine/Binaries/DotNET/UnrealBuildTool.exe  -ModuleWithSuffix=MajorProject,9565 Win64 Development -TargetType=Editor -Project="D:/Projekte/MajorProject_3.0/MajorProject/MajorProject.uproject" "D:/Projekte/MajorProject_3.0/MajorProject/MajorProject.uproject"  -IgnoreJunk]
[2019.06.01-21.38.21:252][683]Warning: Starting HotReload took  0.1s.
[2019.06.01-21.38.30:689][816]CompilerResultsLog: New page: Compilation - 02.06.2019 01:38:30
[2019.06.01-21.38.30:689][816]CompilerResultsLog: Using 'git status' to determine working set for adaptive non-unity build (D:\Projekte\MajorProject_3.0).
[2019.06.01-21.38.30:689][816]CompilerResultsLog: Creating makefile for MajorProjectEditor (ini files are newer than makefile)
[2019.06.01-21.38.30:689][816]CompilerResultsLog: Parsing headers for MajorProjectEditor
[2019.06.01-21.38.30:689][816]CompilerResultsLog:   Running UnrealHeaderTool "D:\Projekte\MajorProject_3.0\MajorProject\MajorProject.uproject" "D:\Projekte\MajorProject_3.0\MajorProject\Intermediate\Build\Win64\MajorProjectEditor\Development\MajorProjectEditor.uhtmanifest" -LogCmds="loginit warning, logexit warning, logdatabase error" -Unattended -WarningsAsErrors -installed
[2019.06.01-21.38.30:689][816]CompilerResultsLog: Reflection code generated for MajorProjectEditor in 6,5004085 seconds
[2019.06.01-21.38.30:689][816]CompilerResultsLog: Using Visual Studio 2019 14.21.27702 toolchain (D:\Programms\VS\VC\Tools\MSVC\14.21.27702) and Windows 10.0.17763.0 SDK (C:\Program Files (x86)\Windows Kits\10).
[2019.06.01-21.38.30:689][816]CompilerResultsLog: Building 3 actions with 12 processes...
[2019.06.01-21.38.30:689][816]CompilerResultsLog:   [1/3] UE4Editor-MajorProject-9565.lib
[2019.06.01-21.38.30:689][816]CompilerResultsLog:      Bibliothek "D:\Projekte\MajorProject_3.0\MajorProject\Intermediate\Build\Win64\UE4Editor\Development\MajorProject\UE4Editor-MajorProject-9565.lib" und Objekt "D:\Projekte\MajorProject_3.0\MajorProject\Intermediate\Build\Win64\UE4Editor\Development\MajorProject\UE4Editor-MajorProject-9565.exp" werden erstellt.
[2019.06.01-21.38.30:689][816]CompilerResultsLog:   [2/3] UE4Editor-MajorProject-9565.dll
[2019.06.01-21.38.30:689][816]CompilerResultsLog:      Bibliothek "D:\Projekte\MajorProject_3.0\MajorProject\Intermediate\Build\Win64\UE4Editor\Development\MajorProject\UE4Editor-MajorProject-9565.suppressed.lib" und Objekt "D:\Projekte\MajorProject_3.0\MajorProject\Intermediate\Build\Win64\UE4Editor\Development\MajorProject\UE4Editor-MajorProject-9565.suppressed.exp" werden erstellt.
[2019.06.01-21.38.30:689][816]CompilerResultsLog:   [3/3] MajorProjectEditor.target
[2019.06.01-21.38.30:689][816]CompilerResultsLog: Total time in Parallel executor: 1,17 seconds
[2019.06.01-21.38.30:689][816]CompilerResultsLog: Total execution time: 9,13 seconds
[2019.06.01-21.38.30:689][816]LogMainFrame: MainFrame: Module compiling took 9.483 seconds
[2019.06.01-21.38.30:721][816]LogUObjectHash: Compacting FUObjectHashTables data took   2.41ms
[2019.06.01-21.38.30:723][816]LogBlueprintActionDatabase: Requesting refresh due to module change: MajorProject (unloaded)
[2019.06.01-21.38.31:975][816]LogClass: EnemyRound HotReload.
[2019.06.01-21.38.31:975][816]LogClass: EnemyWave HotReload.
[2019.06.01-21.38.31:981][816]LogBlueprintActionDatabase: Requesting refresh due to module change: MajorProject (loaded)
[2019.06.01-21.38.31:981][816]LogContentBrowser: Native class hierarchy updated for 'MajorProject' in 0.0005 seconds. Added 4 classes and 6 folders.
[2019.06.01-21.38.31:985][816]Display: HotReload successful (5 functions remapped  2 scriptstructs remapped)
[2019.06.01-21.38.32:046][816]LogUObjectHash: Compacting FUObjectHashTables data took   1.51ms
[2019.06.01-21.38.32:047][816]LogBlueprintActionDatabase: Requesting refresh due to hot reload
[2019.06.01-21.38.32:060][816]LogContentBrowser: Native class hierarchy populated in 0.0068 seconds. Added 2737 classes and 667 folders.
[2019.06.01-21.38.32:060][816]Display: HotReload took 10.9s.
[2019.06.01-21.46.40:408][325]Cmd: OBJ SAVEPACKAGE PACKAGE="/Game/Base/BP_MPGameModeBase" FILE="../../../../../Projekte/MajorProject_3.0/MajorProject/Content/Base/BP_MPGameModeBase.uasset" SILENT=true
[2019.06.01-21.46.40:416][325]LogSavePackage: Moving '../../../../../Projekte/MajorProject_3.0/MajorProject/Saved/BP_MPGameModeBaseE0E025B9427345107E8B1BA4AB00EF37.tmp' to '../../../../../Projekte/MajorProject_3.0/MajorProject/Content/Base/BP_MPGameModeBase.uasset'
[2019.06.01-21.46.42:583][387]LogSlate: Window 'BP_MPGameModeBase' being destroyed
[2019.06.01-21.46.42:619][387]LogSlate: Window 'BP_MPGameModeBase' being destroyed
