Log file open, 07/23/19 12:38:58
LogWindows: Failed to load 'aqProf.dll' (GetLastError=126)
LogWindows: File 'aqProf.dll' does not exist
LogWindows: Failed to load 'VtuneApi.dll' (GetLastError=126)
LogWindows: File 'VtuneApi.dll' does not exist
LogWindows: Failed to load 'VtuneApi32e.dll' (GetLastError=126)
LogWindows: File 'VtuneApi32e.dll' does not exist
LogConsoleResponse: Display: Failed to find resolution value strings in scalability ini. Falling back to default.
LogInit: Display: Running engine for game: MajorProject
LogPakFile: Registered encryption key '00000000000000000000000000000000': 0 pak files mounted, 0 remain pending
LogPlatformFile: Not using cached read wrapper
LogTaskGraph: Started task graph with 5 named threads and 23 total threads with 3 sets of task threads.
LogStats: Stats thread started at 0.266211
LogD3D11RHI: Loaded GFSDK_Aftermath_Lib.x64.dll
LogICUInternationalization: ICU TimeZone Detection - Raw Offset: +1:00, Platform Override: ''
LogPluginManager: Mounting plugin Paper2D
LogPluginManager: Mounting plugin AISupport
LogPluginManager: Mounting plugin LightPropagationVolume
LogPluginManager: Mounting plugin ActorLayerUtilities
LogPluginManager: Mounting plugin AnimationSharing
LogPluginManager: Mounting plugin CLionSourceCodeAccess
LogPluginManager: Mounting plugin CodeLiteSourceCodeAccess
LogPluginManager: Mounting plugin GitSourceControl
LogPluginManager: Mounting plugin KDevelopSourceCodeAccess
LogPluginManager: Mounting plugin NullSourceCodeAccess
LogPluginManager: Mounting plugin PerforceSourceControl
LogPluginManager: Mounting plugin SubversionSourceControl
LogPluginManager: Mounting plugin UObjectPlugin
LogPluginManager: Mounting plugin VisualStudioCodeSourceCodeAccess
LogPluginManager: Mounting plugin VisualStudioSourceCodeAccess
LogPluginManager: Mounting plugin XCodeSourceCodeAccess
LogPluginManager: Mounting plugin AssetManagerEditor
LogPluginManager: Mounting plugin CryptoKeys
LogPluginManager: Mounting plugin DataValidation
LogPluginManager: Mounting plugin FacialAnimation
LogPluginManager: Mounting plugin GameplayTagsEditor
LogPluginManager: Mounting plugin MacGraphicsSwitching
LogPluginManager: Mounting plugin MaterialAnalyzer
LogPluginManager: Mounting plugin MobileLauncherProfileWizard
LogPluginManager: Mounting plugin PluginBrowser
LogPluginManager: Mounting plugin SpeedTreeImporter
LogPluginManager: Mounting plugin DatasmithContent
LogPluginManager: Mounting plugin VariantManagerContent
LogPluginManager: Mounting plugin AlembicImporter
LogPluginManager: Mounting plugin AppleImageUtils
LogPluginManager: Mounting plugin AppleVision
LogPluginManager: Mounting plugin BackChannel
LogPluginManager: Mounting plugin CharacterAI
LogPluginManager: Mounting plugin GeometryCache
LogPluginManager: Mounting plugin HTML5Networking
LogPluginManager: Mounting plugin ProxyLODPlugin
LogPluginManager: Mounting plugin SkeletalReduction
LogPluginManager: Mounting plugin MagicLeap
LogPluginManager: Mounting plugin MagicLeapMedia
LogPluginManager: Mounting plugin PathFollow
LogPluginManager: Mounting plugin AndroidMedia
LogPluginManager: Mounting plugin AvfMedia
LogPluginManager: Mounting plugin ImgMedia
LogPluginManager: Mounting plugin LinearTimecode
LogPluginManager: Mounting plugin MediaCompositing
LogPluginManager: Mounting plugin MediaPlayerEditor
LogPluginManager: Mounting plugin WebMMedia
LogPluginManager: Mounting plugin WmfMedia
LogPluginManager: Mounting plugin TcpMessaging
LogPluginManager: Mounting plugin UdpMessaging
LogPluginManager: Mounting plugin ActorSequence
LogPluginManager: Mounting plugin LevelSequenceEditor
LogPluginManager: Mounting plugin MatineeToLevelSequence
LogPluginManager: Mounting plugin NetcodeUnitTest
LogPluginManager: Mounting plugin NUTUnrealEngine4
LogPluginManager: Mounting plugin OnlineSubsystemGooglePlay
LogPluginManager: Mounting plugin OnlineSubsystemIOS
LogPluginManager: Mounting plugin OnlineSubsystem
LogPluginManager: Mounting plugin OnlineSubsystemNull
LogPluginManager: Mounting plugin OnlineSubsystemUtils
LogPluginManager: Mounting plugin LauncherChunkInstaller
LogPluginManager: Mounting plugin AndroidDeviceProfileSelector
LogPluginManager: Mounting plugin AndroidMoviePlayer
LogPluginManager: Mounting plugin AndroidPermission
LogPluginManager: Mounting plugin AppleMoviePlayer
LogPluginManager: Mounting plugin ArchVisCharacter
LogPluginManager: Mounting plugin AudioCapture
LogPluginManager: Mounting plugin CableComponent
LogPluginManager: Mounting plugin CustomMeshComponent
LogPluginManager: Mounting plugin EditableMesh
LogPluginManager: Mounting plugin ExampleDeviceProfileSelector
LogPluginManager: Mounting plugin Firebase
LogPluginManager: Mounting plugin GoogleCloudMessaging
LogPluginManager: Mounting plugin IOSDeviceProfileSelector
LogPluginManager: Mounting plugin LinuxDeviceProfileSelector
LogPluginManager: Mounting plugin LocationServicesBPLibrary
LogPluginManager: Mounting plugin MobilePatchingUtils
LogPluginManager: Mounting plugin OculusVR
LogPluginManager: Mounting plugin PhysXVehicles
LogPluginManager: Mounting plugin ProceduralMeshComponent
LogPluginManager: Mounting plugin RuntimePhysXCooking
LogPluginManager: Mounting plugin SignificanceManager
LogPluginManager: Mounting plugin SteamVR
LogPluginManager: Mounting plugin WebMMoviePlayer
LogPluginManager: Mounting plugin WindowsMoviePlayer
LogInit: Warning: Incompatible or missing module: MajorProject
Running C:/Program Files/Epic Games/UE_4.22/Engine/Binaries/DotNET/UnrealBuildTool.exe Development Win64 -Project="D:/Adi Custovic/MajorProject_3.0/MajorProject/MajorProject.uproject" -TargetType=Editor -Progress -NoHotReloadFromIDE
Using 'git status' to determine working set for adaptive non-unity build (D:\Adi Custovic\MajorProject_3.0).
Creating makefile for MajorProjectEditor (no existing makefile)
@progress push 5%
Parsing headers for MajorProjectEditor
  Running UnrealHeaderTool "D:\Adi Custovic\MajorProject_3.0\MajorProject\MajorProject.uproject" "D:\Adi Custovic\MajorProject_3.0\MajorProject\Intermediate\Build\Win64\MajorProjectEditor\Development\MajorProjectEditor.uhtmanifest" -LogCmds="loginit warning, logexit warning, logdatabase error" -Unattended -WarningsAsErrors -installed
Reflection code generated for MajorProjectEditor in 5.2321347 seconds
@progress pop
Using Visual Studio 2017 14.16.27023 toolchain (C:\Program Files (x86)\Microsoft Visual Studio\2017\Enterprise\VC\Tools\MSVC\14.16.27023) and Windows 10.0.16299.0 SDK (C:\Program Files (x86)\Windows Kits\10).
Building 22 actions with 8 processes...
  @progress 'Compiling C++ source code...' 0%
  @progress 'Compiling C++ source code...' 5%
  [1/22] Default.rc2
  @progress 'Compiling C++ source code...' 9%
  [2/22] SharedPCH.Engine.cpp
  @progress 'Compiling C++ source code...' 14%
  [3/22] Weapon.cpp
  @progress 'Compiling C++ source code...' 18%
  [4/22] EnemySpawnPoint.cpp
  @progress 'Compiling C++ source code...' 23%
  [5/22] EnemySpawnPoint.gen.cpp
  @progress 'Compiling C++ source code...' 27%
  [6/22] FPSPlayerPawn.cpp
  D:\Adi Custovic\MajorProject_3.0\MajorProject\Source\MajorProject\Player\FPSPlayerPawn.cpp(180): error C2065: 'FTr': undeclared identifier
  D:\Adi Custovic\MajorProject_3.0\MajorProject\Source\MajorProject\Player\FPSPlayerPawn.cpp(267): warning C4996: 'USceneComponent::AttachTo': This function is deprecated, please use AttachToComponent instead. Please update your code to the new API before upgrading to the next release, otherwise your project will no longer compile.
  C:\Program Files\Epic Games\UE_4.22\Engine\Source\Runtime\Engine\Classes\Components/SceneComponent.h(659): note: see declaration of 'USceneComponent::AttachTo'
  @progress 'Compiling C++ source code...' 32%
  [7/22] VRPlayerPawn.cpp
  @progress 'Compiling C++ source code...' 36%
  [8/22] WeaponSpawnPoint.cpp
  @progress 'Compiling C++ source code...' 41%
  [9/22] MPGameModeBase.cpp
  @progress 'Compiling C++ source code...' 45%
  [10/22] MajorProject.init.gen.cpp
  @progress 'Compiling C++ source code...' 50%
  [11/22] FPSPlayerPawn.gen.cpp
  @progress 'Compiling C++ source code...' 55%
  [12/22] MPGameModeBase.gen.cpp
  @progress 'Compiling C++ source code...' 59%
  [13/22] Weapon.gen.cpp
  @progress 'Compiling C++ source code...' 64%
  [14/22] WeaponSpawnPoint.gen.cpp
  @progress 'Compiling C++ source code...' 68%
  [15/22] Structs.gen.cpp
  @progress 'Compiling C++ source code...' 73%
  [16/22] VRPlayerPawn.gen.cpp
  @progress 'Compiling C++ source code...' 77%
  [17/22] MajorProject.cpp
  @progress 'Compiling C++ source code...' 82%
  [18/22] Enemy.gen.cpp
  @progress 'Compiling C++ source code...' 86%
  [19/22] Enemy.cpp
LogInit: Warning: Still incompatible or missing module: MajorProject
LogExit: Preparing to exit.
LogModuleManager: Shutting down and abandoning module DesktopPlatform (40)
LogModuleManager: Shutting down and abandoning module AnimationModifiers (38)
LogModuleManager: Shutting down and abandoning module PropertyEditor (37)
LogModuleManager: Shutting down and abandoning module AudioEditor (34)
LogModuleManager: Shutting down and abandoning module TextureCompressor (32)
LogModuleManager: Shutting down and abandoning module RenderCore (30)
LogModuleManager: Shutting down and abandoning module Landscape (28)
LogModuleManager: Shutting down and abandoning module SlateRHIRenderer (26)
LogModuleManager: Shutting down and abandoning module OpenGLDrv (24)
LogModuleManager: Shutting down and abandoning module D3D11RHI (22)
LogModuleManager: Shutting down and abandoning module AnimGraphRuntime (20)
LogModuleManager: Shutting down and abandoning module Renderer (18)
LogModuleManager: Shutting down and abandoning module Engine (16)
LogModuleManager: Shutting down and abandoning module CoreUObject (14)
LogModuleManager: Shutting down and abandoning module NetworkFile (12)
LogModuleManager: Shutting down and abandoning module CookedIterativeFile (10)
LogModuleManager: Shutting down and abandoning module StreamingFile (8)
LogModuleManager: Shutting down and abandoning module SandboxFile (6)
LogModuleManager: Shutting down and abandoning module PakFile (4)
LogModuleManager: Shutting down and abandoning module RSA (3)
LogExit: Exiting.
Log file closed, 07/23/19 12:39:56
